#-----------------------------------------------------------
# Vivado v2018.2 (64-bit)
# SW Build 2258646 on Thu Jun 14 20:03:12 MDT 2018
# IP Build 2256618 on Thu Jun 14 22:10:49 MDT 2018
# Start of session at: Sat Mar  2 21:16:36 2019
# Process ID: 5356
# Current directory: c:/works/tcm-fm2/FM2-Pcie-pg195/pci-e2018.03/xdmaprj2/xdma_0_ex
# Command line: vivado.exe -notrace -source c:/works/tcm-fm2/FM2-Pcie-pg195/pci-e2018.03/xdmaprj2/xdma_0_ex/xdma_0_ex.tcl
# Log file: c:/works/tcm-fm2/FM2-Pcie-pg195/pci-e2018.03/xdmaprj2/xdma_0_ex/vivado.log
# Journal file: c:/works/tcm-fm2/FM2-Pcie-pg195/pci-e2018.03/xdmaprj2/xdma_0_ex\vivado.jou
#-----------------------------------------------------------
start_gui
source c:/works/tcm-fm2/FM2-Pcie-pg195/pci-e2018.03/xdmaprj2/xdma_0_ex/xdma_0_ex.tcl -notrace
INFO: [open_example_project] Creating new example project...
INFO: [IP_Flow 19-234] Refreshing IP repositories
INFO: [IP_Flow 19-1704] No user IP repositories specified
INFO: [IP_Flow 19-2313] Loaded Vivado IP repository 'C:/Xilinx/Vivado/2018.2/data/ip'.
create_project: Time (s): cpu = 00:00:24 ; elapsed = 00:00:18 . Memory (MB): peak = 773.930 ; gain = 119.656
INFO: [open_example_project] Importing original IP ...
import_ip: Time (s): cpu = 00:00:16 ; elapsed = 00:00:17 . Memory (MB): peak = 827.016 ; gain = 53.086
reset_target: Time (s): cpu = 00:00:38 ; elapsed = 00:01:11 . Memory (MB): peak = 830.750 ; gain = 3.734
INFO: [open_example_project] Generating the example project IP ...
INFO: [open_example_project] Adding example synthesis HDL files ...
INFO: [open_example_project] Adding example synthesis miscellaneous files ...
INFO: [open_example_project] Adding example XDC files ...
INFO: [open_example_project] Adding simulation HDL files ...
INFO: [open_example_project] Adding simulation miscellaneous files ...
INFO: [open_example_project] Sourcing example extension scripts ...
INFO: [filemgmt 56-101] Creating core container 'c:/works/tcm-fm2/FM2-Pcie-pg195/pci-e2018.03/xdmaprj2/xdma_0_ex/xdma_0_ex.srcs/sources_1/ip/blk_mem_gen_0.xcix' for IP 'blk_mem_gen_0'
INFO: [Device 21-403] Loading part xc7k410tffv900-2
create_ip: Time (s): cpu = 00:00:11 ; elapsed = 00:00:31 . Memory (MB): peak = 1119.879 ; gain = 278.813
INFO: [filemgmt 56-101] Creating core container 'c:/works/tcm-fm2/FM2-Pcie-pg195/pci-e2018.03/xdmaprj2/xdma_0_ex/xdma_0_ex.srcs/sources_1/ip/blk_mem_gen_1.xcix' for IP 'blk_mem_gen_1'
INFO: [IP_Flow 19-1686] Generating 'Instantiation Template' target for IP 'blk_mem_gen_0'...
INFO: [IP_Flow 19-1686] Generating 'Synthesis' target for IP 'blk_mem_gen_0'...
INFO: [IP_Flow 19-1686] Generating 'Simulation' target for IP 'blk_mem_gen_0'...
INFO: [IP_Flow 19-1686] Generating 'Miscellaneous' target for IP 'blk_mem_gen_0'...
INFO: [IP_Flow 19-1686] Generating 'Change Log' target for IP 'blk_mem_gen_0'...
INFO: [IP_Flow 19-1686] Generating 'Instantiation Template' target for IP 'blk_mem_gen_1'...
INFO: [IP_Flow 19-1686] Generating 'Synthesis' target for IP 'blk_mem_gen_1'...
INFO: [IP_Flow 19-1686] Generating 'Simulation' target for IP 'blk_mem_gen_1'...
INFO: [IP_Flow 19-1686] Generating 'Miscellaneous' target for IP 'blk_mem_gen_1'...
INFO: [IP_Flow 19-1686] Generating 'Change Log' target for IP 'blk_mem_gen_1'...
generate_target: Time (s): cpu = 00:00:05 ; elapsed = 00:00:09 . Memory (MB): peak = 1122.703 ; gain = 0.000
INFO: [open_example_project] Rebuilding all the top level IPs ...
WARNING: [Vivado 12-3672] The is_managed property should only be queried on the file object representing this IP. Use the get_files command to access file objects.
WARNING: [Vivado 12-3670] The generate_synth_checkpoint property should only be queried on the file object representing this IP. Use the get_files command to access file objects.
WARNING: [Vivado 12-3672] The is_managed property should only be queried on the file object representing this IP. Use the get_files command to access file objects.
WARNING: [Vivado 12-3670] The generate_synth_checkpoint property should only be queried on the file object representing this IP. Use the get_files command to access file objects.
WARNING: [Vivado 12-3672] The is_managed property should only be queried on the file object representing this IP. Use the get_files command to access file objects.
WARNING: [Vivado 12-3670] The generate_synth_checkpoint property should only be queried on the file object representing this IP. Use the get_files command to access file objects.
WARNING: [SIM-utils-52] IP component XML file does not exist: 'c:/works/tcm-fm2/FM2-Pcie-pg195/pci-e2018.03/xdmaprj2/xdma_0_ex/xdma_0_ex.srcs/sources_1/ip/blk_mem_gen_0/blk_mem_gen_0.xml'
WARNING: [SIM-utils-52] IP component XML file does not exist: 'c:/works/tcm-fm2/FM2-Pcie-pg195/pci-e2018.03/xdmaprj2/xdma_0_ex/xdma_0_ex.srcs/sources_1/ip/blk_mem_gen_1/blk_mem_gen_1.xml'
WARNING: [SIM-utils-52] IP component XML file does not exist: 'c:/works/tcm-fm2/FM2-Pcie-pg195/pci-e2018.03/xdmaprj2/xdma_0_ex/xdma_0_ex.srcs/sources_1/ip/xdma_0/xdma_0.xml'
WARNING: [SIM-utils-52] IP component XML file does not exist: 'c:/works/tcm-fm2/FM2-Pcie-pg195/pci-e2018.03/xdmaprj2/xdma_0_ex/xdma_0_ex.srcs/sources_1/ip/xdma_0/ip_3/pcie2_fifo_generator_dma_cpl.xml'
WARNING: [SIM-utils-52] IP component XML file does not exist: 'c:/works/tcm-fm2/FM2-Pcie-pg195/pci-e2018.03/xdmaprj2/xdma_0_ex/xdma_0_ex.srcs/sources_1/ip/xdma_0/ip_4/pcie2_fifo_generator_tgt_brdg.xml'
WARNING: [SIM-utils-52] IP component XML file does not exist: 'c:/works/tcm-fm2/FM2-Pcie-pg195/pci-e2018.03/xdmaprj2/xdma_0_ex/xdma_0_ex.srcs/sources_1/ip/xdma_0/ip_0/xdma_0_pcie2_ip.xml'
WARNING: [SIM-utils-52] IP component XML file does not exist: 'c:/works/tcm-fm2/FM2-Pcie-pg195/pci-e2018.03/xdmaprj2/xdma_0_ex/xdma_0_ex.srcs/sources_1/ip/xdma_0/ip_2/xdma_v4_1_1_blk_mem_64_noreg_be.xml'
WARNING: [SIM-utils-52] IP component XML file does not exist: 'c:/works/tcm-fm2/FM2-Pcie-pg195/pci-e2018.03/xdmaprj2/xdma_0_ex/xdma_0_ex.srcs/sources_1/ip/xdma_0/ip_1/xdma_v4_1_1_blk_mem_64_reg_be.xml'
INFO: [exportsim-Tcl-35] Exporting simulation files for "XSIM" (Xilinx Vivado Simulator)...
WARNING: [Vivado 12-3672] The is_managed property should only be queried on the file object representing this IP. Use the get_files command to access file objects.
WARNING: [Vivado 12-3670] The generate_synth_checkpoint property should only be queried on the file object representing this IP. Use the get_files command to access file objects.
INFO: [exportsim-Tcl-29] Script generated: 'C:/works/tcm-fm2/FM2-Pcie-pg195/pci-e2018.03/xdmaprj2/xdma_0_ex/xdma_0_ex.ip_user_files/sim_scripts/blk_mem_gen_1/xsim/blk_mem_gen_1.sh'
INFO: [SIM-utils-43] Exported 'C:/works/tcm-fm2/FM2-Pcie-pg195/pci-e2018.03/xdmaprj2/xdma_0_ex/xdma_0_ex.ip_user_files/sim_scripts/blk_mem_gen_1/xsim/summary.log'
INFO: [exportsim-Tcl-35] Exporting simulation files for "MODELSIM" (Mentor Graphics ModelSim Simulator)...
WARNING: [Vivado 12-3672] The is_managed property should only be queried on the file object representing this IP. Use the get_files command to access file objects.
WARNING: [Vivado 12-3670] The generate_synth_checkpoint property should only be queried on the file object representing this IP. Use the get_files command to access file objects.
INFO: [exportsim-Tcl-29] Script generated: 'C:/works/tcm-fm2/FM2-Pcie-pg195/pci-e2018.03/xdmaprj2/xdma_0_ex/xdma_0_ex.ip_user_files/sim_scripts/blk_mem_gen_1/modelsim/blk_mem_gen_1.sh'
INFO: [SIM-utils-43] Exported 'C:/works/tcm-fm2/FM2-Pcie-pg195/pci-e2018.03/xdmaprj2/xdma_0_ex/xdma_0_ex.ip_user_files/sim_scripts/blk_mem_gen_1/modelsim/summary.log'
INFO: [exportsim-Tcl-35] Exporting simulation files for "QUESTA" (Mentor Graphics Questa Advanced Simulator)...
WARNING: [Vivado 12-3672] The is_managed property should only be queried on the file object representing this IP. Use the get_files command to access file objects.
WARNING: [Vivado 12-3670] The generate_synth_checkpoint property should only be queried on the file object representing this IP. Use the get_files command to access file objects.
INFO: [exportsim-Tcl-29] Script generated: 'C:/works/tcm-fm2/FM2-Pcie-pg195/pci-e2018.03/xdmaprj2/xdma_0_ex/xdma_0_ex.ip_user_files/sim_scripts/blk_mem_gen_1/questa/blk_mem_gen_1.sh'
INFO: [SIM-utils-43] Exported 'C:/works/tcm-fm2/FM2-Pcie-pg195/pci-e2018.03/xdmaprj2/xdma_0_ex/xdma_0_ex.ip_user_files/sim_scripts/blk_mem_gen_1/questa/summary.log'
INFO: [exportsim-Tcl-35] Exporting simulation files for "IES" (Cadence Incisive Enterprise Simulator)...
WARNING: [Vivado 12-3672] The is_managed property should only be queried on the file object representing this IP. Use the get_files command to access file objects.
WARNING: [Vivado 12-3670] The generate_synth_checkpoint property should only be queried on the file object representing this IP. Use the get_files command to access file objects.
INFO: [exportsim-Tcl-29] Script generated: 'C:/works/tcm-fm2/FM2-Pcie-pg195/pci-e2018.03/xdmaprj2/xdma_0_ex/xdma_0_ex.ip_user_files/sim_scripts/blk_mem_gen_1/ies/blk_mem_gen_1.sh'
INFO: [SIM-utils-43] Exported 'C:/works/tcm-fm2/FM2-Pcie-pg195/pci-e2018.03/xdmaprj2/xdma_0_ex/xdma_0_ex.ip_user_files/sim_scripts/blk_mem_gen_1/ies/summary.log'
INFO: [exportsim-Tcl-35] Exporting simulation files for "VCS" (Synopsys Verilog Compiler Simulator)...
WARNING: [Vivado 12-3672] The is_managed property should only be queried on the file object representing this IP. Use the get_files command to access file objects.
WARNING: [Vivado 12-3670] The generate_synth_checkpoint property should only be queried on the file object representing this IP. Use the get_files command to access file objects.
INFO: [exportsim-Tcl-29] Script generated: 'C:/works/tcm-fm2/FM2-Pcie-pg195/pci-e2018.03/xdmaprj2/xdma_0_ex/xdma_0_ex.ip_user_files/sim_scripts/blk_mem_gen_1/vcs/blk_mem_gen_1.sh'
INFO: [SIM-utils-43] Exported 'C:/works/tcm-fm2/FM2-Pcie-pg195/pci-e2018.03/xdmaprj2/xdma_0_ex/xdma_0_ex.ip_user_files/sim_scripts/blk_mem_gen_1/vcs/summary.log'
INFO: [exportsim-Tcl-35] Exporting simulation files for "RIVIERA" (Aldec Riviera-PRO Simulator)...
WARNING: [Vivado 12-3672] The is_managed property should only be queried on the file object representing this IP. Use the get_files command to access file objects.
WARNING: [Vivado 12-3670] The generate_synth_checkpoint property should only be queried on the file object representing this IP. Use the get_files command to access file objects.
INFO: [exportsim-Tcl-29] Script generated: 'C:/works/tcm-fm2/FM2-Pcie-pg195/pci-e2018.03/xdmaprj2/xdma_0_ex/xdma_0_ex.ip_user_files/sim_scripts/blk_mem_gen_1/riviera/blk_mem_gen_1.sh'
INFO: [SIM-utils-43] Exported 'C:/works/tcm-fm2/FM2-Pcie-pg195/pci-e2018.03/xdmaprj2/xdma_0_ex/xdma_0_ex.ip_user_files/sim_scripts/blk_mem_gen_1/riviera/summary.log'
INFO: [exportsim-Tcl-35] Exporting simulation files for "ACTIVEHDL" (Aldec Active-HDL Simulator)...
WARNING: [Vivado 12-3672] The is_managed property should only be queried on the file object representing this IP. Use the get_files command to access file objects.
WARNING: [Vivado 12-3670] The generate_synth_checkpoint property should only be queried on the file object representing this IP. Use the get_files command to access file objects.
INFO: [exportsim-Tcl-29] Script generated: 'C:/works/tcm-fm2/FM2-Pcie-pg195/pci-e2018.03/xdmaprj2/xdma_0_ex/xdma_0_ex.ip_user_files/sim_scripts/blk_mem_gen_1/activehdl/blk_mem_gen_1.sh'
INFO: [SIM-utils-43] Exported 'C:/works/tcm-fm2/FM2-Pcie-pg195/pci-e2018.03/xdmaprj2/xdma_0_ex/xdma_0_ex.ip_user_files/sim_scripts/blk_mem_gen_1/activehdl/summary.log'
INFO: [exportsim-Tcl-35] Exporting simulation files for "XCELIUM" (Cadence Xcelium Parallel Simulator)...
WARNING: [Vivado 12-3672] The is_managed property should only be queried on the file object representing this IP. Use the get_files command to access file objects.
WARNING: [Vivado 12-3670] The generate_synth_checkpoint property should only be queried on the file object representing this IP. Use the get_files command to access file objects.
INFO: [exportsim-Tcl-29] Script generated: 'C:/works/tcm-fm2/FM2-Pcie-pg195/pci-e2018.03/xdmaprj2/xdma_0_ex/xdma_0_ex.ip_user_files/sim_scripts/blk_mem_gen_1/xcelium/blk_mem_gen_1.sh'
INFO: [SIM-utils-43] Exported 'C:/works/tcm-fm2/FM2-Pcie-pg195/pci-e2018.03/xdmaprj2/xdma_0_ex/xdma_0_ex.ip_user_files/sim_scripts/blk_mem_gen_1/xcelium/summary.log'
WARNING: [SIM-utils-52] IP component XML file does not exist: 'c:/works/tcm-fm2/FM2-Pcie-pg195/pci-e2018.03/xdmaprj2/xdma_0_ex/xdma_0_ex.srcs/sources_1/ip/blk_mem_gen_0/blk_mem_gen_0.xml'
WARNING: [SIM-utils-52] IP component XML file does not exist: 'c:/works/tcm-fm2/FM2-Pcie-pg195/pci-e2018.03/xdmaprj2/xdma_0_ex/xdma_0_ex.srcs/sources_1/ip/blk_mem_gen_1/blk_mem_gen_1.xml'
WARNING: [SIM-utils-52] IP component XML file does not exist: 'c:/works/tcm-fm2/FM2-Pcie-pg195/pci-e2018.03/xdmaprj2/xdma_0_ex/xdma_0_ex.srcs/sources_1/ip/xdma_0/xdma_0.xml'
WARNING: [SIM-utils-52] IP component XML file does not exist: 'c:/works/tcm-fm2/FM2-Pcie-pg195/pci-e2018.03/xdmaprj2/xdma_0_ex/xdma_0_ex.srcs/sources_1/ip/xdma_0/ip_3/pcie2_fifo_generator_dma_cpl.xml'
WARNING: [SIM-utils-52] IP component XML file does not exist: 'c:/works/tcm-fm2/FM2-Pcie-pg195/pci-e2018.03/xdmaprj2/xdma_0_ex/xdma_0_ex.srcs/sources_1/ip/xdma_0/ip_4/pcie2_fifo_generator_tgt_brdg.xml'
WARNING: [SIM-utils-52] IP component XML file does not exist: 'c:/works/tcm-fm2/FM2-Pcie-pg195/pci-e2018.03/xdmaprj2/xdma_0_ex/xdma_0_ex.srcs/sources_1/ip/xdma_0/ip_0/xdma_0_pcie2_ip.xml'
WARNING: [SIM-utils-52] IP component XML file does not exist: 'c:/works/tcm-fm2/FM2-Pcie-pg195/pci-e2018.03/xdmaprj2/xdma_0_ex/xdma_0_ex.srcs/sources_1/ip/xdma_0/ip_2/xdma_v4_1_1_blk_mem_64_noreg_be.xml'
WARNING: [SIM-utils-52] IP component XML file does not exist: 'c:/works/tcm-fm2/FM2-Pcie-pg195/pci-e2018.03/xdmaprj2/xdma_0_ex/xdma_0_ex.srcs/sources_1/ip/xdma_0/ip_1/xdma_v4_1_1_blk_mem_64_reg_be.xml'
INFO: [exportsim-Tcl-35] Exporting simulation files for "XSIM" (Xilinx Vivado Simulator)...
WARNING: [Vivado 12-3672] The is_managed property should only be queried on the file object representing this IP. Use the get_files command to access file objects.
WARNING: [Vivado 12-3670] The generate_synth_checkpoint property should only be queried on the file object representing this IP. Use the get_files command to access file objects.
INFO: [exportsim-Tcl-29] Script generated: 'C:/works/tcm-fm2/FM2-Pcie-pg195/pci-e2018.03/xdmaprj2/xdma_0_ex/xdma_0_ex.ip_user_files/sim_scripts/blk_mem_gen_0/xsim/blk_mem_gen_0.sh'
INFO: [SIM-utils-43] Exported 'C:/works/tcm-fm2/FM2-Pcie-pg195/pci-e2018.03/xdmaprj2/xdma_0_ex/xdma_0_ex.ip_user_files/sim_scripts/blk_mem_gen_0/xsim/summary.log'
INFO: [exportsim-Tcl-35] Exporting simulation files for "MODELSIM" (Mentor Graphics ModelSim Simulator)...
WARNING: [Vivado 12-3672] The is_managed property should only be queried on the file object representing this IP. Use the get_files command to access file objects.
WARNING: [Vivado 12-3670] The generate_synth_checkpoint property should only be queried on the file object representing this IP. Use the get_files command to access file objects.
INFO: [exportsim-Tcl-29] Script generated: 'C:/works/tcm-fm2/FM2-Pcie-pg195/pci-e2018.03/xdmaprj2/xdma_0_ex/xdma_0_ex.ip_user_files/sim_scripts/blk_mem_gen_0/modelsim/blk_mem_gen_0.sh'
INFO: [SIM-utils-43] Exported 'C:/works/tcm-fm2/FM2-Pcie-pg195/pci-e2018.03/xdmaprj2/xdma_0_ex/xdma_0_ex.ip_user_files/sim_scripts/blk_mem_gen_0/modelsim/summary.log'
INFO: [exportsim-Tcl-35] Exporting simulation files for "QUESTA" (Mentor Graphics Questa Advanced Simulator)...
WARNING: [Vivado 12-3672] The is_managed property should only be queried on the file object representing this IP. Use the get_files command to access file objects.
WARNING: [Vivado 12-3670] The generate_synth_checkpoint property should only be queried on the file object representing this IP. Use the get_files command to access file objects.
INFO: [exportsim-Tcl-29] Script generated: 'C:/works/tcm-fm2/FM2-Pcie-pg195/pci-e2018.03/xdmaprj2/xdma_0_ex/xdma_0_ex.ip_user_files/sim_scripts/blk_mem_gen_0/questa/blk_mem_gen_0.sh'
INFO: [SIM-utils-43] Exported 'C:/works/tcm-fm2/FM2-Pcie-pg195/pci-e2018.03/xdmaprj2/xdma_0_ex/xdma_0_ex.ip_user_files/sim_scripts/blk_mem_gen_0/questa/summary.log'
INFO: [exportsim-Tcl-35] Exporting simulation files for "IES" (Cadence Incisive Enterprise Simulator)...
WARNING: [Vivado 12-3672] The is_managed property should only be queried on the file object representing this IP. Use the get_files command to access file objects.
WARNING: [Vivado 12-3670] The generate_synth_checkpoint property should only be queried on the file object representing this IP. Use the get_files command to access file objects.
INFO: [exportsim-Tcl-29] Script generated: 'C:/works/tcm-fm2/FM2-Pcie-pg195/pci-e2018.03/xdmaprj2/xdma_0_ex/xdma_0_ex.ip_user_files/sim_scripts/blk_mem_gen_0/ies/blk_mem_gen_0.sh'
INFO: [SIM-utils-43] Exported 'C:/works/tcm-fm2/FM2-Pcie-pg195/pci-e2018.03/xdmaprj2/xdma_0_ex/xdma_0_ex.ip_user_files/sim_scripts/blk_mem_gen_0/ies/summary.log'
INFO: [exportsim-Tcl-35] Exporting simulation files for "VCS" (Synopsys Verilog Compiler Simulator)...
WARNING: [Vivado 12-3672] The is_managed property should only be queried on the file object representing this IP. Use the get_files command to access file objects.
WARNING: [Vivado 12-3670] The generate_synth_checkpoint property should only be queried on the file object representing this IP. Use the get_files command to access file objects.
INFO: [exportsim-Tcl-29] Script generated: 'C:/works/tcm-fm2/FM2-Pcie-pg195/pci-e2018.03/xdmaprj2/xdma_0_ex/xdma_0_ex.ip_user_files/sim_scripts/blk_mem_gen_0/vcs/blk_mem_gen_0.sh'
INFO: [SIM-utils-43] Exported 'C:/works/tcm-fm2/FM2-Pcie-pg195/pci-e2018.03/xdmaprj2/xdma_0_ex/xdma_0_ex.ip_user_files/sim_scripts/blk_mem_gen_0/vcs/summary.log'
INFO: [exportsim-Tcl-35] Exporting simulation files for "RIVIERA" (Aldec Riviera-PRO Simulator)...
WARNING: [Vivado 12-3672] The is_managed property should only be queried on the file object representing this IP. Use the get_files command to access file objects.
WARNING: [Vivado 12-3670] The generate_synth_checkpoint property should only be queried on the file object representing this IP. Use the get_files command to access file objects.
INFO: [exportsim-Tcl-29] Script generated: 'C:/works/tcm-fm2/FM2-Pcie-pg195/pci-e2018.03/xdmaprj2/xdma_0_ex/xdma_0_ex.ip_user_files/sim_scripts/blk_mem_gen_0/riviera/blk_mem_gen_0.sh'
INFO: [SIM-utils-43] Exported 'C:/works/tcm-fm2/FM2-Pcie-pg195/pci-e2018.03/xdmaprj2/xdma_0_ex/xdma_0_ex.ip_user_files/sim_scripts/blk_mem_gen_0/riviera/summary.log'
INFO: [exportsim-Tcl-35] Exporting simulation files for "ACTIVEHDL" (Aldec Active-HDL Simulator)...
WARNING: [Vivado 12-3672] The is_managed property should only be queried on the file object representing this IP. Use the get_files command to access file objects.
WARNING: [Vivado 12-3670] The generate_synth_checkpoint property should only be queried on the file object representing this IP. Use the get_files command to access file objects.
INFO: [exportsim-Tcl-29] Script generated: 'C:/works/tcm-fm2/FM2-Pcie-pg195/pci-e2018.03/xdmaprj2/xdma_0_ex/xdma_0_ex.ip_user_files/sim_scripts/blk_mem_gen_0/activehdl/blk_mem_gen_0.sh'
INFO: [SIM-utils-43] Exported 'C:/works/tcm-fm2/FM2-Pcie-pg195/pci-e2018.03/xdmaprj2/xdma_0_ex/xdma_0_ex.ip_user_files/sim_scripts/blk_mem_gen_0/activehdl/summary.log'
INFO: [exportsim-Tcl-35] Exporting simulation files for "XCELIUM" (Cadence Xcelium Parallel Simulator)...
WARNING: [Vivado 12-3672] The is_managed property should only be queried on the file object representing this IP. Use the get_files command to access file objects.
WARNING: [Vivado 12-3670] The generate_synth_checkpoint property should only be queried on the file object representing this IP. Use the get_files command to access file objects.
INFO: [exportsim-Tcl-29] Script generated: 'C:/works/tcm-fm2/FM2-Pcie-pg195/pci-e2018.03/xdmaprj2/xdma_0_ex/xdma_0_ex.ip_user_files/sim_scripts/blk_mem_gen_0/xcelium/blk_mem_gen_0.sh'
INFO: [SIM-utils-43] Exported 'C:/works/tcm-fm2/FM2-Pcie-pg195/pci-e2018.03/xdmaprj2/xdma_0_ex/xdma_0_ex.ip_user_files/sim_scripts/blk_mem_gen_0/xcelium/summary.log'
WARNING: [SIM-utils-52] IP component XML file does not exist: 'c:/works/tcm-fm2/FM2-Pcie-pg195/pci-e2018.03/xdmaprj2/xdma_0_ex/xdma_0_ex.srcs/sources_1/ip/blk_mem_gen_0/blk_mem_gen_0.xml'
WARNING: [SIM-utils-52] IP component XML file does not exist: 'c:/works/tcm-fm2/FM2-Pcie-pg195/pci-e2018.03/xdmaprj2/xdma_0_ex/xdma_0_ex.srcs/sources_1/ip/blk_mem_gen_1/blk_mem_gen_1.xml'
WARNING: [SIM-utils-52] IP component XML file does not exist: 'c:/works/tcm-fm2/FM2-Pcie-pg195/pci-e2018.03/xdmaprj2/xdma_0_ex/xdma_0_ex.srcs/sources_1/ip/xdma_0/xdma_0.xml'
WARNING: [SIM-utils-52] IP component XML file does not exist: 'c:/works/tcm-fm2/FM2-Pcie-pg195/pci-e2018.03/xdmaprj2/xdma_0_ex/xdma_0_ex.srcs/sources_1/ip/xdma_0/ip_3/pcie2_fifo_generator_dma_cpl.xml'
WARNING: [SIM-utils-52] IP component XML file does not exist: 'c:/works/tcm-fm2/FM2-Pcie-pg195/pci-e2018.03/xdmaprj2/xdma_0_ex/xdma_0_ex.srcs/sources_1/ip/xdma_0/ip_4/pcie2_fifo_generator_tgt_brdg.xml'
WARNING: [SIM-utils-52] IP component XML file does not exist: 'c:/works/tcm-fm2/FM2-Pcie-pg195/pci-e2018.03/xdmaprj2/xdma_0_ex/xdma_0_ex.srcs/sources_1/ip/xdma_0/ip_0/xdma_0_pcie2_ip.xml'
WARNING: [SIM-utils-52] IP component XML file does not exist: 'c:/works/tcm-fm2/FM2-Pcie-pg195/pci-e2018.03/xdmaprj2/xdma_0_ex/xdma_0_ex.srcs/sources_1/ip/xdma_0/ip_2/xdma_v4_1_1_blk_mem_64_noreg_be.xml'
WARNING: [SIM-utils-52] IP component XML file does not exist: 'c:/works/tcm-fm2/FM2-Pcie-pg195/pci-e2018.03/xdmaprj2/xdma_0_ex/xdma_0_ex.srcs/sources_1/ip/xdma_0/ip_1/xdma_v4_1_1_blk_mem_64_reg_be.xml'
INFO: [exportsim-Tcl-35] Exporting simulation files for "XSIM" (Xilinx Vivado Simulator)...
WARNING: [Vivado 12-3672] The is_managed property should only be queried on the file object representing this IP. Use the get_files command to access file objects.
WARNING: [Vivado 12-3670] The generate_synth_checkpoint property should only be queried on the file object representing this IP. Use the get_files command to access file objects.
INFO: [exportsim-Tcl-29] Script generated: 'C:/works/tcm-fm2/FM2-Pcie-pg195/pci-e2018.03/xdmaprj2/xdma_0_ex/xdma_0_ex.ip_user_files/sim_scripts/xdma_0/xsim/xdma_0.sh'
INFO: [SIM-utils-43] Exported 'C:/works/tcm-fm2/FM2-Pcie-pg195/pci-e2018.03/xdmaprj2/xdma_0_ex/xdma_0_ex.ip_user_files/sim_scripts/xdma_0/xsim/sys_clk_gen_ps_v.txt'
INFO: [exportsim-Tcl-35] Exporting simulation files for "MODELSIM" (Mentor Graphics ModelSim Simulator)...
WARNING: [Vivado 12-3672] The is_managed property should only be queried on the file object representing this IP. Use the get_files command to access file objects.
WARNING: [Vivado 12-3670] The generate_synth_checkpoint property should only be queried on the file object representing this IP. Use the get_files command to access file objects.
INFO: [exportsim-Tcl-29] Script generated: 'C:/works/tcm-fm2/FM2-Pcie-pg195/pci-e2018.03/xdmaprj2/xdma_0_ex/xdma_0_ex.ip_user_files/sim_scripts/xdma_0/modelsim/xdma_0.sh'
INFO: [SIM-utils-43] Exported 'C:/works/tcm-fm2/FM2-Pcie-pg195/pci-e2018.03/xdmaprj2/xdma_0_ex/xdma_0_ex.ip_user_files/sim_scripts/xdma_0/modelsim/sys_clk_gen_ps_v.txt'
INFO: [exportsim-Tcl-35] Exporting simulation files for "QUESTA" (Mentor Graphics Questa Advanced Simulator)...
WARNING: [Vivado 12-3672] The is_managed property should only be queried on the file object representing this IP. Use the get_files command to access file objects.
WARNING: [Vivado 12-3670] The generate_synth_checkpoint property should only be queried on the file object representing this IP. Use the get_files command to access file objects.
INFO: [exportsim-Tcl-29] Script generated: 'C:/works/tcm-fm2/FM2-Pcie-pg195/pci-e2018.03/xdmaprj2/xdma_0_ex/xdma_0_ex.ip_user_files/sim_scripts/xdma_0/questa/xdma_0.sh'
INFO: [SIM-utils-43] Exported 'C:/works/tcm-fm2/FM2-Pcie-pg195/pci-e2018.03/xdmaprj2/xdma_0_ex/xdma_0_ex.ip_user_files/sim_scripts/xdma_0/questa/sys_clk_gen_ps_v.txt'
INFO: [exportsim-Tcl-35] Exporting simulation files for "IES" (Cadence Incisive Enterprise Simulator)...
WARNING: [Vivado 12-3672] The is_managed property should only be queried on the file object representing this IP. Use the get_files command to access file objects.
WARNING: [Vivado 12-3670] The generate_synth_checkpoint property should only be queried on the file object representing this IP. Use the get_files command to access file objects.
INFO: [exportsim-Tcl-29] Script generated: 'C:/works/tcm-fm2/FM2-Pcie-pg195/pci-e2018.03/xdmaprj2/xdma_0_ex/xdma_0_ex.ip_user_files/sim_scripts/xdma_0/ies/xdma_0.sh'
INFO: [SIM-utils-43] Exported 'C:/works/tcm-fm2/FM2-Pcie-pg195/pci-e2018.03/xdmaprj2/xdma_0_ex/xdma_0_ex.ip_user_files/sim_scripts/xdma_0/ies/sys_clk_gen_ps_v.txt'
INFO: [exportsim-Tcl-35] Exporting simulation files for "VCS" (Synopsys Verilog Compiler Simulator)...
WARNING: [Vivado 12-3672] The is_managed property should only be queried on the file object representing this IP. Use the get_files command to access file objects.
WARNING: [Vivado 12-3670] The generate_synth_checkpoint property should only be queried on the file object representing this IP. Use the get_files command to access file objects.
INFO: [exportsim-Tcl-29] Script generated: 'C:/works/tcm-fm2/FM2-Pcie-pg195/pci-e2018.03/xdmaprj2/xdma_0_ex/xdma_0_ex.ip_user_files/sim_scripts/xdma_0/vcs/xdma_0.sh'
INFO: [SIM-utils-43] Exported 'C:/works/tcm-fm2/FM2-Pcie-pg195/pci-e2018.03/xdmaprj2/xdma_0_ex/xdma_0_ex.ip_user_files/sim_scripts/xdma_0/vcs/sys_clk_gen_ps_v.txt'
INFO: [exportsim-Tcl-35] Exporting simulation files for "RIVIERA" (Aldec Riviera-PRO Simulator)...
WARNING: [Vivado 12-3672] The is_managed property should only be queried on the file object representing this IP. Use the get_files command to access file objects.
WARNING: [Vivado 12-3670] The generate_synth_checkpoint property should only be queried on the file object representing this IP. Use the get_files command to access file objects.
INFO: [exportsim-Tcl-29] Script generated: 'C:/works/tcm-fm2/FM2-Pcie-pg195/pci-e2018.03/xdmaprj2/xdma_0_ex/xdma_0_ex.ip_user_files/sim_scripts/xdma_0/riviera/xdma_0.sh'
INFO: [SIM-utils-43] Exported 'C:/works/tcm-fm2/FM2-Pcie-pg195/pci-e2018.03/xdmaprj2/xdma_0_ex/xdma_0_ex.ip_user_files/sim_scripts/xdma_0/riviera/sys_clk_gen_ps_v.txt'
INFO: [exportsim-Tcl-35] Exporting simulation files for "ACTIVEHDL" (Aldec Active-HDL Simulator)...
WARNING: [Vivado 12-3672] The is_managed property should only be queried on the file object representing this IP. Use the get_files command to access file objects.
WARNING: [Vivado 12-3670] The generate_synth_checkpoint property should only be queried on the file object representing this IP. Use the get_files command to access file objects.
INFO: [exportsim-Tcl-29] Script generated: 'C:/works/tcm-fm2/FM2-Pcie-pg195/pci-e2018.03/xdmaprj2/xdma_0_ex/xdma_0_ex.ip_user_files/sim_scripts/xdma_0/activehdl/xdma_0.sh'
INFO: [SIM-utils-43] Exported 'C:/works/tcm-fm2/FM2-Pcie-pg195/pci-e2018.03/xdmaprj2/xdma_0_ex/xdma_0_ex.ip_user_files/sim_scripts/xdma_0/activehdl/sys_clk_gen_ps_v.txt'
INFO: [exportsim-Tcl-35] Exporting simulation files for "XCELIUM" (Cadence Xcelium Parallel Simulator)...
WARNING: [Vivado 12-3672] The is_managed property should only be queried on the file object representing this IP. Use the get_files command to access file objects.
WARNING: [Vivado 12-3670] The generate_synth_checkpoint property should only be queried on the file object representing this IP. Use the get_files command to access file objects.
INFO: [exportsim-Tcl-29] Script generated: 'C:/works/tcm-fm2/FM2-Pcie-pg195/pci-e2018.03/xdmaprj2/xdma_0_ex/xdma_0_ex.ip_user_files/sim_scripts/xdma_0/xcelium/xdma_0.sh'
INFO: [SIM-utils-43] Exported 'C:/works/tcm-fm2/FM2-Pcie-pg195/pci-e2018.03/xdmaprj2/xdma_0_ex/xdma_0_ex.ip_user_files/sim_scripts/xdma_0/xcelium/sys_clk_gen_ps_v.txt'
export_ip_user_files: Time (s): cpu = 00:00:40 ; elapsed = 00:01:12 . Memory (MB): peak = 1134.387 ; gain = 11.684
INFO: [open_example_project] Open Example Project completed
