
*** Running vivado
    with args -log xilinx_dma_pcie_ep.vdi -applog -m64 -product Vivado -messageDb vivado.pb -mode batch -source xilinx_dma_pcie_ep.tcl -notrace


****** Vivado v2018.3 (64-bit)
  **** SW Build 2405991 on Thu Dec  6 23:38:27 MST 2018
  **** IP Build 2404404 on Fri Dec  7 01:43:56 MST 2018
    ** Copyright 1986-2018 Xilinx, Inc. All Rights Reserved.

source xilinx_dma_pcie_ep.tcl -notrace
CRITICAL WARNING: [Board 49-56] Problem parsing board file - C:/Xilinx/Vivado/2018.3/data/boards/board_files/k410tFM2/1.0/board.xml, Invalid xml file C:/Xilinx/Vivado/2018.3/data/boards/board_files/k410tFM2/1.0/board.xml: expected end of tag 'board'
Command: link_design -top xilinx_dma_pcie_ep -part xc7k410tffg900-2
Design is defaulting to srcset: sources_1
Design is defaulting to constrset: constrs_1
INFO: [Project 1-454] Reading design checkpoint 'd:/Documents/FPGA-Miner/xilinx-study/pci-e/pg195-4/xdma_0_ex/xdma_0_ex.srcs/sources_1/ip/xdma_0/xdma_0.dcp' for cell 'xdma_0_i'
INFO: [Project 1-454] Reading design checkpoint 'd:/Documents/FPGA-Miner/xilinx-study/pci-e/pg195-4/xdma_0_ex/xdma_0_ex.srcs/sources_1/ip/blk_mem_gen_0/blk_mem_gen_0.dcp' for cell 'xdma_app_i/blk_mem_axiLM_inst'
INFO: [Project 1-454] Reading design checkpoint 'd:/Documents/FPGA-Miner/xilinx-study/pci-e/pg195-4/xdma_0_ex/xdma_0_ex.srcs/sources_1/ip/blk_mem_gen_1/blk_mem_gen_1.dcp' for cell 'xdma_app_i/blk_mem_gen_bypass_inst'
INFO: [Netlist 29-17] Analyzing 1026 Unisim elements for replacement
INFO: [Netlist 29-28] Unisim Transformation completed in 0 CPU seconds
INFO: [Project 1-479] Netlist was created with Vivado 2018.3
INFO: [Device 21-403] Loading part xc7k410tffg900-2
INFO: [Project 1-570] Preparing netlist for logic optimization
Parsing XDC File [d:/Documents/FPGA-Miner/xilinx-study/pci-e/pg195-4/xdma_0_ex/xdma_0_ex.srcs/sources_1/ip/xdma_0/xdma_0_board.xdc] for cell 'xdma_0_i/inst'
Finished Parsing XDC File [d:/Documents/FPGA-Miner/xilinx-study/pci-e/pg195-4/xdma_0_ex/xdma_0_ex.srcs/sources_1/ip/xdma_0/xdma_0_board.xdc] for cell 'xdma_0_i/inst'
Parsing XDC File [d:/Documents/FPGA-Miner/xilinx-study/pci-e/pg195-4/xdma_0_ex/xdma_0_ex.srcs/sources_1/ip/xdma_0/source/xdma_0_pcie3_7vx_ip.xdc] for cell 'xdma_0_i/inst'
Finished Parsing XDC File [d:/Documents/FPGA-Miner/xilinx-study/pci-e/pg195-4/xdma_0_ex/xdma_0_ex.srcs/sources_1/ip/xdma_0/source/xdma_0_pcie3_7vx_ip.xdc] for cell 'xdma_0_i/inst'
Parsing XDC File [d:/Documents/FPGA-Miner/xilinx-study/pci-e/pg195-4/xdma_0_ex/xdma_0_ex.srcs/sources_1/ip/xdma_0/ip_0/source/xdma_0_pcie2_ip-PCIE_X0Y0.xdc] for cell 'xdma_0_i/inst/xdma_0_pcie2_to_pcie3_wrapper_i/pcie2_ip_i/inst'
Finished Parsing XDC File [d:/Documents/FPGA-Miner/xilinx-study/pci-e/pg195-4/xdma_0_ex/xdma_0_ex.srcs/sources_1/ip/xdma_0/ip_0/source/xdma_0_pcie2_ip-PCIE_X0Y0.xdc] for cell 'xdma_0_i/inst/xdma_0_pcie2_to_pcie3_wrapper_i/pcie2_ip_i/inst'
Parsing XDC File [d:/Documents/FPGA-Miner/xilinx-study/pci-e/pg195-4/xdma_0_ex/xdma_0_ex.srcs/sources_1/ip/xdma_0/ip_3/pcie2_fifo_generator_dma_cpl.xdc] for cell 'xdma_0_i/inst/xdma_0_pcie2_to_pcie3_wrapper_i/xdma_0_axi_stream_intf_i/xdma_0_rx_demux_i/dma_cpl_fifo_inst/U0'
Finished Parsing XDC File [d:/Documents/FPGA-Miner/xilinx-study/pci-e/pg195-4/xdma_0_ex/xdma_0_ex.srcs/sources_1/ip/xdma_0/ip_3/pcie2_fifo_generator_dma_cpl.xdc] for cell 'xdma_0_i/inst/xdma_0_pcie2_to_pcie3_wrapper_i/xdma_0_axi_stream_intf_i/xdma_0_rx_demux_i/dma_cpl_fifo_inst/U0'
Parsing XDC File [d:/Documents/FPGA-Miner/xilinx-study/pci-e/pg195-4/xdma_0_ex/xdma_0_ex.srcs/sources_1/ip/xdma_0/ip_4/pcie2_fifo_generator_tgt_brdg.xdc] for cell 'xdma_0_i/inst/xdma_0_pcie2_to_pcie3_wrapper_i/xdma_0_axi_stream_intf_i/xdma_0_rx_demux_i/tgt_brdg_fifo_inst/U0'
Finished Parsing XDC File [d:/Documents/FPGA-Miner/xilinx-study/pci-e/pg195-4/xdma_0_ex/xdma_0_ex.srcs/sources_1/ip/xdma_0/ip_4/pcie2_fifo_generator_tgt_brdg.xdc] for cell 'xdma_0_i/inst/xdma_0_pcie2_to_pcie3_wrapper_i/xdma_0_axi_stream_intf_i/xdma_0_rx_demux_i/tgt_brdg_fifo_inst/U0'
Parsing XDC File [d:/Documents/FPGA-Miner/xilinx-study/pci-e/pg195-4/xdma_0_ex/imports/xilinx_xdma_pcie_x0y0.xdc]
Finished Parsing XDC File [d:/Documents/FPGA-Miner/xilinx-study/pci-e/pg195-4/xdma_0_ex/imports/xilinx_xdma_pcie_x0y0.xdc]
Parsing XDC File [D:/Documents/FPGA-Miner/xilinx-study/pci-e/pg195-4/xdma_0_ex/xdma_0_ex.srcs/k410tFM2Constraints.xdc]
WARNING: [Vivado 12-584] No ports matched 'bd_sys_clk_p'. [D:/Documents/FPGA-Miner/xilinx-study/pci-e/pg195-4/xdma_0_ex/xdma_0_ex.srcs/k410tFM2Constraints.xdc:19]
CRITICAL WARNING: [Common 17-55] 'set_property' expects at least one object. [D:/Documents/FPGA-Miner/xilinx-study/pci-e/pg195-4/xdma_0_ex/xdma_0_ex.srcs/k410tFM2Constraints.xdc:19]
Resolution: If [get_<value>] was used to populate the object, check to make sure this command returns at least one valid object.
WARNING: [Vivado 12-584] No ports matched 'bd_sys_clk_n'. [D:/Documents/FPGA-Miner/xilinx-study/pci-e/pg195-4/xdma_0_ex/xdma_0_ex.srcs/k410tFM2Constraints.xdc:20]
CRITICAL WARNING: [Common 17-55] 'set_property' expects at least one object. [D:/Documents/FPGA-Miner/xilinx-study/pci-e/pg195-4/xdma_0_ex/xdma_0_ex.srcs/k410tFM2Constraints.xdc:20]
Resolution: If [get_<value>] was used to populate the object, check to make sure this command returns at least one valid object.
WARNING: [Vivado 12-584] No ports matched 'bd_sys_clk_p'. [D:/Documents/FPGA-Miner/xilinx-study/pci-e/pg195-4/xdma_0_ex/xdma_0_ex.srcs/k410tFM2Constraints.xdc:21]
CRITICAL WARNING: [Common 17-55] 'set_property' expects at least one object. [D:/Documents/FPGA-Miner/xilinx-study/pci-e/pg195-4/xdma_0_ex/xdma_0_ex.srcs/k410tFM2Constraints.xdc:21]
Resolution: If [get_<value>] was used to populate the object, check to make sure this command returns at least one valid object.
WARNING: [Vivado 12-584] No ports matched 'bd_sys_clk_n'. [D:/Documents/FPGA-Miner/xilinx-study/pci-e/pg195-4/xdma_0_ex/xdma_0_ex.srcs/k410tFM2Constraints.xdc:22]
CRITICAL WARNING: [Common 17-55] 'set_property' expects at least one object. [D:/Documents/FPGA-Miner/xilinx-study/pci-e/pg195-4/xdma_0_ex/xdma_0_ex.srcs/k410tFM2Constraints.xdc:22]
Resolution: If [get_<value>] was used to populate the object, check to make sure this command returns at least one valid object.
WARNING: [Vivado 12-584] No ports matched 'RxD'. [D:/Documents/FPGA-Miner/xilinx-study/pci-e/pg195-4/xdma_0_ex/xdma_0_ex.srcs/k410tFM2Constraints.xdc:35]
CRITICAL WARNING: [Common 17-55] 'set_property' expects at least one object. [D:/Documents/FPGA-Miner/xilinx-study/pci-e/pg195-4/xdma_0_ex/xdma_0_ex.srcs/k410tFM2Constraints.xdc:35]
Resolution: If [get_<value>] was used to populate the object, check to make sure this command returns at least one valid object.
WARNING: [Vivado 12-584] No ports matched 'TxD'. [D:/Documents/FPGA-Miner/xilinx-study/pci-e/pg195-4/xdma_0_ex/xdma_0_ex.srcs/k410tFM2Constraints.xdc:36]
CRITICAL WARNING: [Common 17-55] 'set_property' expects at least one object. [D:/Documents/FPGA-Miner/xilinx-study/pci-e/pg195-4/xdma_0_ex/xdma_0_ex.srcs/k410tFM2Constraints.xdc:36]
Resolution: If [get_<value>] was used to populate the object, check to make sure this command returns at least one valid object.
WARNING: [Vivado 12-584] No ports matched 'USB_RTS'. [D:/Documents/FPGA-Miner/xilinx-study/pci-e/pg195-4/xdma_0_ex/xdma_0_ex.srcs/k410tFM2Constraints.xdc:37]
CRITICAL WARNING: [Common 17-55] 'set_property' expects at least one object. [D:/Documents/FPGA-Miner/xilinx-study/pci-e/pg195-4/xdma_0_ex/xdma_0_ex.srcs/k410tFM2Constraints.xdc:37]
Resolution: If [get_<value>] was used to populate the object, check to make sure this command returns at least one valid object.
WARNING: [Vivado 12-584] No ports matched 'USB_CTS'. [D:/Documents/FPGA-Miner/xilinx-study/pci-e/pg195-4/xdma_0_ex/xdma_0_ex.srcs/k410tFM2Constraints.xdc:38]
CRITICAL WARNING: [Common 17-55] 'set_property' expects at least one object. [D:/Documents/FPGA-Miner/xilinx-study/pci-e/pg195-4/xdma_0_ex/xdma_0_ex.srcs/k410tFM2Constraints.xdc:38]
Resolution: If [get_<value>] was used to populate the object, check to make sure this command returns at least one valid object.
WARNING: [Vivado 12-584] No ports matched 'RxD'. [D:/Documents/FPGA-Miner/xilinx-study/pci-e/pg195-4/xdma_0_ex/xdma_0_ex.srcs/k410tFM2Constraints.xdc:39]
CRITICAL WARNING: [Common 17-55] 'set_property' expects at least one object. [D:/Documents/FPGA-Miner/xilinx-study/pci-e/pg195-4/xdma_0_ex/xdma_0_ex.srcs/k410tFM2Constraints.xdc:39]
Resolution: If [get_<value>] was used to populate the object, check to make sure this command returns at least one valid object.
WARNING: [Vivado 12-584] No ports matched 'TxD'. [D:/Documents/FPGA-Miner/xilinx-study/pci-e/pg195-4/xdma_0_ex/xdma_0_ex.srcs/k410tFM2Constraints.xdc:40]
CRITICAL WARNING: [Common 17-55] 'set_property' expects at least one object. [D:/Documents/FPGA-Miner/xilinx-study/pci-e/pg195-4/xdma_0_ex/xdma_0_ex.srcs/k410tFM2Constraints.xdc:40]
Resolution: If [get_<value>] was used to populate the object, check to make sure this command returns at least one valid object.
WARNING: [Vivado 12-584] No ports matched 'USB_RTS'. [D:/Documents/FPGA-Miner/xilinx-study/pci-e/pg195-4/xdma_0_ex/xdma_0_ex.srcs/k410tFM2Constraints.xdc:41]
CRITICAL WARNING: [Common 17-55] 'set_property' expects at least one object. [D:/Documents/FPGA-Miner/xilinx-study/pci-e/pg195-4/xdma_0_ex/xdma_0_ex.srcs/k410tFM2Constraints.xdc:41]
Resolution: If [get_<value>] was used to populate the object, check to make sure this command returns at least one valid object.
WARNING: [Vivado 12-584] No ports matched 'USB_CTS'. [D:/Documents/FPGA-Miner/xilinx-study/pci-e/pg195-4/xdma_0_ex/xdma_0_ex.srcs/k410tFM2Constraints.xdc:42]
CRITICAL WARNING: [Common 17-55] 'set_property' expects at least one object. [D:/Documents/FPGA-Miner/xilinx-study/pci-e/pg195-4/xdma_0_ex/xdma_0_ex.srcs/k410tFM2Constraints.xdc:42]
Resolution: If [get_<value>] was used to populate the object, check to make sure this command returns at least one valid object.
Finished Parsing XDC File [D:/Documents/FPGA-Miner/xilinx-study/pci-e/pg195-4/xdma_0_ex/xdma_0_ex.srcs/k410tFM2Constraints.xdc]
Sourcing Tcl File [C:/Xilinx/Vivado/2018.3/data/ip/xpm/xpm_cdc/tcl/xpm_cdc_single.tcl] for cell 'xdma_0_i/inst/udma_wrapper/dma_top/base/IRQ_INST/usr_irq_xpm_cdc'
Finished Sourcing Tcl File [C:/Xilinx/Vivado/2018.3/data/ip/xpm/xpm_cdc/tcl/xpm_cdc_single.tcl] for cell 'xdma_0_i/inst/udma_wrapper/dma_top/base/IRQ_INST/usr_irq_xpm_cdc'
Sourcing Tcl File [C:/Xilinx/Vivado/2018.3/data/ip/xpm/xpm_cdc/tcl/xpm_cdc_single.tcl] for cell 'xdma_0_i/inst/xdma_0_pcie2_to_pcie3_wrapper_i/pcie2_ip_i/inst/inst/pl_received_hot_rst_cdc'
INFO: [Vivado 12-3272] Current instance is the top level cell 'xdma_0_i/inst/xdma_0_pcie2_to_pcie3_wrapper_i/pcie2_ip_i/inst/inst/pl_received_hot_rst_cdc' of design 'design_1' [C:/Xilinx/Vivado/2018.3/data/ip/xpm/xpm_cdc/tcl/xpm_cdc_single.tcl:5]
WARNING: [XPM_CDC_SINGLE: TCL-1000] The source and destination clocks are the same. 
     Instance: xdma_0_i/inst/xdma_0_pcie2_to_pcie3_wrapper_i/pcie2_ip_i/inst/inst/pl_received_hot_rst_cdc 
  This will add unnecessary latency to the design. Please check the design for the following: 
 1) Manually instantiated XPM_CDC modules: Xilinx recommends that you remove these modules. 
 2) Xilinx IP that contains XPM_CDC modules: Verify the connections to the IP to determine whether you can safely ignore this message.
 [C:/Xilinx/Vivado/2018.3/data/ip/xpm/xpm_cdc/tcl/xpm_cdc_single.tcl:5]
Finished Sourcing Tcl File [C:/Xilinx/Vivado/2018.3/data/ip/xpm/xpm_cdc/tcl/xpm_cdc_single.tcl] for cell 'xdma_0_i/inst/xdma_0_pcie2_to_pcie3_wrapper_i/pcie2_ip_i/inst/inst/pl_received_hot_rst_cdc'
Sourcing Tcl File [C:/Xilinx/Vivado/2018.3/data/ip/xpm/xpm_cdc/tcl/xpm_cdc_single.tcl] for cell 'xdma_0_i/inst/xdma_0_pcie2_to_pcie3_wrapper_i/pcie2_ip_i/inst/inst/phy_lnk_up_cdc'
INFO: [Vivado 12-3272] Current instance is the top level cell 'xdma_0_i/inst/xdma_0_pcie2_to_pcie3_wrapper_i/pcie2_ip_i/inst/inst/phy_lnk_up_cdc' of design 'design_1' [C:/Xilinx/Vivado/2018.3/data/ip/xpm/xpm_cdc/tcl/xpm_cdc_single.tcl:5]
WARNING: [XPM_CDC_SINGLE: TCL-1000] The source and destination clocks are the same. 
     Instance: xdma_0_i/inst/xdma_0_pcie2_to_pcie3_wrapper_i/pcie2_ip_i/inst/inst/phy_lnk_up_cdc 
  This will add unnecessary latency to the design. Please check the design for the following: 
 1) Manually instantiated XPM_CDC modules: Xilinx recommends that you remove these modules. 
 2) Xilinx IP that contains XPM_CDC modules: Verify the connections to the IP to determine whether you can safely ignore this message.
 [C:/Xilinx/Vivado/2018.3/data/ip/xpm/xpm_cdc/tcl/xpm_cdc_single.tcl:5]
Finished Sourcing Tcl File [C:/Xilinx/Vivado/2018.3/data/ip/xpm/xpm_cdc/tcl/xpm_cdc_single.tcl] for cell 'xdma_0_i/inst/xdma_0_pcie2_to_pcie3_wrapper_i/pcie2_ip_i/inst/inst/phy_lnk_up_cdc'
INFO: [Opt 31-138] Pushed 0 inverter(s) to 0 load pin(s).
Netlist sorting complete. Time (s): cpu = 00:00:00 ; elapsed = 00:00:00.009 . Memory (MB): peak = 1544.828 ; gain = 0.000
INFO: [Project 1-111] Unisim Transformation Summary:
  A total of 379 instances were transformed.
  RAM16X1D => RAM32X1D (RAMD32, RAMD32): 35 instances
  RAM32M => RAM32M (RAMD32, RAMD32, RAMD32, RAMD32, RAMD32, RAMD32, RAMS32, RAMS32): 325 instances
  RAM32X1D => RAM32X1D (RAMD32, RAMD32): 10 instances
  RAM64X1S => RAM64X1S (RAMS64E): 9 instances

12 Infos, 14 Warnings, 13 Critical Warnings and 0 Errors encountered.
link_design completed successfully
link_design: Time (s): cpu = 00:00:26 ; elapsed = 00:00:27 . Memory (MB): peak = 1544.828 ; gain = 1163.508
Command: opt_design
Attempting to get a license for feature 'Implementation' and/or device 'xc7k410t'
INFO: [Common 17-349] Got license for feature 'Implementation' and/or device 'xc7k410t'
Running DRC as a precondition to command opt_design

Starting DRC Task
INFO: [DRC 23-27] Running DRC with 2 threads
INFO: [Project 1-461] DRC finished with 0 Errors
INFO: [Project 1-462] Please refer to the DRC report (report_drc) for more information.

Time (s): cpu = 00:00:02 ; elapsed = 00:00:01 . Memory (MB): peak = 1544.828 ; gain = 0.000

Starting Cache Timing Information Task
INFO: [Timing 38-35] Done setting XDC timing constraints.
Ending Cache Timing Information Task | Checksum: 12729a0d5

Time (s): cpu = 00:00:02 ; elapsed = 00:00:01 . Memory (MB): peak = 1544.828 ; gain = 0.000

Starting Logic Optimization Task

Phase 1 Retarget
INFO: [Opt 31-138] Pushed 6 inverter(s) to 27 load pin(s).
INFO: [Opt 31-49] Retargeted 0 cell(s).
Phase 1 Retarget | Checksum: 17a3d55ef

Time (s): cpu = 00:00:02 ; elapsed = 00:00:02 . Memory (MB): peak = 1597.492 ; gain = 1.125
INFO: [Opt 31-389] Phase Retarget created 80 cells and removed 669 cells
INFO: [Opt 31-1021] In phase Retarget, 29 netlist objects are constrained preventing optimization. Please run opt_design with -debug_log to get more detail. 

Phase 2 Constant propagation
INFO: [Opt 31-138] Pushed 0 inverter(s) to 0 load pin(s).
Phase 2 Constant propagation | Checksum: 1cee196a8

Time (s): cpu = 00:00:03 ; elapsed = 00:00:03 . Memory (MB): peak = 1597.492 ; gain = 1.125
INFO: [Opt 31-389] Phase Constant propagation created 173 cells and removed 336 cells
INFO: [Opt 31-1021] In phase Constant propagation, 16 netlist objects are constrained preventing optimization. Please run opt_design with -debug_log to get more detail. 

Phase 3 Sweep
Phase 3 Sweep | Checksum: 21d3bfa98

Time (s): cpu = 00:00:05 ; elapsed = 00:00:05 . Memory (MB): peak = 1597.492 ; gain = 1.125
INFO: [Opt 31-389] Phase Sweep created 0 cells and removed 1065 cells
INFO: [Opt 31-1021] In phase Sweep, 80 netlist objects are constrained preventing optimization. Please run opt_design with -debug_log to get more detail. 

Phase 4 BUFG optimization
INFO: [Opt 31-194] Inserted BUFG xdma_0_i/inst/xdma_0_pcie2_to_pcie3_wrapper_i/pcie2_ip_i/inst/inst/gt_top_i/pipe_wrapper_i/pipe_clock_int.pipe_clock_i/clk_125mhz_BUFG_inst to drive 0 load(s) on clock net xdma_0_i/inst/xdma_0_pcie2_to_pcie3_wrapper_i/pcie2_ip_i/inst/inst/gt_top_i/pipe_wrapper_i/pipe_clock_int.pipe_clock_i/clk_125mhz_BUFG
INFO: [Opt 31-194] Inserted BUFG xdma_0_i/inst/xdma_0_pcie2_to_pcie3_wrapper_i/pcie2_ip_i/inst/inst/gt_top_i/pipe_wrapper_i/pipe_clock_int.pipe_clock_i/clk_250mhz_BUFG_inst to drive 0 load(s) on clock net xdma_0_i/inst/xdma_0_pcie2_to_pcie3_wrapper_i/pcie2_ip_i/inst/inst/gt_top_i/pipe_wrapper_i/pipe_clock_int.pipe_clock_i/clk_250mhz_BUFG
INFO: [Opt 31-193] Inserted 2 BUFG(s) on clock nets
Phase 4 BUFG optimization | Checksum: 209012efa

Time (s): cpu = 00:00:06 ; elapsed = 00:00:06 . Memory (MB): peak = 1597.492 ; gain = 1.125
INFO: [Opt 31-662] Phase BUFG optimization created 0 cells of which 0 are BUFGs and removed 0 cells.

Phase 5 Shift Register Optimization
Phase 5 Shift Register Optimization | Checksum: 14c51365a

Time (s): cpu = 00:00:08 ; elapsed = 00:00:08 . Memory (MB): peak = 1597.492 ; gain = 1.125
INFO: [Opt 31-389] Phase Shift Register Optimization created 0 cells and removed 0 cells

Phase 6 Post Processing Netlist
Phase 6 Post Processing Netlist | Checksum: 144d6aa0c

Time (s): cpu = 00:00:08 ; elapsed = 00:00:08 . Memory (MB): peak = 1597.492 ; gain = 1.125
INFO: [Opt 31-389] Phase Post Processing Netlist created 0 cells and removed 0 cells
INFO: [Opt 31-1021] In phase Post Processing Netlist, 24 netlist objects are constrained preventing optimization. Please run opt_design with -debug_log to get more detail. 
Opt_design Change Summary
=========================


-------------------------------------------------------------------------------------------------------------------------
|  Phase                        |  #Cells created  |  #Cells Removed  |  #Constrained objects preventing optimizations  |
-------------------------------------------------------------------------------------------------------------------------
|  Retarget                     |              80  |             669  |                                             29  |
|  Constant propagation         |             173  |             336  |                                             16  |
|  Sweep                        |               0  |            1065  |                                             80  |
|  BUFG optimization            |               0  |               0  |                                              0  |
|  Shift Register Optimization  |               0  |               0  |                                              0  |
|  Post Processing Netlist      |               0  |               0  |                                             24  |
-------------------------------------------------------------------------------------------------------------------------



Starting Connectivity Check Task

Time (s): cpu = 00:00:01 ; elapsed = 00:00:00.057 . Memory (MB): peak = 1597.492 ; gain = 0.000
Ending Logic Optimization Task | Checksum: 197bec366

Time (s): cpu = 00:00:09 ; elapsed = 00:00:08 . Memory (MB): peak = 1597.492 ; gain = 1.125

Starting Power Optimization Task
INFO: [Pwropt 34-132] Skipping clock gating for clocks with a period < 2.00 ns.
INFO: [Timing 38-35] Done setting XDC timing constraints.
INFO: [Pwropt 34-9] Applying IDT optimizations ...
INFO: [Pwropt 34-10] Applying ODC optimizations ...
INFO: [Physopt 32-619] Estimated Timing Summary | WNS=3.187 | TNS=0.000 |
Running Vector-less Activity Propagation...

Finished Running Vector-less Activity Propagation


Starting PowerOpt Patch Enables Task
INFO: [Pwropt 34-162] WRITE_MODE attribute of 0 BRAM(s) out of a total of 24 has been updated to save power. Run report_power_opt to get a complete listing of the BRAMs updated.
INFO: [Pwropt 34-201] Structural ODC has moved 0 WE to EN ports
Number of BRAM Ports augmented: 5 newly gated: 16 Total Ports: 48
Number of Flops added for Enable Generation: 3

Ending PowerOpt Patch Enables Task | Checksum: 18bdd520b

Time (s): cpu = 00:00:00 ; elapsed = 00:00:00.246 . Memory (MB): peak = 2021.313 ; gain = 0.000
Ending Power Optimization Task | Checksum: 18bdd520b

Time (s): cpu = 00:00:17 ; elapsed = 00:00:09 . Memory (MB): peak = 2021.313 ; gain = 423.820

Starting Final Cleanup Task

Starting Logic Optimization Task
INFO: [Timing 38-35] Done setting XDC timing constraints.
Ending Logic Optimization Task | Checksum: c907fa90

Time (s): cpu = 00:00:03 ; elapsed = 00:00:03 . Memory (MB): peak = 2021.313 ; gain = 0.000
Ending Final Cleanup Task | Checksum: c907fa90

Time (s): cpu = 00:00:04 ; elapsed = 00:00:04 . Memory (MB): peak = 2021.313 ; gain = 0.000

Starting Netlist Obfuscation Task
Netlist sorting complete. Time (s): cpu = 00:00:00 ; elapsed = 00:00:00.008 . Memory (MB): peak = 2021.313 ; gain = 0.000
Ending Netlist Obfuscation Task | Checksum: c907fa90

Time (s): cpu = 00:00:00 ; elapsed = 00:00:00.009 . Memory (MB): peak = 2021.313 ; gain = 0.000
INFO: [Common 17-83] Releasing license: Implementation
42 Infos, 14 Warnings, 13 Critical Warnings and 0 Errors encountered.
opt_design completed successfully
opt_design: Time (s): cpu = 00:00:36 ; elapsed = 00:00:26 . Memory (MB): peak = 2021.313 ; gain = 476.484
Netlist sorting complete. Time (s): cpu = 00:00:00 ; elapsed = 00:00:00.009 . Memory (MB): peak = 2021.313 ; gain = 0.000
INFO: [Timing 38-480] Writing timing data to binary archive.
Writing placer database...
Writing XDEF routing.
Writing XDEF routing logical nets.
Writing XDEF routing special nets.
Write XDEF Complete: Time (s): cpu = 00:00:00 ; elapsed = 00:00:00.061 . Memory (MB): peak = 2021.313 ; gain = 0.000
Netlist sorting complete. Time (s): cpu = 00:00:00 ; elapsed = 00:00:00.009 . Memory (MB): peak = 2021.313 ; gain = 0.000
INFO: [Common 17-1381] The checkpoint 'd:/Documents/FPGA-Miner/xilinx-study/pci-e/pg195-4/xdma_0_ex/xdma_0_ex.runs/impl_1/xilinx_dma_pcie_ep_opt.dcp' has been generated.
INFO: [runtcl-4] Executing : report_drc -file xilinx_dma_pcie_ep_drc_opted.rpt -pb xilinx_dma_pcie_ep_drc_opted.pb -rpx xilinx_dma_pcie_ep_drc_opted.rpx
Command: report_drc -file xilinx_dma_pcie_ep_drc_opted.rpt -pb xilinx_dma_pcie_ep_drc_opted.pb -rpx xilinx_dma_pcie_ep_drc_opted.rpx
INFO: [IP_Flow 19-1839] IP Catalog is up to date.
INFO: [DRC 23-27] Running DRC with 2 threads
INFO: [Coretcl 2-168] The results of DRC are in file d:/Documents/FPGA-Miner/xilinx-study/pci-e/pg195-4/xdma_0_ex/xdma_0_ex.runs/impl_1/xilinx_dma_pcie_ep_drc_opted.rpt.
report_drc completed successfully
Command: place_design
Attempting to get a license for feature 'Implementation' and/or device 'xc7k410t'
INFO: [Common 17-349] Got license for feature 'Implementation' and/or device 'xc7k410t'
INFO: [DRC 23-27] Running DRC with 2 threads
INFO: [Vivado_Tcl 4-198] DRC finished with 0 Errors
INFO: [Vivado_Tcl 4-199] Please refer to the DRC report (report_drc) for more information.
Running DRC as a precondition to command place_design
INFO: [DRC 23-27] Running DRC with 2 threads
WARNING: [DRC CHECK-3] Report rule limit reached: REQP-1839 rule limit reached: 20 violations have been found.
WARNING: [DRC REQP-1839] RAMB36 async control check: The RAMB36E1 xdma_0_i/inst/ram_top/MASTER_READ_BRAM/genblk1[0].u_buffermem/U0/inst_blk_mem_gen/gnbram.gnativebmg.native_blk_mem_gen/valid.cstr/ramloop[0].ram.r/prim_noinit.ram/DEVICE_7SERIES.NO_BMM_INFO.SDP.WIDE_PRIM36_NO_ECC.ram has an input control pin xdma_0_i/inst/ram_top/MASTER_READ_BRAM/genblk1[0].u_buffermem/U0/inst_blk_mem_gen/gnbram.gnativebmg.native_blk_mem_gen/valid.cstr/ramloop[0].ram.r/prim_noinit.ram/DEVICE_7SERIES.NO_BMM_INFO.SDP.WIDE_PRIM36_NO_ECC.ram/ADDRARDADDR[10] (net: xdma_0_i/inst/ram_top/MASTER_READ_BRAM/genblk1[0].u_buffermem/U0/inst_blk_mem_gen/gnbram.gnativebmg.native_blk_mem_gen/valid.cstr/ramloop[0].ram.r/prim_noinit.ram/addrb[4]) which is driven by a register (xdma_0_i/inst/xdma_0_pcie2_to_pcie3_wrapper_i/pcie2_ip_i/inst/inst/user_reset_out_reg) that has an active asychronous set or reset. This may cause corruption of the memory contents and/or read values when the set/reset is asserted and is not analyzed by the default static timing analysis. It is suggested to eliminate the use of a set/reset to registers driving this RAMB pin or else use a synchronous reset in which the assertion of the reset is timed by default.
WARNING: [DRC REQP-1839] RAMB36 async control check: The RAMB36E1 xdma_0_i/inst/ram_top/MASTER_READ_BRAM/genblk1[0].u_buffermem/U0/inst_blk_mem_gen/gnbram.gnativebmg.native_blk_mem_gen/valid.cstr/ramloop[0].ram.r/prim_noinit.ram/DEVICE_7SERIES.NO_BMM_INFO.SDP.WIDE_PRIM36_NO_ECC.ram has an input control pin xdma_0_i/inst/ram_top/MASTER_READ_BRAM/genblk1[0].u_buffermem/U0/inst_blk_mem_gen/gnbram.gnativebmg.native_blk_mem_gen/valid.cstr/ramloop[0].ram.r/prim_noinit.ram/DEVICE_7SERIES.NO_BMM_INFO.SDP.WIDE_PRIM36_NO_ECC.ram/ADDRARDADDR[11] (net: xdma_0_i/inst/ram_top/MASTER_READ_BRAM/genblk1[0].u_buffermem/U0/inst_blk_mem_gen/gnbram.gnativebmg.native_blk_mem_gen/valid.cstr/ramloop[0].ram.r/prim_noinit.ram/addrb[5]) which is driven by a register (xdma_0_i/inst/xdma_0_pcie2_to_pcie3_wrapper_i/pcie2_ip_i/inst/inst/user_reset_out_reg) that has an active asychronous set or reset. This may cause corruption of the memory contents and/or read values when the set/reset is asserted and is not analyzed by the default static timing analysis. It is suggested to eliminate the use of a set/reset to registers driving this RAMB pin or else use a synchronous reset in which the assertion of the reset is timed by default.
WARNING: [DRC REQP-1839] RAMB36 async control check: The RAMB36E1 xdma_0_i/inst/ram_top/MASTER_READ_BRAM/genblk1[0].u_buffermem/U0/inst_blk_mem_gen/gnbram.gnativebmg.native_blk_mem_gen/valid.cstr/ramloop[0].ram.r/prim_noinit.ram/DEVICE_7SERIES.NO_BMM_INFO.SDP.WIDE_PRIM36_NO_ECC.ram has an input control pin xdma_0_i/inst/ram_top/MASTER_READ_BRAM/genblk1[0].u_buffermem/U0/inst_blk_mem_gen/gnbram.gnativebmg.native_blk_mem_gen/valid.cstr/ramloop[0].ram.r/prim_noinit.ram/DEVICE_7SERIES.NO_BMM_INFO.SDP.WIDE_PRIM36_NO_ECC.ram/ADDRARDADDR[12] (net: xdma_0_i/inst/ram_top/MASTER_READ_BRAM/genblk1[0].u_buffermem/U0/inst_blk_mem_gen/gnbram.gnativebmg.native_blk_mem_gen/valid.cstr/ramloop[0].ram.r/prim_noinit.ram/addrb[6]) which is driven by a register (xdma_0_i/inst/xdma_0_pcie2_to_pcie3_wrapper_i/pcie2_ip_i/inst/inst/user_reset_out_reg) that has an active asychronous set or reset. This may cause corruption of the memory contents and/or read values when the set/reset is asserted and is not analyzed by the default static timing analysis. It is suggested to eliminate the use of a set/reset to registers driving this RAMB pin or else use a synchronous reset in which the assertion of the reset is timed by default.
WARNING: [DRC REQP-1839] RAMB36 async control check: The RAMB36E1 xdma_0_i/inst/ram_top/MASTER_READ_BRAM/genblk1[0].u_buffermem/U0/inst_blk_mem_gen/gnbram.gnativebmg.native_blk_mem_gen/valid.cstr/ramloop[0].ram.r/prim_noinit.ram/DEVICE_7SERIES.NO_BMM_INFO.SDP.WIDE_PRIM36_NO_ECC.ram has an input control pin xdma_0_i/inst/ram_top/MASTER_READ_BRAM/genblk1[0].u_buffermem/U0/inst_blk_mem_gen/gnbram.gnativebmg.native_blk_mem_gen/valid.cstr/ramloop[0].ram.r/prim_noinit.ram/DEVICE_7SERIES.NO_BMM_INFO.SDP.WIDE_PRIM36_NO_ECC.ram/ADDRARDADDR[13] (net: xdma_0_i/inst/ram_top/MASTER_READ_BRAM/genblk1[0].u_buffermem/U0/inst_blk_mem_gen/gnbram.gnativebmg.native_blk_mem_gen/valid.cstr/ramloop[0].ram.r/prim_noinit.ram/addrb[7]) which is driven by a register (xdma_0_i/inst/xdma_0_pcie2_to_pcie3_wrapper_i/pcie2_ip_i/inst/inst/user_reset_out_reg) that has an active asychronous set or reset. This may cause corruption of the memory contents and/or read values when the set/reset is asserted and is not analyzed by the default static timing analysis. It is suggested to eliminate the use of a set/reset to registers driving this RAMB pin or else use a synchronous reset in which the assertion of the reset is timed by default.
WARNING: [DRC REQP-1839] RAMB36 async control check: The RAMB36E1 xdma_0_i/inst/ram_top/MASTER_READ_BRAM/genblk1[0].u_buffermem/U0/inst_blk_mem_gen/gnbram.gnativebmg.native_blk_mem_gen/valid.cstr/ramloop[0].ram.r/prim_noinit.ram/DEVICE_7SERIES.NO_BMM_INFO.SDP.WIDE_PRIM36_NO_ECC.ram has an input control pin xdma_0_i/inst/ram_top/MASTER_READ_BRAM/genblk1[0].u_buffermem/U0/inst_blk_mem_gen/gnbram.gnativebmg.native_blk_mem_gen/valid.cstr/ramloop[0].ram.r/prim_noinit.ram/DEVICE_7SERIES.NO_BMM_INFO.SDP.WIDE_PRIM36_NO_ECC.ram/ADDRARDADDR[14] (net: xdma_0_i/inst/ram_top/MASTER_READ_BRAM/genblk1[0].u_buffermem/U0/inst_blk_mem_gen/gnbram.gnativebmg.native_blk_mem_gen/valid.cstr/ramloop[0].ram.r/prim_noinit.ram/addrb[8]) which is driven by a register (xdma_0_i/inst/xdma_0_pcie2_to_pcie3_wrapper_i/pcie2_ip_i/inst/inst/user_reset_out_reg) that has an active asychronous set or reset. This may cause corruption of the memory contents and/or read values when the set/reset is asserted and is not analyzed by the default static timing analysis. It is suggested to eliminate the use of a set/reset to registers driving this RAMB pin or else use a synchronous reset in which the assertion of the reset is timed by default.
WARNING: [DRC REQP-1839] RAMB36 async control check: The RAMB36E1 xdma_0_i/inst/ram_top/MASTER_READ_BRAM/genblk1[0].u_buffermem/U0/inst_blk_mem_gen/gnbram.gnativebmg.native_blk_mem_gen/valid.cstr/ramloop[0].ram.r/prim_noinit.ram/DEVICE_7SERIES.NO_BMM_INFO.SDP.WIDE_PRIM36_NO_ECC.ram has an input control pin xdma_0_i/inst/ram_top/MASTER_READ_BRAM/genblk1[0].u_buffermem/U0/inst_blk_mem_gen/gnbram.gnativebmg.native_blk_mem_gen/valid.cstr/ramloop[0].ram.r/prim_noinit.ram/DEVICE_7SERIES.NO_BMM_INFO.SDP.WIDE_PRIM36_NO_ECC.ram/ADDRARDADDR[6] (net: xdma_0_i/inst/ram_top/MASTER_READ_BRAM/genblk1[0].u_buffermem/U0/inst_blk_mem_gen/gnbram.gnativebmg.native_blk_mem_gen/valid.cstr/ramloop[0].ram.r/prim_noinit.ram/addrb[0]) which is driven by a register (xdma_0_i/inst/xdma_0_pcie2_to_pcie3_wrapper_i/pcie2_ip_i/inst/inst/user_reset_out_reg) that has an active asychronous set or reset. This may cause corruption of the memory contents and/or read values when the set/reset is asserted and is not analyzed by the default static timing analysis. It is suggested to eliminate the use of a set/reset to registers driving this RAMB pin or else use a synchronous reset in which the assertion of the reset is timed by default.
WARNING: [DRC REQP-1839] RAMB36 async control check: The RAMB36E1 xdma_0_i/inst/ram_top/MASTER_READ_BRAM/genblk1[0].u_buffermem/U0/inst_blk_mem_gen/gnbram.gnativebmg.native_blk_mem_gen/valid.cstr/ramloop[0].ram.r/prim_noinit.ram/DEVICE_7SERIES.NO_BMM_INFO.SDP.WIDE_PRIM36_NO_ECC.ram has an input control pin xdma_0_i/inst/ram_top/MASTER_READ_BRAM/genblk1[0].u_buffermem/U0/inst_blk_mem_gen/gnbram.gnativebmg.native_blk_mem_gen/valid.cstr/ramloop[0].ram.r/prim_noinit.ram/DEVICE_7SERIES.NO_BMM_INFO.SDP.WIDE_PRIM36_NO_ECC.ram/ADDRARDADDR[7] (net: xdma_0_i/inst/ram_top/MASTER_READ_BRAM/genblk1[0].u_buffermem/U0/inst_blk_mem_gen/gnbram.gnativebmg.native_blk_mem_gen/valid.cstr/ramloop[0].ram.r/prim_noinit.ram/addrb[1]) which is driven by a register (xdma_0_i/inst/xdma_0_pcie2_to_pcie3_wrapper_i/pcie2_ip_i/inst/inst/user_reset_out_reg) that has an active asychronous set or reset. This may cause corruption of the memory contents and/or read values when the set/reset is asserted and is not analyzed by the default static timing analysis. It is suggested to eliminate the use of a set/reset to registers driving this RAMB pin or else use a synchronous reset in which the assertion of the reset is timed by default.
WARNING: [DRC REQP-1839] RAMB36 async control check: The RAMB36E1 xdma_0_i/inst/ram_top/MASTER_READ_BRAM/genblk1[0].u_buffermem/U0/inst_blk_mem_gen/gnbram.gnativebmg.native_blk_mem_gen/valid.cstr/ramloop[0].ram.r/prim_noinit.ram/DEVICE_7SERIES.NO_BMM_INFO.SDP.WIDE_PRIM36_NO_ECC.ram has an input control pin xdma_0_i/inst/ram_top/MASTER_READ_BRAM/genblk1[0].u_buffermem/U0/inst_blk_mem_gen/gnbram.gnativebmg.native_blk_mem_gen/valid.cstr/ramloop[0].ram.r/prim_noinit.ram/DEVICE_7SERIES.NO_BMM_INFO.SDP.WIDE_PRIM36_NO_ECC.ram/ADDRARDADDR[8] (net: xdma_0_i/inst/ram_top/MASTER_READ_BRAM/genblk1[0].u_buffermem/U0/inst_blk_mem_gen/gnbram.gnativebmg.native_blk_mem_gen/valid.cstr/ramloop[0].ram.r/prim_noinit.ram/addrb[2]) which is driven by a register (xdma_0_i/inst/xdma_0_pcie2_to_pcie3_wrapper_i/pcie2_ip_i/inst/inst/user_reset_out_reg) that has an active asychronous set or reset. This may cause corruption of the memory contents and/or read values when the set/reset is asserted and is not analyzed by the default static timing analysis. It is suggested to eliminate the use of a set/reset to registers driving this RAMB pin or else use a synchronous reset in which the assertion of the reset is timed by default.
WARNING: [DRC REQP-1839] RAMB36 async control check: The RAMB36E1 xdma_0_i/inst/ram_top/MASTER_READ_BRAM/genblk1[0].u_buffermem/U0/inst_blk_mem_gen/gnbram.gnativebmg.native_blk_mem_gen/valid.cstr/ramloop[0].ram.r/prim_noinit.ram/DEVICE_7SERIES.NO_BMM_INFO.SDP.WIDE_PRIM36_NO_ECC.ram has an input control pin xdma_0_i/inst/ram_top/MASTER_READ_BRAM/genblk1[0].u_buffermem/U0/inst_blk_mem_gen/gnbram.gnativebmg.native_blk_mem_gen/valid.cstr/ramloop[0].ram.r/prim_noinit.ram/DEVICE_7SERIES.NO_BMM_INFO.SDP.WIDE_PRIM36_NO_ECC.ram/ADDRARDADDR[9] (net: xdma_0_i/inst/ram_top/MASTER_READ_BRAM/genblk1[0].u_buffermem/U0/inst_blk_mem_gen/gnbram.gnativebmg.native_blk_mem_gen/valid.cstr/ramloop[0].ram.r/prim_noinit.ram/addrb[3]) which is driven by a register (xdma_0_i/inst/xdma_0_pcie2_to_pcie3_wrapper_i/pcie2_ip_i/inst/inst/user_reset_out_reg) that has an active asychronous set or reset. This may cause corruption of the memory contents and/or read values when the set/reset is asserted and is not analyzed by the default static timing analysis. It is suggested to eliminate the use of a set/reset to registers driving this RAMB pin or else use a synchronous reset in which the assertion of the reset is timed by default.
WARNING: [DRC REQP-1839] RAMB36 async control check: The RAMB36E1 xdma_0_i/inst/udma_wrapper/dma_top/dma_enable.vul_dma/RD/gen_rdwr_loop[0].gen_rdwr_eng.RDWR_INST/rrq_wadr_nn1_reg has an input control pin xdma_0_i/inst/udma_wrapper/dma_top/dma_enable.vul_dma/RD/gen_rdwr_loop[0].gen_rdwr_eng.RDWR_INST/rrq_wadr_nn1_reg/RSTRAMARSTRAM (net: xdma_0_i/inst/udma_wrapper/dma_top/dma_enable.vul_dma/RD/gen_rdwr_loop[0].gen_rdwr_eng.RDWR_INST/rrq_wadr_nn1_reg_0) which is driven by a register (xdma_0_i/inst/udma_wrapper/dma_top/dma_enable.vul_dma/pcie_h2c_rst_3ff_reg[0]_rep__3) that has an active asychronous set or reset. This may cause corruption of the memory contents and/or read values when the set/reset is asserted and is not analyzed by the default static timing analysis. It is suggested to eliminate the use of a set/reset to registers driving this RAMB pin or else use a synchronous reset in which the assertion of the reset is timed by default.
WARNING: [DRC REQP-1839] RAMB36 async control check: The RAMB36E1 xdma_0_i/inst/udma_wrapper/dma_top/dma_enable.vul_dma/WR/gen_rdwr_loop[0].gen_rdwr_eng.RDWR_INST/rrq_dadr_nn1_reg has an input control pin xdma_0_i/inst/udma_wrapper/dma_top/dma_enable.vul_dma/WR/gen_rdwr_loop[0].gen_rdwr_eng.RDWR_INST/rrq_dadr_nn1_reg/RSTRAMARSTRAM (net: xdma_0_i/inst/udma_wrapper/dma_top/dma_enable.vul_dma/WR/gen_rdwr_loop[0].gen_rdwr_eng.RDWR_INST/rrq_dadr_nn1_reg_0) which is driven by a register (xdma_0_i/inst/udma_wrapper/dma_top/dma_enable.vul_dma/pcie_c2h_rst_3ff_reg[0]_rep__5) that has an active asychronous set or reset. This may cause corruption of the memory contents and/or read values when the set/reset is asserted and is not analyzed by the default static timing analysis. It is suggested to eliminate the use of a set/reset to registers driving this RAMB pin or else use a synchronous reset in which the assertion of the reset is timed by default.
WARNING: [DRC REQP-1839] RAMB36 async control check: The RAMB36E1 xdma_0_i/inst/udma_wrapper/dma_top/dma_enable.vul_dma/WR/gen_rdwr_loop[0].gen_rdwr_eng.RDWR_INST/rrq_wadr_nn1_reg has an input control pin xdma_0_i/inst/udma_wrapper/dma_top/dma_enable.vul_dma/WR/gen_rdwr_loop[0].gen_rdwr_eng.RDWR_INST/rrq_wadr_nn1_reg/RSTRAMARSTRAM (net: xdma_0_i/inst/udma_wrapper/dma_top/dma_enable.vul_dma/WR/gen_rdwr_loop[0].gen_rdwr_eng.RDWR_INST/rrq_wadr_nn1_reg_0) which is driven by a register (xdma_0_i/inst/udma_wrapper/dma_top/dma_enable.vul_dma/pcie_c2h_rst_3ff_reg[0]_rep__4) that has an active asychronous set or reset. This may cause corruption of the memory contents and/or read values when the set/reset is asserted and is not analyzed by the default static timing analysis. It is suggested to eliminate the use of a set/reset to registers driving this RAMB pin or else use a synchronous reset in which the assertion of the reset is timed by default.
WARNING: [DRC REQP-1839] RAMB36 async control check: The RAMB36E1 xdma_0_i/inst/xdma_0_pcie2_to_pcie3_wrapper_i/pcie2_ip_i/inst/inst/pcie_top_i/pcie_7x_i/pcie_bram_top/pcie_brams_rx/brams[0].ram/use_tdp.ramb36/genblk5_0.bram36_tdp_bl.bram36_tdp_bl has an input control pin xdma_0_i/inst/xdma_0_pcie2_to_pcie3_wrapper_i/pcie2_ip_i/inst/inst/pcie_top_i/pcie_7x_i/pcie_bram_top/pcie_brams_rx/brams[0].ram/use_tdp.ramb36/genblk5_0.bram36_tdp_bl.bram36_tdp_bl/ADDRARDADDR[10] (net: xdma_0_i/inst/xdma_0_pcie2_to_pcie3_wrapper_i/pcie2_ip_i/inst/inst/pcie_top_i/pcie_7x_i/pcie_bram_top/pcie_brams_rx/brams[0].ram/use_tdp.ramb36/MIMRXWADDR[6]) which is driven by a register (xdma_0_i/inst/xdma_0_pcie2_to_pcie3_wrapper_i/xdma_0_axi_stream_intf_i/xdma_0_rx_demux_i/tgt_brdg_fifo_inst/U0/inst_fifo_gen/gaxis_fifo.gaxisf.axisf/grf.rf/gntv_or_sync_fifo.gl0.wr/gwss.gpf.wrpf/gpfs.prog_full_i_reg) that has an active asychronous set or reset. This may cause corruption of the memory contents and/or read values when the set/reset is asserted and is not analyzed by the default static timing analysis. It is suggested to eliminate the use of a set/reset to registers driving this RAMB pin or else use a synchronous reset in which the assertion of the reset is timed by default.
WARNING: [DRC REQP-1839] RAMB36 async control check: The RAMB36E1 xdma_0_i/inst/xdma_0_pcie2_to_pcie3_wrapper_i/pcie2_ip_i/inst/inst/pcie_top_i/pcie_7x_i/pcie_bram_top/pcie_brams_rx/brams[0].ram/use_tdp.ramb36/genblk5_0.bram36_tdp_bl.bram36_tdp_bl has an input control pin xdma_0_i/inst/xdma_0_pcie2_to_pcie3_wrapper_i/pcie2_ip_i/inst/inst/pcie_top_i/pcie_7x_i/pcie_bram_top/pcie_brams_rx/brams[0].ram/use_tdp.ramb36/genblk5_0.bram36_tdp_bl.bram36_tdp_bl/ADDRARDADDR[11] (net: xdma_0_i/inst/xdma_0_pcie2_to_pcie3_wrapper_i/pcie2_ip_i/inst/inst/pcie_top_i/pcie_7x_i/pcie_bram_top/pcie_brams_rx/brams[0].ram/use_tdp.ramb36/MIMRXWADDR[7]) which is driven by a register (xdma_0_i/inst/xdma_0_pcie2_to_pcie3_wrapper_i/xdma_0_axi_stream_intf_i/xdma_0_rx_demux_i/tgt_brdg_fifo_inst/U0/inst_fifo_gen/gaxis_fifo.gaxisf.axisf/grf.rf/gntv_or_sync_fifo.gl0.wr/gwss.gpf.wrpf/gpfs.prog_full_i_reg) that has an active asychronous set or reset. This may cause corruption of the memory contents and/or read values when the set/reset is asserted and is not analyzed by the default static timing analysis. It is suggested to eliminate the use of a set/reset to registers driving this RAMB pin or else use a synchronous reset in which the assertion of the reset is timed by default.
WARNING: [DRC REQP-1839] RAMB36 async control check: The RAMB36E1 xdma_0_i/inst/xdma_0_pcie2_to_pcie3_wrapper_i/pcie2_ip_i/inst/inst/pcie_top_i/pcie_7x_i/pcie_bram_top/pcie_brams_rx/brams[0].ram/use_tdp.ramb36/genblk5_0.bram36_tdp_bl.bram36_tdp_bl has an input control pin xdma_0_i/inst/xdma_0_pcie2_to_pcie3_wrapper_i/pcie2_ip_i/inst/inst/pcie_top_i/pcie_7x_i/pcie_bram_top/pcie_brams_rx/brams[0].ram/use_tdp.ramb36/genblk5_0.bram36_tdp_bl.bram36_tdp_bl/ADDRARDADDR[12] (net: xdma_0_i/inst/xdma_0_pcie2_to_pcie3_wrapper_i/pcie2_ip_i/inst/inst/pcie_top_i/pcie_7x_i/pcie_bram_top/pcie_brams_rx/brams[0].ram/use_tdp.ramb36/MIMRXWADDR[8]) which is driven by a register (xdma_0_i/inst/xdma_0_pcie2_to_pcie3_wrapper_i/xdma_0_axi_stream_intf_i/xdma_0_rx_demux_i/tgt_brdg_fifo_inst/U0/inst_fifo_gen/gaxis_fifo.gaxisf.axisf/grf.rf/gntv_or_sync_fifo.gl0.wr/gwss.gpf.wrpf/gpfs.prog_full_i_reg) that has an active asychronous set or reset. This may cause corruption of the memory contents and/or read values when the set/reset is asserted and is not analyzed by the default static timing analysis. It is suggested to eliminate the use of a set/reset to registers driving this RAMB pin or else use a synchronous reset in which the assertion of the reset is timed by default.
WARNING: [DRC REQP-1839] RAMB36 async control check: The RAMB36E1 xdma_0_i/inst/xdma_0_pcie2_to_pcie3_wrapper_i/pcie2_ip_i/inst/inst/pcie_top_i/pcie_7x_i/pcie_bram_top/pcie_brams_rx/brams[0].ram/use_tdp.ramb36/genblk5_0.bram36_tdp_bl.bram36_tdp_bl has an input control pin xdma_0_i/inst/xdma_0_pcie2_to_pcie3_wrapper_i/pcie2_ip_i/inst/inst/pcie_top_i/pcie_7x_i/pcie_bram_top/pcie_brams_rx/brams[0].ram/use_tdp.ramb36/genblk5_0.bram36_tdp_bl.bram36_tdp_bl/ADDRARDADDR[13] (net: xdma_0_i/inst/xdma_0_pcie2_to_pcie3_wrapper_i/pcie2_ip_i/inst/inst/pcie_top_i/pcie_7x_i/pcie_bram_top/pcie_brams_rx/brams[0].ram/use_tdp.ramb36/MIMRXWADDR[9]) which is driven by a register (xdma_0_i/inst/xdma_0_pcie2_to_pcie3_wrapper_i/xdma_0_axi_stream_intf_i/xdma_0_rx_demux_i/tgt_brdg_fifo_inst/U0/inst_fifo_gen/gaxis_fifo.gaxisf.axisf/grf.rf/gntv_or_sync_fifo.gl0.wr/gwss.gpf.wrpf/gpfs.prog_full_i_reg) that has an active asychronous set or reset. This may cause corruption of the memory contents and/or read values when the set/reset is asserted and is not analyzed by the default static timing analysis. It is suggested to eliminate the use of a set/reset to registers driving this RAMB pin or else use a synchronous reset in which the assertion of the reset is timed by default.
WARNING: [DRC REQP-1839] RAMB36 async control check: The RAMB36E1 xdma_0_i/inst/xdma_0_pcie2_to_pcie3_wrapper_i/pcie2_ip_i/inst/inst/pcie_top_i/pcie_7x_i/pcie_bram_top/pcie_brams_rx/brams[0].ram/use_tdp.ramb36/genblk5_0.bram36_tdp_bl.bram36_tdp_bl has an input control pin xdma_0_i/inst/xdma_0_pcie2_to_pcie3_wrapper_i/pcie2_ip_i/inst/inst/pcie_top_i/pcie_7x_i/pcie_bram_top/pcie_brams_rx/brams[0].ram/use_tdp.ramb36/genblk5_0.bram36_tdp_bl.bram36_tdp_bl/ADDRARDADDR[14] (net: xdma_0_i/inst/xdma_0_pcie2_to_pcie3_wrapper_i/pcie2_ip_i/inst/inst/pcie_top_i/pcie_7x_i/pcie_bram_top/pcie_brams_rx/brams[0].ram/use_tdp.ramb36/MIMRXWADDR[10]) which is driven by a register (xdma_0_i/inst/xdma_0_pcie2_to_pcie3_wrapper_i/xdma_0_axi_stream_intf_i/xdma_0_rx_demux_i/tgt_brdg_fifo_inst/U0/inst_fifo_gen/gaxis_fifo.gaxisf.axisf/grf.rf/gntv_or_sync_fifo.gl0.wr/gwss.gpf.wrpf/gpfs.prog_full_i_reg) that has an active asychronous set or reset. This may cause corruption of the memory contents and/or read values when the set/reset is asserted and is not analyzed by the default static timing analysis. It is suggested to eliminate the use of a set/reset to registers driving this RAMB pin or else use a synchronous reset in which the assertion of the reset is timed by default.
WARNING: [DRC REQP-1839] RAMB36 async control check: The RAMB36E1 xdma_0_i/inst/xdma_0_pcie2_to_pcie3_wrapper_i/pcie2_ip_i/inst/inst/pcie_top_i/pcie_7x_i/pcie_bram_top/pcie_brams_rx/brams[0].ram/use_tdp.ramb36/genblk5_0.bram36_tdp_bl.bram36_tdp_bl has an input control pin xdma_0_i/inst/xdma_0_pcie2_to_pcie3_wrapper_i/pcie2_ip_i/inst/inst/pcie_top_i/pcie_7x_i/pcie_bram_top/pcie_brams_rx/brams[0].ram/use_tdp.ramb36/genblk5_0.bram36_tdp_bl.bram36_tdp_bl/ADDRARDADDR[7] (net: xdma_0_i/inst/xdma_0_pcie2_to_pcie3_wrapper_i/pcie2_ip_i/inst/inst/pcie_top_i/pcie_7x_i/pcie_bram_top/pcie_brams_rx/brams[0].ram/use_tdp.ramb36/MIMRXWADDR[3]) which is driven by a register (xdma_0_i/inst/xdma_0_pcie2_to_pcie3_wrapper_i/xdma_0_axi_stream_intf_i/xdma_0_rx_demux_i/tgt_brdg_fifo_inst/U0/inst_fifo_gen/gaxis_fifo.gaxisf.axisf/grf.rf/gntv_or_sync_fifo.gl0.wr/gwss.gpf.wrpf/gpfs.prog_full_i_reg) that has an active asychronous set or reset. This may cause corruption of the memory contents and/or read values when the set/reset is asserted and is not analyzed by the default static timing analysis. It is suggested to eliminate the use of a set/reset to registers driving this RAMB pin or else use a synchronous reset in which the assertion of the reset is timed by default.
WARNING: [DRC REQP-1839] RAMB36 async control check: The RAMB36E1 xdma_0_i/inst/xdma_0_pcie2_to_pcie3_wrapper_i/pcie2_ip_i/inst/inst/pcie_top_i/pcie_7x_i/pcie_bram_top/pcie_brams_rx/brams[0].ram/use_tdp.ramb36/genblk5_0.bram36_tdp_bl.bram36_tdp_bl has an input control pin xdma_0_i/inst/xdma_0_pcie2_to_pcie3_wrapper_i/pcie2_ip_i/inst/inst/pcie_top_i/pcie_7x_i/pcie_bram_top/pcie_brams_rx/brams[0].ram/use_tdp.ramb36/genblk5_0.bram36_tdp_bl.bram36_tdp_bl/ADDRARDADDR[8] (net: xdma_0_i/inst/xdma_0_pcie2_to_pcie3_wrapper_i/pcie2_ip_i/inst/inst/pcie_top_i/pcie_7x_i/pcie_bram_top/pcie_brams_rx/brams[0].ram/use_tdp.ramb36/MIMRXWADDR[4]) which is driven by a register (xdma_0_i/inst/xdma_0_pcie2_to_pcie3_wrapper_i/xdma_0_axi_stream_intf_i/xdma_0_rx_demux_i/tgt_brdg_fifo_inst/U0/inst_fifo_gen/gaxis_fifo.gaxisf.axisf/grf.rf/gntv_or_sync_fifo.gl0.wr/gwss.gpf.wrpf/gpfs.prog_full_i_reg) that has an active asychronous set or reset. This may cause corruption of the memory contents and/or read values when the set/reset is asserted and is not analyzed by the default static timing analysis. It is suggested to eliminate the use of a set/reset to registers driving this RAMB pin or else use a synchronous reset in which the assertion of the reset is timed by default.
WARNING: [DRC REQP-1839] RAMB36 async control check: The RAMB36E1 xdma_0_i/inst/xdma_0_pcie2_to_pcie3_wrapper_i/pcie2_ip_i/inst/inst/pcie_top_i/pcie_7x_i/pcie_bram_top/pcie_brams_rx/brams[0].ram/use_tdp.ramb36/genblk5_0.bram36_tdp_bl.bram36_tdp_bl has an input control pin xdma_0_i/inst/xdma_0_pcie2_to_pcie3_wrapper_i/pcie2_ip_i/inst/inst/pcie_top_i/pcie_7x_i/pcie_bram_top/pcie_brams_rx/brams[0].ram/use_tdp.ramb36/genblk5_0.bram36_tdp_bl.bram36_tdp_bl/ADDRARDADDR[9] (net: xdma_0_i/inst/xdma_0_pcie2_to_pcie3_wrapper_i/pcie2_ip_i/inst/inst/pcie_top_i/pcie_7x_i/pcie_bram_top/pcie_brams_rx/brams[0].ram/use_tdp.ramb36/MIMRXWADDR[5]) which is driven by a register (xdma_0_i/inst/xdma_0_pcie2_to_pcie3_wrapper_i/xdma_0_axi_stream_intf_i/xdma_0_rx_demux_i/tgt_brdg_fifo_inst/U0/inst_fifo_gen/gaxis_fifo.gaxisf.axisf/grf.rf/gntv_or_sync_fifo.gl0.wr/gwss.gpf.wrpf/gpfs.prog_full_i_reg) that has an active asychronous set or reset. This may cause corruption of the memory contents and/or read values when the set/reset is asserted and is not analyzed by the default static timing analysis. It is suggested to eliminate the use of a set/reset to registers driving this RAMB pin or else use a synchronous reset in which the assertion of the reset is timed by default.
WARNING: [DRC REQP-1840] RAMB18 async control check: The RAMB18E1 xdma_0_i/inst/xdma_0_pcie2_to_pcie3_wrapper_i/xdma_0_axi_stream_intf_i/xdma_0_rx_demux_i/dma_cpl_fifo_inst/U0/inst_fifo_gen/gaxis_fifo.gaxisf.axisf/grf.rf/gntv_or_sync_fifo.mem/gbm.gbmg.gbmga.ngecc.bmg/inst_blk_mem_gen/gnbram.gnativebmg.native_blk_mem_gen/valid.cstr/ramloop[0].ram.r/prim_noinit.ram/DEVICE_7SERIES.NO_BMM_INFO.SDP.WIDE_PRIM18.ram has an input control pin xdma_0_i/inst/xdma_0_pcie2_to_pcie3_wrapper_i/xdma_0_axi_stream_intf_i/xdma_0_rx_demux_i/dma_cpl_fifo_inst/U0/inst_fifo_gen/gaxis_fifo.gaxisf.axisf/grf.rf/gntv_or_sync_fifo.mem/gbm.gbmg.gbmga.ngecc.bmg/inst_blk_mem_gen/gnbram.gnativebmg.native_blk_mem_gen/valid.cstr/ramloop[0].ram.r/prim_noinit.ram/DEVICE_7SERIES.NO_BMM_INFO.SDP.WIDE_PRIM18.ram/ENARDEN (net: xdma_0_i/inst/xdma_0_pcie2_to_pcie3_wrapper_i/xdma_0_axi_stream_intf_i/xdma_0_rx_demux_i/dma_cpl_fifo_inst/U0/inst_fifo_gen/gaxis_fifo.gaxisf.axisf/grf.rf/gntv_or_sync_fifo.mem/gbm.gbmg.gbmga.ngecc.bmg/inst_blk_mem_gen/gnbram.gnativebmg.native_blk_mem_gen/valid.cstr/ramloop[0].ram.r/prim_noinit.ram/ram_rd_en_i) which is driven by a register (xdma_0_i/inst/xdma_0_pcie2_to_pcie3_wrapper_i/pcie2_ip_i/inst/inst/user_reset_out_reg) that has an active asychronous set or reset. This may cause corruption of the memory contents and/or read values when the set/reset is asserted and is not analyzed by the default static timing analysis. It is suggested to eliminate the use of a set/reset to registers driving this RAMB pin or else use a synchronous reset in which the assertion of the reset is timed by default.
INFO: [Vivado_Tcl 4-198] DRC finished with 0 Errors, 22 Warnings
INFO: [Vivado_Tcl 4-199] Please refer to the DRC report (report_drc) for more information.

Starting Placer Task
INFO: [Place 30-611] Multithreading enabled for place_design using a maximum of 2 CPUs

Phase 1 Placer Initialization

Phase 1.1 Placer Initialization Netlist Sorting
Netlist sorting complete. Time (s): cpu = 00:00:00 ; elapsed = 00:00:00.009 . Memory (MB): peak = 2021.313 ; gain = 0.000
Phase 1.1 Placer Initialization Netlist Sorting | Checksum: c69de4bc

Time (s): cpu = 00:00:00 ; elapsed = 00:00:00.027 . Memory (MB): peak = 2021.313 ; gain = 0.000
Netlist sorting complete. Time (s): cpu = 00:00:00 ; elapsed = 00:00:00.009 . Memory (MB): peak = 2021.313 ; gain = 0.000

Phase 1.2 IO Placement/ Clock Placement/ Build Placer Device
INFO: [Timing 38-35] Done setting XDC timing constraints.
Phase 1.2 IO Placement/ Clock Placement/ Build Placer Device | Checksum: 12f997306

Time (s): cpu = 00:00:06 ; elapsed = 00:00:05 . Memory (MB): peak = 2021.313 ; gain = 0.000

Phase 1.3 Build Placer Netlist Model
Phase 1.3 Build Placer Netlist Model | Checksum: 1f30f2b30

Time (s): cpu = 00:00:13 ; elapsed = 00:00:10 . Memory (MB): peak = 2021.313 ; gain = 0.000

Phase 1.4 Constrain Clocks/Macros
Phase 1.4 Constrain Clocks/Macros | Checksum: 1f30f2b30

Time (s): cpu = 00:00:13 ; elapsed = 00:00:10 . Memory (MB): peak = 2021.313 ; gain = 0.000
Phase 1 Placer Initialization | Checksum: 1f30f2b30

Time (s): cpu = 00:00:13 ; elapsed = 00:00:10 . Memory (MB): peak = 2021.313 ; gain = 0.000

Phase 2 Global Placement

Phase 2.1 Floorplanning
Phase 2.1 Floorplanning | Checksum: 1b098d2d5

Time (s): cpu = 00:00:16 ; elapsed = 00:00:12 . Memory (MB): peak = 2021.313 ; gain = 0.000

Phase 2.2 Physical Synthesis In Placer
INFO: [Physopt 32-65] No nets found for high-fanout optimization.
INFO: [Physopt 32-232] Optimized 0 net. Created 0 new instance.
INFO: [Physopt 32-775] End 1 Pass. Optimized 0 net or cell. Created 0 new cell, deleted 0 existing cell and moved 0 existing cell
INFO: [Physopt 32-670] No setup violation found.  DSP Register Optimization was not performed.
INFO: [Physopt 32-670] No setup violation found.  Shift Register Optimization was not performed.
INFO: [Physopt 32-670] No setup violation found.  BRAM Register Optimization was not performed.
INFO: [Physopt 32-949] No candidate nets found for HD net replication
INFO: [Physopt 32-775] End 1 Pass. Optimized 0 net or cell. Created 0 new cell, deleted 0 existing cell and moved 0 existing cell
Netlist sorting complete. Time (s): cpu = 00:00:00 ; elapsed = 00:00:00.009 . Memory (MB): peak = 2021.313 ; gain = 0.000

Summary of Physical Synthesis Optimizations
============================================


----------------------------------------------------------------------------------------------------------------------------------------
|  Optimization                  |  Added Cells  |  Removed Cells  |  Optimized Cells/Nets  |  Dont Touch  |  Iterations  |  Elapsed   |
----------------------------------------------------------------------------------------------------------------------------------------
|  Very High Fanout              |            0  |              0  |                     0  |           0  |           1  |  00:00:00  |
|  DSP Register                  |            0  |              0  |                     0  |           0  |           0  |  00:00:00  |
|  Shift Register                |            0  |              0  |                     0  |           0  |           0  |  00:00:00  |
|  BRAM Register                 |            0  |              0  |                     0  |           0  |           0  |  00:00:00  |
|  HD Interface Net Replication  |            0  |              0  |                     0  |           0  |           1  |  00:00:00  |
|  Total                         |            0  |              0  |                     0  |           0  |           2  |  00:00:00  |
----------------------------------------------------------------------------------------------------------------------------------------


Phase 2.2 Physical Synthesis In Placer | Checksum: 16d96f2ef

Time (s): cpu = 00:00:41 ; elapsed = 00:00:31 . Memory (MB): peak = 2021.313 ; gain = 0.000
Phase 2 Global Placement | Checksum: 14dc25fc3

Time (s): cpu = 00:00:42 ; elapsed = 00:00:32 . Memory (MB): peak = 2021.313 ; gain = 0.000

Phase 3 Detail Placement

Phase 3.1 Commit Multi Column Macros
Phase 3.1 Commit Multi Column Macros | Checksum: 14dc25fc3

Time (s): cpu = 00:00:42 ; elapsed = 00:00:32 . Memory (MB): peak = 2021.313 ; gain = 0.000

Phase 3.2 Commit Most Macros & LUTRAMs
Phase 3.2 Commit Most Macros & LUTRAMs | Checksum: 156846f08

Time (s): cpu = 00:00:48 ; elapsed = 00:00:36 . Memory (MB): peak = 2021.313 ; gain = 0.000

Phase 3.3 Area Swap Optimization
Phase 3.3 Area Swap Optimization | Checksum: 10823065a

Time (s): cpu = 00:00:48 ; elapsed = 00:00:36 . Memory (MB): peak = 2021.313 ; gain = 0.000

Phase 3.4 Pipeline Register Optimization
Phase 3.4 Pipeline Register Optimization | Checksum: 1435cf4c9

Time (s): cpu = 00:00:48 ; elapsed = 00:00:36 . Memory (MB): peak = 2021.313 ; gain = 0.000

Phase 3.5 Small Shape Detail Placement
Phase 3.5 Small Shape Detail Placement | Checksum: 17f5950ab

Time (s): cpu = 00:00:55 ; elapsed = 00:00:43 . Memory (MB): peak = 2021.313 ; gain = 0.000

Phase 3.6 Re-assign LUT pins
Phase 3.6 Re-assign LUT pins | Checksum: 1b00febac

Time (s): cpu = 00:00:56 ; elapsed = 00:00:44 . Memory (MB): peak = 2021.313 ; gain = 0.000

Phase 3.7 Pipeline Register Optimization
Phase 3.7 Pipeline Register Optimization | Checksum: 126c2c30d

Time (s): cpu = 00:00:56 ; elapsed = 00:00:44 . Memory (MB): peak = 2021.313 ; gain = 0.000
Phase 3 Detail Placement | Checksum: 126c2c30d

Time (s): cpu = 00:00:57 ; elapsed = 00:00:44 . Memory (MB): peak = 2021.313 ; gain = 0.000

Phase 4 Post Placement Optimization and Clean-Up

Phase 4.1 Post Commit Optimization
INFO: [Timing 38-35] Done setting XDC timing constraints.

Phase 4.1.1 Post Placement Optimization
Post Placement Optimization Initialization | Checksum: df0c3fcc

Phase 4.1.1.1 BUFG Insertion
INFO: [Place 46-33] Processed net xdma_0_i/inst/udma_wrapper/dma_top/dma_pcie_req/dma_pcie_rc/u_dma_rc_mem_pfch/user_rst_n_3ff_reg[0], BUFG insertion was skipped due to placement/routing conflicts.
INFO: [Place 46-46] BUFG insertion identified 1 candidate nets, 0 success, 0 bufg driver replicated, 1 skipped for placement/routing, 0 skipped for timing, 0 skipped for netlist change reason
Phase 4.1.1.1 BUFG Insertion | Checksum: df0c3fcc

Time (s): cpu = 00:01:04 ; elapsed = 00:00:49 . Memory (MB): peak = 2021.313 ; gain = 0.000
INFO: [Place 30-746] Post Placement Timing Summary WNS=2.433. For the most accurate timing information please run report_timing.
Phase 4.1.1 Post Placement Optimization | Checksum: 11be8f629

Time (s): cpu = 00:01:04 ; elapsed = 00:00:49 . Memory (MB): peak = 2021.313 ; gain = 0.000
Phase 4.1 Post Commit Optimization | Checksum: 11be8f629

Time (s): cpu = 00:01:04 ; elapsed = 00:00:49 . Memory (MB): peak = 2021.313 ; gain = 0.000

Phase 4.2 Post Placement Cleanup
Phase 4.2 Post Placement Cleanup | Checksum: 11be8f629

Time (s): cpu = 00:01:04 ; elapsed = 00:00:50 . Memory (MB): peak = 2021.313 ; gain = 0.000

Phase 4.3 Placer Reporting
Phase 4.3 Placer Reporting | Checksum: 11be8f629

Time (s): cpu = 00:01:05 ; elapsed = 00:00:50 . Memory (MB): peak = 2021.313 ; gain = 0.000

Phase 4.4 Final Placement Cleanup
Netlist sorting complete. Time (s): cpu = 00:00:00 ; elapsed = 00:00:00.009 . Memory (MB): peak = 2021.313 ; gain = 0.000
Phase 4.4 Final Placement Cleanup | Checksum: 116621a83

Time (s): cpu = 00:01:05 ; elapsed = 00:00:50 . Memory (MB): peak = 2021.313 ; gain = 0.000
Phase 4 Post Placement Optimization and Clean-Up | Checksum: 116621a83

Time (s): cpu = 00:01:05 ; elapsed = 00:00:50 . Memory (MB): peak = 2021.313 ; gain = 0.000
Ending Placer Task | Checksum: 30f851d1

Time (s): cpu = 00:01:05 ; elapsed = 00:00:50 . Memory (MB): peak = 2021.313 ; gain = 0.000
INFO: [Common 17-83] Releasing license: Implementation
70 Infos, 36 Warnings, 13 Critical Warnings and 0 Errors encountered.
place_design completed successfully
place_design: Time (s): cpu = 00:01:08 ; elapsed = 00:00:52 . Memory (MB): peak = 2021.313 ; gain = 0.000
Netlist sorting complete. Time (s): cpu = 00:00:00 ; elapsed = 00:00:00.009 . Memory (MB): peak = 2021.313 ; gain = 0.000
INFO: [Timing 38-480] Writing timing data to binary archive.
Writing placer database...
Netlist sorting complete. Time (s): cpu = 00:00:00 ; elapsed = 00:00:00.009 . Memory (MB): peak = 2021.313 ; gain = 0.000
Writing XDEF routing.
Writing XDEF routing logical nets.
Writing XDEF routing special nets.
Write XDEF Complete: Time (s): cpu = 00:00:06 ; elapsed = 00:00:02 . Memory (MB): peak = 2021.313 ; gain = 0.000
INFO: [Common 17-1381] The checkpoint 'd:/Documents/FPGA-Miner/xilinx-study/pci-e/pg195-4/xdma_0_ex/xdma_0_ex.runs/impl_1/xilinx_dma_pcie_ep_placed.dcp' has been generated.
INFO: [runtcl-4] Executing : report_io -file xilinx_dma_pcie_ep_io_placed.rpt
report_io: Time (s): cpu = 00:00:00 ; elapsed = 00:00:00.092 . Memory (MB): peak = 2021.313 ; gain = 0.000
INFO: [runtcl-4] Executing : report_utilization -file xilinx_dma_pcie_ep_utilization_placed.rpt -pb xilinx_dma_pcie_ep_utilization_placed.pb
INFO: [runtcl-4] Executing : report_control_sets -verbose -file xilinx_dma_pcie_ep_control_sets_placed.rpt
report_control_sets: Time (s): cpu = 00:00:00 ; elapsed = 00:00:00.102 . Memory (MB): peak = 2021.313 ; gain = 0.000
Command: route_design
Attempting to get a license for feature 'Implementation' and/or device 'xc7k410t'
INFO: [Common 17-349] Got license for feature 'Implementation' and/or device 'xc7k410t'
Running DRC as a precondition to command route_design
INFO: [DRC 23-27] Running DRC with 2 threads
INFO: [Vivado_Tcl 4-198] DRC finished with 0 Errors
INFO: [Vivado_Tcl 4-199] Please refer to the DRC report (report_drc) for more information.


Starting Routing Task
INFO: [Route 35-254] Multithreading enabled for route_design using a maximum of 2 CPUs
Checksum: PlaceDB: 827aecb ConstDB: 0 ShapeSum: 28d0a306 RouteDB: 0

Phase 1 Build RT Design
Phase 1 Build RT Design | Checksum: a5666ea2

Time (s): cpu = 00:00:53 ; elapsed = 00:00:37 . Memory (MB): peak = 2098.098 ; gain = 76.785
Post Restoration Checksum: NetGraph: 236299eb NumContArr: 8203d4b7 Constraints: 0 Timing: 0

Phase 2 Router Initialization

Phase 2.1 Create Timer
Phase 2.1 Create Timer | Checksum: a5666ea2

Time (s): cpu = 00:00:53 ; elapsed = 00:00:37 . Memory (MB): peak = 2120.445 ; gain = 99.133

Phase 2.2 Fix Topology Constraints
Phase 2.2 Fix Topology Constraints | Checksum: a5666ea2

Time (s): cpu = 00:00:53 ; elapsed = 00:00:37 . Memory (MB): peak = 2129.078 ; gain = 107.766

Phase 2.3 Pre Route Cleanup
Phase 2.3 Pre Route Cleanup | Checksum: a5666ea2

Time (s): cpu = 00:00:53 ; elapsed = 00:00:37 . Memory (MB): peak = 2129.078 ; gain = 107.766
 Number of Nodes with overlaps = 0

Phase 2.4 Update Timing
Phase 2.4 Update Timing | Checksum: 16cd2fc0a

Time (s): cpu = 00:01:02 ; elapsed = 00:00:44 . Memory (MB): peak = 2206.129 ; gain = 184.816
INFO: [Route 35-416] Intermediate Timing Summary | WNS=2.627  | TNS=0.000  | WHS=-0.451 | THS=-1713.748|

Phase 2 Router Initialization | Checksum: 6669a2b9

Time (s): cpu = 00:01:06 ; elapsed = 00:00:46 . Memory (MB): peak = 2206.129 ; gain = 184.816

Phase 3 Initial Routing
Phase 3 Initial Routing | Checksum: 56f4267a

Time (s): cpu = 00:01:16 ; elapsed = 00:00:52 . Memory (MB): peak = 2206.129 ; gain = 184.816

Phase 4 Rip-up And Reroute

Phase 4.1 Global Iteration 0
 Number of Nodes with overlaps = 1969
 Number of Nodes with overlaps = 75
 Number of Nodes with overlaps = 3
 Number of Nodes with overlaps = 0
INFO: [Route 35-416] Intermediate Timing Summary | WNS=1.509  | TNS=0.000  | WHS=N/A    | THS=N/A    |

Phase 4.1 Global Iteration 0 | Checksum: 193796269

Time (s): cpu = 00:01:28 ; elapsed = 00:00:59 . Memory (MB): peak = 2206.129 ; gain = 184.816
Phase 4 Rip-up And Reroute | Checksum: 193796269

Time (s): cpu = 00:01:28 ; elapsed = 00:00:59 . Memory (MB): peak = 2206.129 ; gain = 184.816

Phase 5 Delay and Skew Optimization

Phase 5.1 Delay CleanUp
Phase 5.1 Delay CleanUp | Checksum: 193796269

Time (s): cpu = 00:01:28 ; elapsed = 00:00:59 . Memory (MB): peak = 2206.129 ; gain = 184.816

Phase 5.2 Clock Skew Optimization
Phase 5.2 Clock Skew Optimization | Checksum: 193796269

Time (s): cpu = 00:01:28 ; elapsed = 00:00:59 . Memory (MB): peak = 2206.129 ; gain = 184.816
Phase 5 Delay and Skew Optimization | Checksum: 193796269

Time (s): cpu = 00:01:28 ; elapsed = 00:00:59 . Memory (MB): peak = 2206.129 ; gain = 184.816

Phase 6 Post Hold Fix

Phase 6.1 Hold Fix Iter

Phase 6.1.1 Update Timing
Phase 6.1.1 Update Timing | Checksum: ba547ca2

Time (s): cpu = 00:01:30 ; elapsed = 00:01:00 . Memory (MB): peak = 2206.129 ; gain = 184.816
INFO: [Route 35-416] Intermediate Timing Summary | WNS=1.522  | TNS=0.000  | WHS=0.035  | THS=0.000  |

Phase 6.1 Hold Fix Iter | Checksum: ba547ca2

Time (s): cpu = 00:01:30 ; elapsed = 00:01:00 . Memory (MB): peak = 2206.129 ; gain = 184.816
Phase 6 Post Hold Fix | Checksum: ba547ca2

Time (s): cpu = 00:01:30 ; elapsed = 00:01:00 . Memory (MB): peak = 2206.129 ; gain = 184.816

Phase 7 Route finalize

Router Utilization Summary
  Global Vertical Routing Utilization    = 1.01593 %
  Global Horizontal Routing Utilization  = 1.20592 %
  Routable Net Status*
  *Does not include unroutable nets such as driverless and loadless.
  Run report_route_status for detailed report.
  Number of Failed Nets               = 0
  Number of Unrouted Nets             = 0
  Number of Partially Routed Nets     = 0
  Number of Node Overlaps             = 0

Phase 7 Route finalize | Checksum: 11ef209d1

Time (s): cpu = 00:01:30 ; elapsed = 00:01:01 . Memory (MB): peak = 2206.129 ; gain = 184.816

Phase 8 Verifying routed nets

 Verification completed successfully
Phase 8 Verifying routed nets | Checksum: 11ef209d1

Time (s): cpu = 00:01:30 ; elapsed = 00:01:01 . Memory (MB): peak = 2206.129 ; gain = 184.816

Phase 9 Depositing Routes
INFO: [Route 35-467] Router swapped GT pin xdma_0_i/inst/xdma_0_pcie2_to_pcie3_wrapper_i/pcie2_ip_i/inst/inst/gt_top_i/pipe_wrapper_i/pipe_lane[0].gt_wrapper_i/gtx_channel.gtxe2_channel_i/GTREFCLK0 to physical pin GTXE2_CHANNEL_X0Y7/GTNORTHREFCLK0
INFO: [Route 35-467] Router swapped GT pin xdma_0_i/inst/xdma_0_pcie2_to_pcie3_wrapper_i/pcie2_ip_i/inst/inst/gt_top_i/pipe_wrapper_i/pipe_lane[0].pipe_quad.gt_common_enabled.gt_common_int.gt_common_i/qpll_wrapper_i/gtx_common.gtxe2_common_i/GTREFCLK0 to physical pin GTXE2_COMMON_X0Y1/GTNORTHREFCLK0
Phase 9 Depositing Routes | Checksum: 19f8fbbe8

Time (s): cpu = 00:01:32 ; elapsed = 00:01:03 . Memory (MB): peak = 2206.129 ; gain = 184.816

Phase 10 Post Router Timing
INFO: [Route 35-57] Estimated Timing Summary | WNS=1.522  | TNS=0.000  | WHS=0.035  | THS=0.000  |

INFO: [Route 35-327] The final timing numbers are based on the router estimated timing analysis. For a complete and accurate timing signoff, please run report_timing_summary.
Phase 10 Post Router Timing | Checksum: 19f8fbbe8

Time (s): cpu = 00:01:32 ; elapsed = 00:01:03 . Memory (MB): peak = 2206.129 ; gain = 184.816
INFO: [Route 35-16] Router Completed Successfully

Time (s): cpu = 00:01:32 ; elapsed = 00:01:03 . Memory (MB): peak = 2206.129 ; gain = 184.816

Routing Is Done.
INFO: [Common 17-83] Releasing license: Implementation
89 Infos, 36 Warnings, 13 Critical Warnings and 0 Errors encountered.
route_design completed successfully
route_design: Time (s): cpu = 00:01:36 ; elapsed = 00:01:05 . Memory (MB): peak = 2206.129 ; gain = 184.816
Netlist sorting complete. Time (s): cpu = 00:00:00 ; elapsed = 00:00:00.010 . Memory (MB): peak = 2206.129 ; gain = 0.000
INFO: [Timing 38-480] Writing timing data to binary archive.
Writing placer database...
Netlist sorting complete. Time (s): cpu = 00:00:00 ; elapsed = 00:00:00.009 . Memory (MB): peak = 2206.129 ; gain = 0.000
Writing XDEF routing.
Writing XDEF routing logical nets.
Writing XDEF routing special nets.
Write XDEF Complete: Time (s): cpu = 00:00:07 ; elapsed = 00:00:02 . Memory (MB): peak = 2206.129 ; gain = 0.000
INFO: [Common 17-1381] The checkpoint 'd:/Documents/FPGA-Miner/xilinx-study/pci-e/pg195-4/xdma_0_ex/xdma_0_ex.runs/impl_1/xilinx_dma_pcie_ep_routed.dcp' has been generated.
write_checkpoint: Time (s): cpu = 00:00:09 ; elapsed = 00:00:05 . Memory (MB): peak = 2206.129 ; gain = 0.000
INFO: [runtcl-4] Executing : report_drc -file xilinx_dma_pcie_ep_drc_routed.rpt -pb xilinx_dma_pcie_ep_drc_routed.pb -rpx xilinx_dma_pcie_ep_drc_routed.rpx
Command: report_drc -file xilinx_dma_pcie_ep_drc_routed.rpt -pb xilinx_dma_pcie_ep_drc_routed.pb -rpx xilinx_dma_pcie_ep_drc_routed.rpx
INFO: [IP_Flow 19-1839] IP Catalog is up to date.
INFO: [DRC 23-27] Running DRC with 2 threads
INFO: [Coretcl 2-168] The results of DRC are in file d:/Documents/FPGA-Miner/xilinx-study/pci-e/pg195-4/xdma_0_ex/xdma_0_ex.runs/impl_1/xilinx_dma_pcie_ep_drc_routed.rpt.
report_drc completed successfully
INFO: [runtcl-4] Executing : report_methodology -file xilinx_dma_pcie_ep_methodology_drc_routed.rpt -pb xilinx_dma_pcie_ep_methodology_drc_routed.pb -rpx xilinx_dma_pcie_ep_methodology_drc_routed.rpx
Command: report_methodology -file xilinx_dma_pcie_ep_methodology_drc_routed.rpt -pb xilinx_dma_pcie_ep_methodology_drc_routed.pb -rpx xilinx_dma_pcie_ep_methodology_drc_routed.rpx
INFO: [Timing 38-35] Done setting XDC timing constraints.
INFO: [DRC 23-133] Running Methodology with 2 threads
INFO: [Coretcl 2-1520] The results of Report Methodology are in file d:/Documents/FPGA-Miner/xilinx-study/pci-e/pg195-4/xdma_0_ex/xdma_0_ex.runs/impl_1/xilinx_dma_pcie_ep_methodology_drc_routed.rpt.
report_methodology completed successfully
report_methodology: Time (s): cpu = 00:00:15 ; elapsed = 00:00:08 . Memory (MB): peak = 2247.000 ; gain = 40.871
INFO: [runtcl-4] Executing : report_power -file xilinx_dma_pcie_ep_power_routed.rpt -pb xilinx_dma_pcie_ep_power_summary_routed.pb -rpx xilinx_dma_pcie_ep_power_routed.rpx
Command: report_power -file xilinx_dma_pcie_ep_power_routed.rpt -pb xilinx_dma_pcie_ep_power_summary_routed.pb -rpx xilinx_dma_pcie_ep_power_routed.rpx
INFO: [Timing 38-35] Done setting XDC timing constraints.
Running Vector-less Activity Propagation...

Finished Running Vector-less Activity Propagation
WARNING: [Power 33-332] Found switching activity that implies high-fanout reset nets being asserted for excessive periods of time which may result in inaccurate power analysis.
Resolution: To review and fix problems, please run Power Constraints Advisor in the GUI from Tools > Power Constraints Advisor or run report_power with the -advisory option to generate a text report.
101 Infos, 37 Warnings, 13 Critical Warnings and 0 Errors encountered.
report_power completed successfully
report_power: Time (s): cpu = 00:00:11 ; elapsed = 00:00:06 . Memory (MB): peak = 2309.887 ; gain = 62.887
INFO: [runtcl-4] Executing : report_route_status -file xilinx_dma_pcie_ep_route_status.rpt -pb xilinx_dma_pcie_ep_route_status.pb
INFO: [runtcl-4] Executing : report_timing_summary -max_paths 10 -file xilinx_dma_pcie_ep_timing_summary_routed.rpt -pb xilinx_dma_pcie_ep_timing_summary_routed.pb -rpx xilinx_dma_pcie_ep_timing_summary_routed.rpx -warn_on_violation 
INFO: [Timing 38-91] UpdateTimingParams: Speed grade: -2, Delay Type: min_max.
INFO: [Timing 38-191] Multithreading enabled for timing update using a maximum of 2 CPUs
INFO: [runtcl-4] Executing : report_incremental_reuse -file xilinx_dma_pcie_ep_incremental_reuse_routed.rpt
INFO: [Vivado_Tcl 4-1062] Incremental flow is disabled. No incremental reuse Info to report.
INFO: [runtcl-4] Executing : report_clock_utilization -file xilinx_dma_pcie_ep_clock_utilization_routed.rpt
INFO: [runtcl-4] Executing : report_bus_skew -warn_on_violation -file xilinx_dma_pcie_ep_bus_skew_routed.rpt -pb xilinx_dma_pcie_ep_bus_skew_routed.pb -rpx xilinx_dma_pcie_ep_bus_skew_routed.rpx
INFO: [Timing 38-91] UpdateTimingParams: Speed grade: -2, Delay Type: min_max.
INFO: [Timing 38-191] Multithreading enabled for timing update using a maximum of 2 CPUs
Command: write_bitstream -force xilinx_dma_pcie_ep.bit
Attempting to get a license for feature 'Implementation' and/or device 'xc7k410t'
INFO: [Common 17-349] Got license for feature 'Implementation' and/or device 'xc7k410t'
Running DRC as a precondition to command write_bitstream
INFO: [IP_Flow 19-1839] IP Catalog is up to date.
INFO: [DRC 23-27] Running DRC with 2 threads
WARNING: [DRC CHECK-3] Report rule limit reached: REQP-1839 rule limit reached: 20 violations have been found.
WARNING: [DRC REQP-1839] RAMB36 async control check: The RAMB36E1 xdma_0_i/inst/ram_top/MASTER_READ_BRAM/genblk1[0].u_buffermem/U0/inst_blk_mem_gen/gnbram.gnativebmg.native_blk_mem_gen/valid.cstr/ramloop[0].ram.r/prim_noinit.ram/DEVICE_7SERIES.NO_BMM_INFO.SDP.WIDE_PRIM36_NO_ECC.ram has an input control pin xdma_0_i/inst/ram_top/MASTER_READ_BRAM/genblk1[0].u_buffermem/U0/inst_blk_mem_gen/gnbram.gnativebmg.native_blk_mem_gen/valid.cstr/ramloop[0].ram.r/prim_noinit.ram/DEVICE_7SERIES.NO_BMM_INFO.SDP.WIDE_PRIM36_NO_ECC.ram/ADDRARDADDR[10] (net: xdma_0_i/inst/ram_top/MASTER_READ_BRAM/genblk1[0].u_buffermem/U0/inst_blk_mem_gen/gnbram.gnativebmg.native_blk_mem_gen/valid.cstr/ramloop[0].ram.r/prim_noinit.ram/addrb[4]) which is driven by a register (xdma_0_i/inst/xdma_0_pcie2_to_pcie3_wrapper_i/pcie2_ip_i/inst/inst/user_reset_out_reg) that has an active asychronous set or reset. This may cause corruption of the memory contents and/or read values when the set/reset is asserted and is not analyzed by the default static timing analysis. It is suggested to eliminate the use of a set/reset to registers driving this RAMB pin or else use a synchronous reset in which the assertion of the reset is timed by default.
WARNING: [DRC REQP-1839] RAMB36 async control check: The RAMB36E1 xdma_0_i/inst/ram_top/MASTER_READ_BRAM/genblk1[0].u_buffermem/U0/inst_blk_mem_gen/gnbram.gnativebmg.native_blk_mem_gen/valid.cstr/ramloop[0].ram.r/prim_noinit.ram/DEVICE_7SERIES.NO_BMM_INFO.SDP.WIDE_PRIM36_NO_ECC.ram has an input control pin xdma_0_i/inst/ram_top/MASTER_READ_BRAM/genblk1[0].u_buffermem/U0/inst_blk_mem_gen/gnbram.gnativebmg.native_blk_mem_gen/valid.cstr/ramloop[0].ram.r/prim_noinit.ram/DEVICE_7SERIES.NO_BMM_INFO.SDP.WIDE_PRIM36_NO_ECC.ram/ADDRARDADDR[11] (net: xdma_0_i/inst/ram_top/MASTER_READ_BRAM/genblk1[0].u_buffermem/U0/inst_blk_mem_gen/gnbram.gnativebmg.native_blk_mem_gen/valid.cstr/ramloop[0].ram.r/prim_noinit.ram/addrb[5]) which is driven by a register (xdma_0_i/inst/xdma_0_pcie2_to_pcie3_wrapper_i/pcie2_ip_i/inst/inst/user_reset_out_reg) that has an active asychronous set or reset. This may cause corruption of the memory contents and/or read values when the set/reset is asserted and is not analyzed by the default static timing analysis. It is suggested to eliminate the use of a set/reset to registers driving this RAMB pin or else use a synchronous reset in which the assertion of the reset is timed by default.
WARNING: [DRC REQP-1839] RAMB36 async control check: The RAMB36E1 xdma_0_i/inst/ram_top/MASTER_READ_BRAM/genblk1[0].u_buffermem/U0/inst_blk_mem_gen/gnbram.gnativebmg.native_blk_mem_gen/valid.cstr/ramloop[0].ram.r/prim_noinit.ram/DEVICE_7SERIES.NO_BMM_INFO.SDP.WIDE_PRIM36_NO_ECC.ram has an input control pin xdma_0_i/inst/ram_top/MASTER_READ_BRAM/genblk1[0].u_buffermem/U0/inst_blk_mem_gen/gnbram.gnativebmg.native_blk_mem_gen/valid.cstr/ramloop[0].ram.r/prim_noinit.ram/DEVICE_7SERIES.NO_BMM_INFO.SDP.WIDE_PRIM36_NO_ECC.ram/ADDRARDADDR[12] (net: xdma_0_i/inst/ram_top/MASTER_READ_BRAM/genblk1[0].u_buffermem/U0/inst_blk_mem_gen/gnbram.gnativebmg.native_blk_mem_gen/valid.cstr/ramloop[0].ram.r/prim_noinit.ram/addrb[6]) which is driven by a register (xdma_0_i/inst/xdma_0_pcie2_to_pcie3_wrapper_i/pcie2_ip_i/inst/inst/user_reset_out_reg) that has an active asychronous set or reset. This may cause corruption of the memory contents and/or read values when the set/reset is asserted and is not analyzed by the default static timing analysis. It is suggested to eliminate the use of a set/reset to registers driving this RAMB pin or else use a synchronous reset in which the assertion of the reset is timed by default.
WARNING: [DRC REQP-1839] RAMB36 async control check: The RAMB36E1 xdma_0_i/inst/ram_top/MASTER_READ_BRAM/genblk1[0].u_buffermem/U0/inst_blk_mem_gen/gnbram.gnativebmg.native_blk_mem_gen/valid.cstr/ramloop[0].ram.r/prim_noinit.ram/DEVICE_7SERIES.NO_BMM_INFO.SDP.WIDE_PRIM36_NO_ECC.ram has an input control pin xdma_0_i/inst/ram_top/MASTER_READ_BRAM/genblk1[0].u_buffermem/U0/inst_blk_mem_gen/gnbram.gnativebmg.native_blk_mem_gen/valid.cstr/ramloop[0].ram.r/prim_noinit.ram/DEVICE_7SERIES.NO_BMM_INFO.SDP.WIDE_PRIM36_NO_ECC.ram/ADDRARDADDR[13] (net: xdma_0_i/inst/ram_top/MASTER_READ_BRAM/genblk1[0].u_buffermem/U0/inst_blk_mem_gen/gnbram.gnativebmg.native_blk_mem_gen/valid.cstr/ramloop[0].ram.r/prim_noinit.ram/addrb[7]) which is driven by a register (xdma_0_i/inst/xdma_0_pcie2_to_pcie3_wrapper_i/pcie2_ip_i/inst/inst/user_reset_out_reg) that has an active asychronous set or reset. This may cause corruption of the memory contents and/or read values when the set/reset is asserted and is not analyzed by the default static timing analysis. It is suggested to eliminate the use of a set/reset to registers driving this RAMB pin or else use a synchronous reset in which the assertion of the reset is timed by default.
WARNING: [DRC REQP-1839] RAMB36 async control check: The RAMB36E1 xdma_0_i/inst/ram_top/MASTER_READ_BRAM/genblk1[0].u_buffermem/U0/inst_blk_mem_gen/gnbram.gnativebmg.native_blk_mem_gen/valid.cstr/ramloop[0].ram.r/prim_noinit.ram/DEVICE_7SERIES.NO_BMM_INFO.SDP.WIDE_PRIM36_NO_ECC.ram has an input control pin xdma_0_i/inst/ram_top/MASTER_READ_BRAM/genblk1[0].u_buffermem/U0/inst_blk_mem_gen/gnbram.gnativebmg.native_blk_mem_gen/valid.cstr/ramloop[0].ram.r/prim_noinit.ram/DEVICE_7SERIES.NO_BMM_INFO.SDP.WIDE_PRIM36_NO_ECC.ram/ADDRARDADDR[14] (net: xdma_0_i/inst/ram_top/MASTER_READ_BRAM/genblk1[0].u_buffermem/U0/inst_blk_mem_gen/gnbram.gnativebmg.native_blk_mem_gen/valid.cstr/ramloop[0].ram.r/prim_noinit.ram/addrb[8]) which is driven by a register (xdma_0_i/inst/xdma_0_pcie2_to_pcie3_wrapper_i/pcie2_ip_i/inst/inst/user_reset_out_reg) that has an active asychronous set or reset. This may cause corruption of the memory contents and/or read values when the set/reset is asserted and is not analyzed by the default static timing analysis. It is suggested to eliminate the use of a set/reset to registers driving this RAMB pin or else use a synchronous reset in which the assertion of the reset is timed by default.
WARNING: [DRC REQP-1839] RAMB36 async control check: The RAMB36E1 xdma_0_i/inst/ram_top/MASTER_READ_BRAM/genblk1[0].u_buffermem/U0/inst_blk_mem_gen/gnbram.gnativebmg.native_blk_mem_gen/valid.cstr/ramloop[0].ram.r/prim_noinit.ram/DEVICE_7SERIES.NO_BMM_INFO.SDP.WIDE_PRIM36_NO_ECC.ram has an input control pin xdma_0_i/inst/ram_top/MASTER_READ_BRAM/genblk1[0].u_buffermem/U0/inst_blk_mem_gen/gnbram.gnativebmg.native_blk_mem_gen/valid.cstr/ramloop[0].ram.r/prim_noinit.ram/DEVICE_7SERIES.NO_BMM_INFO.SDP.WIDE_PRIM36_NO_ECC.ram/ADDRARDADDR[6] (net: xdma_0_i/inst/ram_top/MASTER_READ_BRAM/genblk1[0].u_buffermem/U0/inst_blk_mem_gen/gnbram.gnativebmg.native_blk_mem_gen/valid.cstr/ramloop[0].ram.r/prim_noinit.ram/addrb[0]) which is driven by a register (xdma_0_i/inst/xdma_0_pcie2_to_pcie3_wrapper_i/pcie2_ip_i/inst/inst/user_reset_out_reg) that has an active asychronous set or reset. This may cause corruption of the memory contents and/or read values when the set/reset is asserted and is not analyzed by the default static timing analysis. It is suggested to eliminate the use of a set/reset to registers driving this RAMB pin or else use a synchronous reset in which the assertion of the reset is timed by default.
WARNING: [DRC REQP-1839] RAMB36 async control check: The RAMB36E1 xdma_0_i/inst/ram_top/MASTER_READ_BRAM/genblk1[0].u_buffermem/U0/inst_blk_mem_gen/gnbram.gnativebmg.native_blk_mem_gen/valid.cstr/ramloop[0].ram.r/prim_noinit.ram/DEVICE_7SERIES.NO_BMM_INFO.SDP.WIDE_PRIM36_NO_ECC.ram has an input control pin xdma_0_i/inst/ram_top/MASTER_READ_BRAM/genblk1[0].u_buffermem/U0/inst_blk_mem_gen/gnbram.gnativebmg.native_blk_mem_gen/valid.cstr/ramloop[0].ram.r/prim_noinit.ram/DEVICE_7SERIES.NO_BMM_INFO.SDP.WIDE_PRIM36_NO_ECC.ram/ADDRARDADDR[7] (net: xdma_0_i/inst/ram_top/MASTER_READ_BRAM/genblk1[0].u_buffermem/U0/inst_blk_mem_gen/gnbram.gnativebmg.native_blk_mem_gen/valid.cstr/ramloop[0].ram.r/prim_noinit.ram/addrb[1]) which is driven by a register (xdma_0_i/inst/xdma_0_pcie2_to_pcie3_wrapper_i/pcie2_ip_i/inst/inst/user_reset_out_reg) that has an active asychronous set or reset. This may cause corruption of the memory contents and/or read values when the set/reset is asserted and is not analyzed by the default static timing analysis. It is suggested to eliminate the use of a set/reset to registers driving this RAMB pin or else use a synchronous reset in which the assertion of the reset is timed by default.
WARNING: [DRC REQP-1839] RAMB36 async control check: The RAMB36E1 xdma_0_i/inst/ram_top/MASTER_READ_BRAM/genblk1[0].u_buffermem/U0/inst_blk_mem_gen/gnbram.gnativebmg.native_blk_mem_gen/valid.cstr/ramloop[0].ram.r/prim_noinit.ram/DEVICE_7SERIES.NO_BMM_INFO.SDP.WIDE_PRIM36_NO_ECC.ram has an input control pin xdma_0_i/inst/ram_top/MASTER_READ_BRAM/genblk1[0].u_buffermem/U0/inst_blk_mem_gen/gnbram.gnativebmg.native_blk_mem_gen/valid.cstr/ramloop[0].ram.r/prim_noinit.ram/DEVICE_7SERIES.NO_BMM_INFO.SDP.WIDE_PRIM36_NO_ECC.ram/ADDRARDADDR[8] (net: xdma_0_i/inst/ram_top/MASTER_READ_BRAM/genblk1[0].u_buffermem/U0/inst_blk_mem_gen/gnbram.gnativebmg.native_blk_mem_gen/valid.cstr/ramloop[0].ram.r/prim_noinit.ram/addrb[2]) which is driven by a register (xdma_0_i/inst/xdma_0_pcie2_to_pcie3_wrapper_i/pcie2_ip_i/inst/inst/user_reset_out_reg) that has an active asychronous set or reset. This may cause corruption of the memory contents and/or read values when the set/reset is asserted and is not analyzed by the default static timing analysis. It is suggested to eliminate the use of a set/reset to registers driving this RAMB pin or else use a synchronous reset in which the assertion of the reset is timed by default.
WARNING: [DRC REQP-1839] RAMB36 async control check: The RAMB36E1 xdma_0_i/inst/ram_top/MASTER_READ_BRAM/genblk1[0].u_buffermem/U0/inst_blk_mem_gen/gnbram.gnativebmg.native_blk_mem_gen/valid.cstr/ramloop[0].ram.r/prim_noinit.ram/DEVICE_7SERIES.NO_BMM_INFO.SDP.WIDE_PRIM36_NO_ECC.ram has an input control pin xdma_0_i/inst/ram_top/MASTER_READ_BRAM/genblk1[0].u_buffermem/U0/inst_blk_mem_gen/gnbram.gnativebmg.native_blk_mem_gen/valid.cstr/ramloop[0].ram.r/prim_noinit.ram/DEVICE_7SERIES.NO_BMM_INFO.SDP.WIDE_PRIM36_NO_ECC.ram/ADDRARDADDR[9] (net: xdma_0_i/inst/ram_top/MASTER_READ_BRAM/genblk1[0].u_buffermem/U0/inst_blk_mem_gen/gnbram.gnativebmg.native_blk_mem_gen/valid.cstr/ramloop[0].ram.r/prim_noinit.ram/addrb[3]) which is driven by a register (xdma_0_i/inst/xdma_0_pcie2_to_pcie3_wrapper_i/pcie2_ip_i/inst/inst/user_reset_out_reg) that has an active asychronous set or reset. This may cause corruption of the memory contents and/or read values when the set/reset is asserted and is not analyzed by the default static timing analysis. It is suggested to eliminate the use of a set/reset to registers driving this RAMB pin or else use a synchronous reset in which the assertion of the reset is timed by default.
WARNING: [DRC REQP-1839] RAMB36 async control check: The RAMB36E1 xdma_0_i/inst/udma_wrapper/dma_top/dma_enable.vul_dma/RD/gen_rdwr_loop[0].gen_rdwr_eng.RDWR_INST/rrq_wadr_nn1_reg has an input control pin xdma_0_i/inst/udma_wrapper/dma_top/dma_enable.vul_dma/RD/gen_rdwr_loop[0].gen_rdwr_eng.RDWR_INST/rrq_wadr_nn1_reg/RSTRAMARSTRAM (net: xdma_0_i/inst/udma_wrapper/dma_top/dma_enable.vul_dma/RD/gen_rdwr_loop[0].gen_rdwr_eng.RDWR_INST/rrq_wadr_nn1_reg_0) which is driven by a register (xdma_0_i/inst/udma_wrapper/dma_top/dma_enable.vul_dma/pcie_h2c_rst_3ff_reg[0]_rep__3) that has an active asychronous set or reset. This may cause corruption of the memory contents and/or read values when the set/reset is asserted and is not analyzed by the default static timing analysis. It is suggested to eliminate the use of a set/reset to registers driving this RAMB pin or else use a synchronous reset in which the assertion of the reset is timed by default.
WARNING: [DRC REQP-1839] RAMB36 async control check: The RAMB36E1 xdma_0_i/inst/udma_wrapper/dma_top/dma_enable.vul_dma/WR/gen_rdwr_loop[0].gen_rdwr_eng.RDWR_INST/rrq_dadr_nn1_reg has an input control pin xdma_0_i/inst/udma_wrapper/dma_top/dma_enable.vul_dma/WR/gen_rdwr_loop[0].gen_rdwr_eng.RDWR_INST/rrq_dadr_nn1_reg/RSTRAMARSTRAM (net: xdma_0_i/inst/udma_wrapper/dma_top/dma_enable.vul_dma/WR/gen_rdwr_loop[0].gen_rdwr_eng.RDWR_INST/rrq_dadr_nn1_reg_0) which is driven by a register (xdma_0_i/inst/udma_wrapper/dma_top/dma_enable.vul_dma/pcie_c2h_rst_3ff_reg[0]_rep__5) that has an active asychronous set or reset. This may cause corruption of the memory contents and/or read values when the set/reset is asserted and is not analyzed by the default static timing analysis. It is suggested to eliminate the use of a set/reset to registers driving this RAMB pin or else use a synchronous reset in which the assertion of the reset is timed by default.
WARNING: [DRC REQP-1839] RAMB36 async control check: The RAMB36E1 xdma_0_i/inst/udma_wrapper/dma_top/dma_enable.vul_dma/WR/gen_rdwr_loop[0].gen_rdwr_eng.RDWR_INST/rrq_wadr_nn1_reg has an input control pin xdma_0_i/inst/udma_wrapper/dma_top/dma_enable.vul_dma/WR/gen_rdwr_loop[0].gen_rdwr_eng.RDWR_INST/rrq_wadr_nn1_reg/RSTRAMARSTRAM (net: xdma_0_i/inst/udma_wrapper/dma_top/dma_enable.vul_dma/WR/gen_rdwr_loop[0].gen_rdwr_eng.RDWR_INST/rrq_wadr_nn1_reg_0) which is driven by a register (xdma_0_i/inst/udma_wrapper/dma_top/dma_enable.vul_dma/pcie_c2h_rst_3ff_reg[0]_rep__4) that has an active asychronous set or reset. This may cause corruption of the memory contents and/or read values when the set/reset is asserted and is not analyzed by the default static timing analysis. It is suggested to eliminate the use of a set/reset to registers driving this RAMB pin or else use a synchronous reset in which the assertion of the reset is timed by default.
WARNING: [DRC REQP-1839] RAMB36 async control check: The RAMB36E1 xdma_0_i/inst/xdma_0_pcie2_to_pcie3_wrapper_i/pcie2_ip_i/inst/inst/pcie_top_i/pcie_7x_i/pcie_bram_top/pcie_brams_rx/brams[0].ram/use_tdp.ramb36/genblk5_0.bram36_tdp_bl.bram36_tdp_bl has an input control pin xdma_0_i/inst/xdma_0_pcie2_to_pcie3_wrapper_i/pcie2_ip_i/inst/inst/pcie_top_i/pcie_7x_i/pcie_bram_top/pcie_brams_rx/brams[0].ram/use_tdp.ramb36/genblk5_0.bram36_tdp_bl.bram36_tdp_bl/ADDRARDADDR[10] (net: xdma_0_i/inst/xdma_0_pcie2_to_pcie3_wrapper_i/pcie2_ip_i/inst/inst/pcie_top_i/pcie_7x_i/pcie_bram_top/pcie_brams_rx/brams[0].ram/use_tdp.ramb36/MIMRXWADDR[6]) which is driven by a register (xdma_0_i/inst/xdma_0_pcie2_to_pcie3_wrapper_i/xdma_0_axi_stream_intf_i/xdma_0_rx_demux_i/tgt_brdg_fifo_inst/U0/inst_fifo_gen/gaxis_fifo.gaxisf.axisf/grf.rf/gntv_or_sync_fifo.gl0.wr/gwss.gpf.wrpf/gpfs.prog_full_i_reg) that has an active asychronous set or reset. This may cause corruption of the memory contents and/or read values when the set/reset is asserted and is not analyzed by the default static timing analysis. It is suggested to eliminate the use of a set/reset to registers driving this RAMB pin or else use a synchronous reset in which the assertion of the reset is timed by default.
WARNING: [DRC REQP-1839] RAMB36 async control check: The RAMB36E1 xdma_0_i/inst/xdma_0_pcie2_to_pcie3_wrapper_i/pcie2_ip_i/inst/inst/pcie_top_i/pcie_7x_i/pcie_bram_top/pcie_brams_rx/brams[0].ram/use_tdp.ramb36/genblk5_0.bram36_tdp_bl.bram36_tdp_bl has an input control pin xdma_0_i/inst/xdma_0_pcie2_to_pcie3_wrapper_i/pcie2_ip_i/inst/inst/pcie_top_i/pcie_7x_i/pcie_bram_top/pcie_brams_rx/brams[0].ram/use_tdp.ramb36/genblk5_0.bram36_tdp_bl.bram36_tdp_bl/ADDRARDADDR[11] (net: xdma_0_i/inst/xdma_0_pcie2_to_pcie3_wrapper_i/pcie2_ip_i/inst/inst/pcie_top_i/pcie_7x_i/pcie_bram_top/pcie_brams_rx/brams[0].ram/use_tdp.ramb36/MIMRXWADDR[7]) which is driven by a register (xdma_0_i/inst/xdma_0_pcie2_to_pcie3_wrapper_i/xdma_0_axi_stream_intf_i/xdma_0_rx_demux_i/tgt_brdg_fifo_inst/U0/inst_fifo_gen/gaxis_fifo.gaxisf.axisf/grf.rf/gntv_or_sync_fifo.gl0.wr/gwss.gpf.wrpf/gpfs.prog_full_i_reg) that has an active asychronous set or reset. This may cause corruption of the memory contents and/or read values when the set/reset is asserted and is not analyzed by the default static timing analysis. It is suggested to eliminate the use of a set/reset to registers driving this RAMB pin or else use a synchronous reset in which the assertion of the reset is timed by default.
WARNING: [DRC REQP-1839] RAMB36 async control check: The RAMB36E1 xdma_0_i/inst/xdma_0_pcie2_to_pcie3_wrapper_i/pcie2_ip_i/inst/inst/pcie_top_i/pcie_7x_i/pcie_bram_top/pcie_brams_rx/brams[0].ram/use_tdp.ramb36/genblk5_0.bram36_tdp_bl.bram36_tdp_bl has an input control pin xdma_0_i/inst/xdma_0_pcie2_to_pcie3_wrapper_i/pcie2_ip_i/inst/inst/pcie_top_i/pcie_7x_i/pcie_bram_top/pcie_brams_rx/brams[0].ram/use_tdp.ramb36/genblk5_0.bram36_tdp_bl.bram36_tdp_bl/ADDRARDADDR[12] (net: xdma_0_i/inst/xdma_0_pcie2_to_pcie3_wrapper_i/pcie2_ip_i/inst/inst/pcie_top_i/pcie_7x_i/pcie_bram_top/pcie_brams_rx/brams[0].ram/use_tdp.ramb36/MIMRXWADDR[8]) which is driven by a register (xdma_0_i/inst/xdma_0_pcie2_to_pcie3_wrapper_i/xdma_0_axi_stream_intf_i/xdma_0_rx_demux_i/tgt_brdg_fifo_inst/U0/inst_fifo_gen/gaxis_fifo.gaxisf.axisf/grf.rf/gntv_or_sync_fifo.gl0.wr/gwss.gpf.wrpf/gpfs.prog_full_i_reg) that has an active asychronous set or reset. This may cause corruption of the memory contents and/or read values when the set/reset is asserted and is not analyzed by the default static timing analysis. It is suggested to eliminate the use of a set/reset to registers driving this RAMB pin or else use a synchronous reset in which the assertion of the reset is timed by default.
WARNING: [DRC REQP-1839] RAMB36 async control check: The RAMB36E1 xdma_0_i/inst/xdma_0_pcie2_to_pcie3_wrapper_i/pcie2_ip_i/inst/inst/pcie_top_i/pcie_7x_i/pcie_bram_top/pcie_brams_rx/brams[0].ram/use_tdp.ramb36/genblk5_0.bram36_tdp_bl.bram36_tdp_bl has an input control pin xdma_0_i/inst/xdma_0_pcie2_to_pcie3_wrapper_i/pcie2_ip_i/inst/inst/pcie_top_i/pcie_7x_i/pcie_bram_top/pcie_brams_rx/brams[0].ram/use_tdp.ramb36/genblk5_0.bram36_tdp_bl.bram36_tdp_bl/ADDRARDADDR[13] (net: xdma_0_i/inst/xdma_0_pcie2_to_pcie3_wrapper_i/pcie2_ip_i/inst/inst/pcie_top_i/pcie_7x_i/pcie_bram_top/pcie_brams_rx/brams[0].ram/use_tdp.ramb36/MIMRXWADDR[9]) which is driven by a register (xdma_0_i/inst/xdma_0_pcie2_to_pcie3_wrapper_i/xdma_0_axi_stream_intf_i/xdma_0_rx_demux_i/tgt_brdg_fifo_inst/U0/inst_fifo_gen/gaxis_fifo.gaxisf.axisf/grf.rf/gntv_or_sync_fifo.gl0.wr/gwss.gpf.wrpf/gpfs.prog_full_i_reg) that has an active asychronous set or reset. This may cause corruption of the memory contents and/or read values when the set/reset is asserted and is not analyzed by the default static timing analysis. It is suggested to eliminate the use of a set/reset to registers driving this RAMB pin or else use a synchronous reset in which the assertion of the reset is timed by default.
WARNING: [DRC REQP-1839] RAMB36 async control check: The RAMB36E1 xdma_0_i/inst/xdma_0_pcie2_to_pcie3_wrapper_i/pcie2_ip_i/inst/inst/pcie_top_i/pcie_7x_i/pcie_bram_top/pcie_brams_rx/brams[0].ram/use_tdp.ramb36/genblk5_0.bram36_tdp_bl.bram36_tdp_bl has an input control pin xdma_0_i/inst/xdma_0_pcie2_to_pcie3_wrapper_i/pcie2_ip_i/inst/inst/pcie_top_i/pcie_7x_i/pcie_bram_top/pcie_brams_rx/brams[0].ram/use_tdp.ramb36/genblk5_0.bram36_tdp_bl.bram36_tdp_bl/ADDRARDADDR[14] (net: xdma_0_i/inst/xdma_0_pcie2_to_pcie3_wrapper_i/pcie2_ip_i/inst/inst/pcie_top_i/pcie_7x_i/pcie_bram_top/pcie_brams_rx/brams[0].ram/use_tdp.ramb36/MIMRXWADDR[10]) which is driven by a register (xdma_0_i/inst/xdma_0_pcie2_to_pcie3_wrapper_i/xdma_0_axi_stream_intf_i/xdma_0_rx_demux_i/tgt_brdg_fifo_inst/U0/inst_fifo_gen/gaxis_fifo.gaxisf.axisf/grf.rf/gntv_or_sync_fifo.gl0.wr/gwss.gpf.wrpf/gpfs.prog_full_i_reg) that has an active asychronous set or reset. This may cause corruption of the memory contents and/or read values when the set/reset is asserted and is not analyzed by the default static timing analysis. It is suggested to eliminate the use of a set/reset to registers driving this RAMB pin or else use a synchronous reset in which the assertion of the reset is timed by default.
WARNING: [DRC REQP-1839] RAMB36 async control check: The RAMB36E1 xdma_0_i/inst/xdma_0_pcie2_to_pcie3_wrapper_i/pcie2_ip_i/inst/inst/pcie_top_i/pcie_7x_i/pcie_bram_top/pcie_brams_rx/brams[0].ram/use_tdp.ramb36/genblk5_0.bram36_tdp_bl.bram36_tdp_bl has an input control pin xdma_0_i/inst/xdma_0_pcie2_to_pcie3_wrapper_i/pcie2_ip_i/inst/inst/pcie_top_i/pcie_7x_i/pcie_bram_top/pcie_brams_rx/brams[0].ram/use_tdp.ramb36/genblk5_0.bram36_tdp_bl.bram36_tdp_bl/ADDRARDADDR[7] (net: xdma_0_i/inst/xdma_0_pcie2_to_pcie3_wrapper_i/pcie2_ip_i/inst/inst/pcie_top_i/pcie_7x_i/pcie_bram_top/pcie_brams_rx/brams[0].ram/use_tdp.ramb36/MIMRXWADDR[3]) which is driven by a register (xdma_0_i/inst/xdma_0_pcie2_to_pcie3_wrapper_i/xdma_0_axi_stream_intf_i/xdma_0_rx_demux_i/tgt_brdg_fifo_inst/U0/inst_fifo_gen/gaxis_fifo.gaxisf.axisf/grf.rf/gntv_or_sync_fifo.gl0.wr/gwss.gpf.wrpf/gpfs.prog_full_i_reg) that has an active asychronous set or reset. This may cause corruption of the memory contents and/or read values when the set/reset is asserted and is not analyzed by the default static timing analysis. It is suggested to eliminate the use of a set/reset to registers driving this RAMB pin or else use a synchronous reset in which the assertion of the reset is timed by default.
WARNING: [DRC REQP-1839] RAMB36 async control check: The RAMB36E1 xdma_0_i/inst/xdma_0_pcie2_to_pcie3_wrapper_i/pcie2_ip_i/inst/inst/pcie_top_i/pcie_7x_i/pcie_bram_top/pcie_brams_rx/brams[0].ram/use_tdp.ramb36/genblk5_0.bram36_tdp_bl.bram36_tdp_bl has an input control pin xdma_0_i/inst/xdma_0_pcie2_to_pcie3_wrapper_i/pcie2_ip_i/inst/inst/pcie_top_i/pcie_7x_i/pcie_bram_top/pcie_brams_rx/brams[0].ram/use_tdp.ramb36/genblk5_0.bram36_tdp_bl.bram36_tdp_bl/ADDRARDADDR[8] (net: xdma_0_i/inst/xdma_0_pcie2_to_pcie3_wrapper_i/pcie2_ip_i/inst/inst/pcie_top_i/pcie_7x_i/pcie_bram_top/pcie_brams_rx/brams[0].ram/use_tdp.ramb36/MIMRXWADDR[4]) which is driven by a register (xdma_0_i/inst/xdma_0_pcie2_to_pcie3_wrapper_i/xdma_0_axi_stream_intf_i/xdma_0_rx_demux_i/tgt_brdg_fifo_inst/U0/inst_fifo_gen/gaxis_fifo.gaxisf.axisf/grf.rf/gntv_or_sync_fifo.gl0.wr/gwss.gpf.wrpf/gpfs.prog_full_i_reg) that has an active asychronous set or reset. This may cause corruption of the memory contents and/or read values when the set/reset is asserted and is not analyzed by the default static timing analysis. It is suggested to eliminate the use of a set/reset to registers driving this RAMB pin or else use a synchronous reset in which the assertion of the reset is timed by default.
WARNING: [DRC REQP-1839] RAMB36 async control check: The RAMB36E1 xdma_0_i/inst/xdma_0_pcie2_to_pcie3_wrapper_i/pcie2_ip_i/inst/inst/pcie_top_i/pcie_7x_i/pcie_bram_top/pcie_brams_rx/brams[0].ram/use_tdp.ramb36/genblk5_0.bram36_tdp_bl.bram36_tdp_bl has an input control pin xdma_0_i/inst/xdma_0_pcie2_to_pcie3_wrapper_i/pcie2_ip_i/inst/inst/pcie_top_i/pcie_7x_i/pcie_bram_top/pcie_brams_rx/brams[0].ram/use_tdp.ramb36/genblk5_0.bram36_tdp_bl.bram36_tdp_bl/ADDRARDADDR[9] (net: xdma_0_i/inst/xdma_0_pcie2_to_pcie3_wrapper_i/pcie2_ip_i/inst/inst/pcie_top_i/pcie_7x_i/pcie_bram_top/pcie_brams_rx/brams[0].ram/use_tdp.ramb36/MIMRXWADDR[5]) which is driven by a register (xdma_0_i/inst/xdma_0_pcie2_to_pcie3_wrapper_i/xdma_0_axi_stream_intf_i/xdma_0_rx_demux_i/tgt_brdg_fifo_inst/U0/inst_fifo_gen/gaxis_fifo.gaxisf.axisf/grf.rf/gntv_or_sync_fifo.gl0.wr/gwss.gpf.wrpf/gpfs.prog_full_i_reg) that has an active asychronous set or reset. This may cause corruption of the memory contents and/or read values when the set/reset is asserted and is not analyzed by the default static timing analysis. It is suggested to eliminate the use of a set/reset to registers driving this RAMB pin or else use a synchronous reset in which the assertion of the reset is timed by default.
WARNING: [DRC REQP-1840] RAMB18 async control check: The RAMB18E1 xdma_0_i/inst/xdma_0_pcie2_to_pcie3_wrapper_i/xdma_0_axi_stream_intf_i/xdma_0_rx_demux_i/dma_cpl_fifo_inst/U0/inst_fifo_gen/gaxis_fifo.gaxisf.axisf/grf.rf/gntv_or_sync_fifo.mem/gbm.gbmg.gbmga.ngecc.bmg/inst_blk_mem_gen/gnbram.gnativebmg.native_blk_mem_gen/valid.cstr/ramloop[0].ram.r/prim_noinit.ram/DEVICE_7SERIES.NO_BMM_INFO.SDP.WIDE_PRIM18.ram has an input control pin xdma_0_i/inst/xdma_0_pcie2_to_pcie3_wrapper_i/xdma_0_axi_stream_intf_i/xdma_0_rx_demux_i/dma_cpl_fifo_inst/U0/inst_fifo_gen/gaxis_fifo.gaxisf.axisf/grf.rf/gntv_or_sync_fifo.mem/gbm.gbmg.gbmga.ngecc.bmg/inst_blk_mem_gen/gnbram.gnativebmg.native_blk_mem_gen/valid.cstr/ramloop[0].ram.r/prim_noinit.ram/DEVICE_7SERIES.NO_BMM_INFO.SDP.WIDE_PRIM18.ram/ENARDEN (net: xdma_0_i/inst/xdma_0_pcie2_to_pcie3_wrapper_i/xdma_0_axi_stream_intf_i/xdma_0_rx_demux_i/dma_cpl_fifo_inst/U0/inst_fifo_gen/gaxis_fifo.gaxisf.axisf/grf.rf/gntv_or_sync_fifo.mem/gbm.gbmg.gbmga.ngecc.bmg/inst_blk_mem_gen/gnbram.gnativebmg.native_blk_mem_gen/valid.cstr/ramloop[0].ram.r/prim_noinit.ram/ram_rd_en_i) which is driven by a register (xdma_0_i/inst/xdma_0_pcie2_to_pcie3_wrapper_i/pcie2_ip_i/inst/inst/user_reset_out_reg) that has an active asychronous set or reset. This may cause corruption of the memory contents and/or read values when the set/reset is asserted and is not analyzed by the default static timing analysis. It is suggested to eliminate the use of a set/reset to registers driving this RAMB pin or else use a synchronous reset in which the assertion of the reset is timed by default.
WARNING: [DRC RTSTAT-10] No routable loads: 17 net(s) have no routable loads. The problem bus(es) and/or net(s) are xdma_0_i/inst/xdma_0_pcie2_to_pcie3_wrapper_i/xdma_0_axi_stream_intf_i/xdma_0_rx_demux_i/dma_cpl_fifo_inst/U0/inst_fifo_gen/gaxis_fifo.gaxisf.axisf/grf.rf/gntv_or_sync_fifo.gl0.rd/gr1.gr1_int.rfwft/aempty_fwft_i, xdma_0_i/inst/xdma_0_pcie2_to_pcie3_wrapper_i/xdma_0_axi_stream_intf_i/xdma_0_rx_demux_i/tgt_brdg_fifo_inst/U0/inst_fifo_gen/gaxis_fifo.gaxisf.axisf/grf.rf/gntv_or_sync_fifo.gl0.rd/gr1.gr1_int.rfwft/aempty_fwft_i, xdma_0_i/inst/xdma_0_pcie2_to_pcie3_wrapper_i/xdma_0_axi_stream_intf_i/xdma_0_rx_demux_i/dma_cpl_fifo_inst/U0/inst_fifo_gen/gaxis_fifo.gaxisf.axisf/grf.rf/gntv_or_sync_fifo.gl0.wr/gwss.wsts/ram_afull_fb, xdma_0_i/inst/xdma_0_pcie2_to_pcie3_wrapper_i/xdma_0_axi_stream_intf_i/xdma_0_rx_demux_i/tgt_brdg_fifo_inst/U0/inst_fifo_gen/gaxis_fifo.gaxisf.axisf/grf.rf/gntv_or_sync_fifo.gl0.wr/gwss.wsts/ram_afull_fb, xdma_0_i/inst/xdma_0_pcie2_to_pcie3_wrapper_i/xdma_0_axi_stream_intf_i/xdma_0_rx_demux_i/dma_cpl_fifo_inst/U0/inst_fifo_gen/gaxis_fifo.gaxisf.axisf/grf.rf/gntv_or_sync_fifo.gl0.wr/gwss.wsts/ram_afull_i, xdma_0_i/inst/xdma_0_pcie2_to_pcie3_wrapper_i/xdma_0_axi_stream_intf_i/xdma_0_rx_demux_i/tgt_brdg_fifo_inst/U0/inst_fifo_gen/gaxis_fifo.gaxisf.axisf/grf.rf/gntv_or_sync_fifo.gl0.wr/gwss.wsts/ram_afull_i, xdma_0_i/inst/xdma_0_pcie2_to_pcie3_wrapper_i/xdma_0_axi_stream_intf_i/xdma_0_rx_demux_i/dma_cpl_fifo_inst/U0/inst_fifo_gen/gaxis_fifo.gaxisf.axisf/grf.rf/gntv_or_sync_fifo.gl0.rd/grss.rsts/ram_empty_i, xdma_0_i/inst/xdma_0_pcie2_to_pcie3_wrapper_i/xdma_0_axi_stream_intf_i/xdma_0_rx_demux_i/tgt_brdg_fifo_inst/U0/inst_fifo_gen/gaxis_fifo.gaxisf.axisf/grf.rf/gntv_or_sync_fifo.gl0.rd/grss.rsts/ram_empty_i, xdma_0_i/inst/xdma_0_pcie2_to_pcie3_wrapper_i/xdma_0_axi_stream_intf_i/xdma_0_rx_demux_i/dma_cpl_fifo_inst/U0/inst_fifo_gen/gaxis_fifo.gaxisf.axisf/grf.rf/rstblk/rd_rst_reg[1], xdma_0_i/inst/xdma_0_pcie2_to_pcie3_wrapper_i/xdma_0_axi_stream_intf_i/xdma_0_rx_demux_i/tgt_brdg_fifo_inst/U0/inst_fifo_gen/gaxis_fifo.gaxisf.axisf/grf.rf/rstblk/rd_rst_reg[1], xdma_0_i/inst/xdma_0_pcie2_to_pcie3_wrapper_i/pcie2_ip_i/inst/inst/store_ltssm, xdma_0_i/inst/xdma_0_pcie2_to_pcie3_wrapper_i/xdma_0_axi_stream_intf_i/xdma_0_rx_demux_i/dma_cpl_fifo_inst/U0/inst_fifo_gen/gaxis_fifo.gaxisf.axisf/grf.rf/gntv_or_sync_fifo.gl0.rd/gr1.gr1_int.rfwft/user_valid, xdma_0_i/inst/xdma_0_pcie2_to_pcie3_wrapper_i/xdma_0_axi_stream_intf_i/xdma_0_rx_demux_i/tgt_brdg_fifo_inst/U0/inst_fifo_gen/gaxis_fifo.gaxisf.axisf/grf.rf/gntv_or_sync_fifo.gl0.rd/gr1.gr1_int.rfwft/user_valid, xdma_0_i/inst/xdma_0_pcie2_to_pcie3_wrapper_i/xdma_0_axi_stream_intf_i/xdma_0_rx_demux_i/dma_cpl_fifo_inst/U0/inst_fifo_gen/gaxis_fifo.gaxisf.axisf/grf.rf/rstblk/wr_rst_reg[0], xdma_0_i/inst/xdma_0_pcie2_to_pcie3_wrapper_i/xdma_0_axi_stream_intf_i/xdma_0_rx_demux_i/tgt_brdg_fifo_inst/U0/inst_fifo_gen/gaxis_fifo.gaxisf.axisf/grf.rf/rstblk/wr_rst_reg[0]... and (the first 15 of 17 listed).
INFO: [Vivado 12-3199] DRC finished with 0 Errors, 23 Warnings
INFO: [Vivado 12-3200] Please refer to the DRC report (report_drc) for more information.
INFO: [Designutils 20-2272] Running write_bitstream with 2 threads.
Loading data files...
Loading site data...
Loading route data...
Processing options...
Creating bitmap...
Creating bitstream...
Writing bitstream ./xilinx_dma_pcie_ep.bit...
INFO: [Vivado 12-1842] Bitgen Completed Successfully.
INFO: [Common 17-83] Releasing license: Implementation
119 Infos, 60 Warnings, 13 Critical Warnings and 0 Errors encountered.
write_bitstream completed successfully
write_bitstream: Time (s): cpu = 00:00:47 ; elapsed = 00:00:42 . Memory (MB): peak = 2937.457 ; gain = 609.668
INFO: [Common 17-206] Exiting Vivado at Fri Mar  8 20:41:25 2019...
