Copyright 1986-2018 Xilinx, Inc. All Rights Reserved.
--------------------------------------------------------------------------------------------------------------------------------------------------------------------------------------------
| Tool Version : Vivado v.2018.2 (win64) Build 2258646 Thu Jun 14 20:03:12 MDT 2018
| Date         : Sat Mar  2 22:55:11 2019
| Host         : ASJHM1 running 64-bit major release  (build 9200)
| Command      : report_methodology -file xilinx_dma_pcie_ep_methodology_drc_routed.rpt -pb xilinx_dma_pcie_ep_methodology_drc_routed.pb -rpx xilinx_dma_pcie_ep_methodology_drc_routed.rpx
| Design       : xilinx_dma_pcie_ep
| Device       : xc7k410tffv900-2
| Speed File   : -2
| Design State : Routed
--------------------------------------------------------------------------------------------------------------------------------------------------------------------------------------------

Report Methodology

Table of Contents
-----------------
1. REPORT SUMMARY
2. REPORT DETAILS

1. REPORT SUMMARY
-----------------
            Netlist: netlist
          Floorplan: design_1
      Design limits: <entire design considered>
             Max violations: <unlimited>
             Violations found: 16
+----------+----------+-------------------------------------------------+------------+
| Rule     | Severity | Description                                     | Violations |
+----------+----------+-------------------------------------------------+------------+
| LUTAR-1  | Warning  | LUT drives async reset alert                    | 5          |
| PDRC-190 | Warning  | Suboptimally placed synchronized register chain | 1          |
| XDCB-5   | Warning  | Runtime inefficient way to find pin objects     | 10         |
+----------+----------+-------------------------------------------------+------------+

2. REPORT DETAILS
-----------------
LUTAR-1#1 Warning
LUT drives async reset alert  
LUT cell xdma_0_i/inst/xdma_0_pcie2_to_pcie3_wrapper_i/pcie2_ip_i/inst/inst/user_reset_out_i_1, with 2 or more inputs, drives asynchronous preset/clear pin(s) xdma_0_i/inst/xdma_0_pcie2_to_pcie3_wrapper_i/pcie2_ip_i/inst/inst/user_reset_int_reg/PRE, xdma_0_i/inst/xdma_0_pcie2_to_pcie3_wrapper_i/pcie2_ip_i/inst/inst/user_reset_out_reg/PRE. The LUT may glitch and trigger an unexpected reset, even if it is a properly timed path.
Related violations: <none>

LUTAR-1#2 Warning
LUT drives async reset alert  
LUT cell xdma_0_i/inst/xdma_0_pcie2_to_pcie3_wrapper_i/xdma_0_axi_stream_intf_i/xdma_0_rx_demux_i/dma_cpl_fifo_inst/U0/inst_fifo_gen/gaxis_fifo.gaxisf.axisf/grf.rf/rstblk/__0/i_, with 2 or more inputs, drives asynchronous preset/clear pin(s) xdma_0_i/inst/xdma_0_pcie2_to_pcie3_wrapper_i/xdma_0_axi_stream_intf_i/xdma_0_rx_demux_i/dma_cpl_fifo_inst/U0/inst_fifo_gen/gaxis_fifo.gaxisf.axisf/grf.rf/rstblk/ngwrdrst.grst.g7serrst.rd_rst_reg_reg[0]/PRE, xdma_0_i/inst/xdma_0_pcie2_to_pcie3_wrapper_i/xdma_0_axi_stream_intf_i/xdma_0_rx_demux_i/dma_cpl_fifo_inst/U0/inst_fifo_gen/gaxis_fifo.gaxisf.axisf/grf.rf/rstblk/ngwrdrst.grst.g7serrst.rd_rst_reg_reg[1]/PRE, xdma_0_i/inst/xdma_0_pcie2_to_pcie3_wrapper_i/xdma_0_axi_stream_intf_i/xdma_0_rx_demux_i/dma_cpl_fifo_inst/U0/inst_fifo_gen/gaxis_fifo.gaxisf.axisf/grf.rf/rstblk/ngwrdrst.grst.g7serrst.rd_rst_reg_reg[2]/PRE. The LUT may glitch and trigger an unexpected reset, even if it is a properly timed path.
Related violations: <none>

LUTAR-1#3 Warning
LUT drives async reset alert  
LUT cell xdma_0_i/inst/xdma_0_pcie2_to_pcie3_wrapper_i/xdma_0_axi_stream_intf_i/xdma_0_rx_demux_i/dma_cpl_fifo_inst/U0/inst_fifo_gen/gaxis_fifo.gaxisf.axisf/grf.rf/rstblk/ngwrdrst.grst.g7serrst.gwrrd_rst_sync_stage[3].wrst_inst/ngwrdrst.grst.g7serrst.wr_rst_reg[2]_i_1, with 2 or more inputs, drives asynchronous preset/clear pin(s) xdma_0_i/inst/xdma_0_pcie2_to_pcie3_wrapper_i/xdma_0_axi_stream_intf_i/xdma_0_rx_demux_i/dma_cpl_fifo_inst/U0/inst_fifo_gen/gaxis_fifo.gaxisf.axisf/grf.rf/rstblk/ngwrdrst.grst.g7serrst.wr_rst_reg_reg[0]/PRE, xdma_0_i/inst/xdma_0_pcie2_to_pcie3_wrapper_i/xdma_0_axi_stream_intf_i/xdma_0_rx_demux_i/dma_cpl_fifo_inst/U0/inst_fifo_gen/gaxis_fifo.gaxisf.axisf/grf.rf/rstblk/ngwrdrst.grst.g7serrst.wr_rst_reg_reg[1]/PRE, xdma_0_i/inst/xdma_0_pcie2_to_pcie3_wrapper_i/xdma_0_axi_stream_intf_i/xdma_0_rx_demux_i/dma_cpl_fifo_inst/U0/inst_fifo_gen/gaxis_fifo.gaxisf.axisf/grf.rf/rstblk/ngwrdrst.grst.g7serrst.wr_rst_reg_reg[2]/PRE. The LUT may glitch and trigger an unexpected reset, even if it is a properly timed path.
Related violations: <none>

LUTAR-1#4 Warning
LUT drives async reset alert  
LUT cell xdma_0_i/inst/xdma_0_pcie2_to_pcie3_wrapper_i/xdma_0_axi_stream_intf_i/xdma_0_rx_demux_i/tgt_brdg_fifo_inst/U0/inst_fifo_gen/gaxis_fifo.gaxisf.axisf/grf.rf/rstblk/ngwrdrst.grst.g7serrst.gwrrd_rst_sync_stage[2].rrst_inst/ngwrdrst.grst.g7serrst.rd_rst_reg[2]_i_1, with 2 or more inputs, drives asynchronous preset/clear pin(s) xdma_0_i/inst/xdma_0_pcie2_to_pcie3_wrapper_i/xdma_0_axi_stream_intf_i/xdma_0_rx_demux_i/tgt_brdg_fifo_inst/U0/inst_fifo_gen/gaxis_fifo.gaxisf.axisf/grf.rf/rstblk/ngwrdrst.grst.g7serrst.rd_rst_reg_reg[0]/PRE, xdma_0_i/inst/xdma_0_pcie2_to_pcie3_wrapper_i/xdma_0_axi_stream_intf_i/xdma_0_rx_demux_i/tgt_brdg_fifo_inst/U0/inst_fifo_gen/gaxis_fifo.gaxisf.axisf/grf.rf/rstblk/ngwrdrst.grst.g7serrst.rd_rst_reg_reg[1]/PRE, xdma_0_i/inst/xdma_0_pcie2_to_pcie3_wrapper_i/xdma_0_axi_stream_intf_i/xdma_0_rx_demux_i/tgt_brdg_fifo_inst/U0/inst_fifo_gen/gaxis_fifo.gaxisf.axisf/grf.rf/rstblk/ngwrdrst.grst.g7serrst.rd_rst_reg_reg[2]/PRE. The LUT may glitch and trigger an unexpected reset, even if it is a properly timed path.
Related violations: <none>

LUTAR-1#5 Warning
LUT drives async reset alert  
LUT cell xdma_0_i/inst/xdma_0_pcie2_to_pcie3_wrapper_i/xdma_0_axi_stream_intf_i/xdma_0_rx_demux_i/tgt_brdg_fifo_inst/U0/inst_fifo_gen/gaxis_fifo.gaxisf.axisf/grf.rf/rstblk/ngwrdrst.grst.g7serrst.gwrrd_rst_sync_stage[2].wrst_inst/ngwrdrst.grst.g7serrst.wr_rst_reg[2]_i_1, with 2 or more inputs, drives asynchronous preset/clear pin(s) xdma_0_i/inst/xdma_0_pcie2_to_pcie3_wrapper_i/xdma_0_axi_stream_intf_i/xdma_0_rx_demux_i/tgt_brdg_fifo_inst/U0/inst_fifo_gen/gaxis_fifo.gaxisf.axisf/grf.rf/rstblk/ngwrdrst.grst.g7serrst.wr_rst_reg_reg[0]/PRE, xdma_0_i/inst/xdma_0_pcie2_to_pcie3_wrapper_i/xdma_0_axi_stream_intf_i/xdma_0_rx_demux_i/tgt_brdg_fifo_inst/U0/inst_fifo_gen/gaxis_fifo.gaxisf.axisf/grf.rf/rstblk/ngwrdrst.grst.g7serrst.wr_rst_reg_reg[1]/PRE, xdma_0_i/inst/xdma_0_pcie2_to_pcie3_wrapper_i/xdma_0_axi_stream_intf_i/xdma_0_rx_demux_i/tgt_brdg_fifo_inst/U0/inst_fifo_gen/gaxis_fifo.gaxisf.axisf/grf.rf/rstblk/ngwrdrst.grst.g7serrst.wr_rst_reg_reg[2]/PRE. The LUT may glitch and trigger an unexpected reset, even if it is a properly timed path.
Related violations: <none>

PDRC-190#1 Warning
Suboptimally placed synchronized register chain  
The FDPE cell xdma_0_i/inst/xdma_0_pcie2_to_pcie3_wrapper_i/xdma_0_axi_stream_intf_i/xdma_0_rx_demux_i/dma_cpl_fifo_inst/U0/inst_fifo_gen/gaxis_fifo.gaxisf.axisf/grf.rf/rstblk/ngwrdrst.grst.g7serrst.rst_wr_reg2_reg in site SLICE_X175Y141 is part of a synchronized register chain that is suboptimally placed as the load FDRE cell xdma_0_i/inst/xdma_0_pcie2_to_pcie3_wrapper_i/xdma_0_axi_stream_intf_i/xdma_0_rx_demux_i/dma_cpl_fifo_inst/U0/inst_fifo_gen/gaxis_fifo.gaxisf.axisf/grf.rf/rstblk/ngwrdrst.grst.g7serrst.gsckt_wrst.garst_sync[1].arst_sync_inst/Q_reg_reg[0] is not placed in the same (SLICE) site.
Related violations: <none>

XDCB-5#1 Warning
Runtime inefficient way to find pin objects  
The option '-through : [get_pins -hierarchical -filter NAME=~*/CFGMSGRECEIVEDPMETO]' of constraint 'set_false_path' uses inefficient query to find pin objects (see constraint position '15' in the Timing Constraint window in Vivado IDE). To reduce runtime, it is recommended to get the pins through the cell objects. Please refer to Using Constraints Guide (Constraints Efficiency). An example of optimal query is: get_pins -filter {REF_PIN_NAME=~yy*} -of_objects [get_cells -hierarchical xx*].
Current XDC: c:/works/tcm-fm2/FM2-Pcie-pg195/pci-e2018.03/xdmaprj2/xdma_0_ex/xdma_0_ex.srcs/sources_1/ip/xdma_0/ip_0/source/xdma_0_pcie2_ip-PCIE_X0Y0.xdc (Line: 150)
Related violations: <none>

XDCB-5#2 Warning
Runtime inefficient way to find pin objects  
The option '-through : [get_pins -hierarchical -filter NAME=~*/CPLLLOCK]' of constraint 'set_false_path' uses inefficient query to find pin objects (see constraint position '16' in the Timing Constraint window in Vivado IDE). To reduce runtime, it is recommended to get the pins through the cell objects. Please refer to Using Constraints Guide (Constraints Efficiency). An example of optimal query is: get_pins -filter {REF_PIN_NAME=~yy*} -of_objects [get_cells -hierarchical xx*].
Current XDC: c:/works/tcm-fm2/FM2-Pcie-pg195/pci-e2018.03/xdmaprj2/xdma_0_ex/xdma_0_ex.srcs/sources_1/ip/xdma_0/ip_0/source/xdma_0_pcie2_ip-PCIE_X0Y0.xdc (Line: 151)
Related violations: <none>

XDCB-5#3 Warning
Runtime inefficient way to find pin objects  
The option '-through : [get_pins -hierarchical -filter NAME=~*/QPLLLOCK]' of constraint 'set_false_path' uses inefficient query to find pin objects (see constraint position '17' in the Timing Constraint window in Vivado IDE). To reduce runtime, it is recommended to get the pins through the cell objects. Please refer to Using Constraints Guide (Constraints Efficiency). An example of optimal query is: get_pins -filter {REF_PIN_NAME=~yy*} -of_objects [get_cells -hierarchical xx*].
Current XDC: c:/works/tcm-fm2/FM2-Pcie-pg195/pci-e2018.03/xdmaprj2/xdma_0_ex/xdma_0_ex.srcs/sources_1/ip/xdma_0/ip_0/source/xdma_0_pcie2_ip-PCIE_X0Y0.xdc (Line: 152)
Related violations: <none>

XDCB-5#4 Warning
Runtime inefficient way to find pin objects  
The option '-through : [get_pins -hierarchical -filter NAME=~*/RXCDRLOCK]' of constraint 'set_false_path' uses inefficient query to find pin objects (see constraint position '14' in the Timing Constraint window in Vivado IDE). To reduce runtime, it is recommended to get the pins through the cell objects. Please refer to Using Constraints Guide (Constraints Efficiency). An example of optimal query is: get_pins -filter {REF_PIN_NAME=~yy*} -of_objects [get_cells -hierarchical xx*].
Current XDC: c:/works/tcm-fm2/FM2-Pcie-pg195/pci-e2018.03/xdmaprj2/xdma_0_ex/xdma_0_ex.srcs/sources_1/ip/xdma_0/ip_0/source/xdma_0_pcie2_ip-PCIE_X0Y0.xdc (Line: 149)
Related violations: <none>

XDCB-5#5 Warning
Runtime inefficient way to find pin objects  
The option '-through : [get_pins -hierarchical -filter NAME=~*/RXDLYSRESETDONE]' of constraint 'set_false_path' uses inefficient query to find pin objects (see constraint position '12' in the Timing Constraint window in Vivado IDE). To reduce runtime, it is recommended to get the pins through the cell objects. Please refer to Using Constraints Guide (Constraints Efficiency). An example of optimal query is: get_pins -filter {REF_PIN_NAME=~yy*} -of_objects [get_cells -hierarchical xx*].
Current XDC: c:/works/tcm-fm2/FM2-Pcie-pg195/pci-e2018.03/xdmaprj2/xdma_0_ex/xdma_0_ex.srcs/sources_1/ip/xdma_0/ip_0/source/xdma_0_pcie2_ip-PCIE_X0Y0.xdc (Line: 147)
Related violations: <none>

XDCB-5#6 Warning
Runtime inefficient way to find pin objects  
The option '-through : [get_pins -hierarchical -filter NAME=~*/RXELECIDLE]' of constraint 'set_false_path' uses inefficient query to find pin objects (see constraint position '8' in the Timing Constraint window in Vivado IDE). To reduce runtime, it is recommended to get the pins through the cell objects. Please refer to Using Constraints Guide (Constraints Efficiency). An example of optimal query is: get_pins -filter {REF_PIN_NAME=~yy*} -of_objects [get_cells -hierarchical xx*].
Current XDC: c:/works/tcm-fm2/FM2-Pcie-pg195/pci-e2018.03/xdmaprj2/xdma_0_ex/xdma_0_ex.srcs/sources_1/ip/xdma_0/ip_0/source/xdma_0_pcie2_ip-PCIE_X0Y0.xdc (Line: 143)
Related violations: <none>

XDCB-5#7 Warning
Runtime inefficient way to find pin objects  
The option '-through : [get_pins -hierarchical -filter NAME=~*/RXPHALIGNDONE]' of constraint 'set_false_path' uses inefficient query to find pin objects (see constraint position '13' in the Timing Constraint window in Vivado IDE). To reduce runtime, it is recommended to get the pins through the cell objects. Please refer to Using Constraints Guide (Constraints Efficiency). An example of optimal query is: get_pins -filter {REF_PIN_NAME=~yy*} -of_objects [get_cells -hierarchical xx*].
Current XDC: c:/works/tcm-fm2/FM2-Pcie-pg195/pci-e2018.03/xdmaprj2/xdma_0_ex/xdma_0_ex.srcs/sources_1/ip/xdma_0/ip_0/source/xdma_0_pcie2_ip-PCIE_X0Y0.xdc (Line: 148)
Related violations: <none>

XDCB-5#8 Warning
Runtime inefficient way to find pin objects  
The option '-through : [get_pins -hierarchical -filter NAME=~*/TXDLYSRESETDONE]' of constraint 'set_false_path' uses inefficient query to find pin objects (see constraint position '11' in the Timing Constraint window in Vivado IDE). To reduce runtime, it is recommended to get the pins through the cell objects. Please refer to Using Constraints Guide (Constraints Efficiency). An example of optimal query is: get_pins -filter {REF_PIN_NAME=~yy*} -of_objects [get_cells -hierarchical xx*].
Current XDC: c:/works/tcm-fm2/FM2-Pcie-pg195/pci-e2018.03/xdmaprj2/xdma_0_ex/xdma_0_ex.srcs/sources_1/ip/xdma_0/ip_0/source/xdma_0_pcie2_ip-PCIE_X0Y0.xdc (Line: 146)
Related violations: <none>

XDCB-5#9 Warning
Runtime inefficient way to find pin objects  
The option '-through : [get_pins -hierarchical -filter NAME=~*/TXPHALIGNDONE]' of constraint 'set_false_path' uses inefficient query to find pin objects (see constraint position '10' in the Timing Constraint window in Vivado IDE). To reduce runtime, it is recommended to get the pins through the cell objects. Please refer to Using Constraints Guide (Constraints Efficiency). An example of optimal query is: get_pins -filter {REF_PIN_NAME=~yy*} -of_objects [get_cells -hierarchical xx*].
Current XDC: c:/works/tcm-fm2/FM2-Pcie-pg195/pci-e2018.03/xdmaprj2/xdma_0_ex/xdma_0_ex.srcs/sources_1/ip/xdma_0/ip_0/source/xdma_0_pcie2_ip-PCIE_X0Y0.xdc (Line: 145)
Related violations: <none>

XDCB-5#10 Warning
Runtime inefficient way to find pin objects  
The option '-through : [get_pins -hierarchical -filter NAME=~*/TXPHINITDONE]' of constraint 'set_false_path' uses inefficient query to find pin objects (see constraint position '9' in the Timing Constraint window in Vivado IDE). To reduce runtime, it is recommended to get the pins through the cell objects. Please refer to Using Constraints Guide (Constraints Efficiency). An example of optimal query is: get_pins -filter {REF_PIN_NAME=~yy*} -of_objects [get_cells -hierarchical xx*].
Current XDC: c:/works/tcm-fm2/FM2-Pcie-pg195/pci-e2018.03/xdmaprj2/xdma_0_ex/xdma_0_ex.srcs/sources_1/ip/xdma_0/ip_0/source/xdma_0_pcie2_ip-PCIE_X0Y0.xdc (Line: 144)
Related violations: <none>


