
*** Running vivado
    with args -log xilinx_dma_pcie_ep.vds -m64 -product Vivado -mode batch -messageDb vivado.pb -notrace -source xilinx_dma_pcie_ep.tcl


****** Vivado v2018.3 (64-bit)
  **** SW Build 2405991 on Thu Dec  6 23:38:27 MST 2018
  **** IP Build 2404404 on Fri Dec  7 01:43:56 MST 2018
    ** Copyright 1986-2018 Xilinx, Inc. All Rights Reserved.

source xilinx_dma_pcie_ep.tcl -notrace
WARNING: [Board 49-69] Validation failed for board file C:/Xilinx/Vivado/2018.3/data/boards/board_files/k410tFM2/1.0/board.xml:
 Pin Map file does not provide LOC constraints for PHY_TXD0COMP : xilinx.com:k410tfm2:part0:1.0

CRITICAL WARNING: [Board 49-56] Problem parsing board file - C:/Xilinx/Vivado/2018.3/data/boards/board_files/k410tFM2/1.0/board.xml
Command: synth_design -top xilinx_dma_pcie_ep -part xc7k410tffg900-2
Starting synth_design
Attempting to get a license for feature 'Synthesis' and/or device 'xc7k410t'
INFO: [Common 17-349] Got license for feature 'Synthesis' and/or device 'xc7k410t'
INFO: Launching helper process for spawning children vivado processes
INFO: Helper process launched with PID 17276 
---------------------------------------------------------------------------------
Starting RTL Elaboration : Time (s): cpu = 00:00:02 ; elapsed = 00:00:02 . Memory (MB): peak = 495.340 ; gain = 107.277
---------------------------------------------------------------------------------
INFO: [Synth 8-6157] synthesizing module 'xilinx_dma_pcie_ep' [d:/Documents/FPGA-Miner/xilinx-study/pci-e/pg195-2/xdma_0_ex/imports/xilinx_dma_pcie_ep.sv:57]
	Parameter PL_LINK_CAP_MAX_LINK_WIDTH bound to: 8 - type: integer 
	Parameter PL_SIM_FAST_LINK_TRAINING bound to: FALSE - type: string 
	Parameter PL_LINK_CAP_MAX_LINK_SPEED bound to: 2 - type: integer 
	Parameter C_DATA_WIDTH bound to: 128 - type: integer 
	Parameter EXT_PIPE_SIM bound to: FALSE - type: string 
	Parameter C_ROOT_PORT bound to: FALSE - type: string 
	Parameter C_DEVICE_NUMBER bound to: 0 - type: integer 
	Parameter AXIS_CCIX_RX_TDATA_WIDTH bound to: 256 - type: integer 
	Parameter AXIS_CCIX_TX_TDATA_WIDTH bound to: 256 - type: integer 
	Parameter AXIS_CCIX_RX_TUSER_WIDTH bound to: 46 - type: integer 
	Parameter AXIS_CCIX_TX_TUSER_WIDTH bound to: 46 - type: integer 
	Parameter USER_CLK_FREQ bound to: 4 - type: integer 
	Parameter TCQ bound to: 1 - type: integer 
	Parameter C_S_AXI_ID_WIDTH bound to: 4 - type: integer 
	Parameter C_M_AXI_ID_WIDTH bound to: 4 - type: integer 
	Parameter C_S_AXI_DATA_WIDTH bound to: 128 - type: integer 
	Parameter C_M_AXI_DATA_WIDTH bound to: 128 - type: integer 
	Parameter C_S_AXI_ADDR_WIDTH bound to: 64 - type: integer 
	Parameter C_M_AXI_ADDR_WIDTH bound to: 64 - type: integer 
	Parameter C_NUM_USR_IRQ bound to: 1 - type: integer 
INFO: [Synth 8-6157] synthesizing module 'IBUFDS_GTE2' [C:/Xilinx/Vivado/2018.3/scripts/rt/data/unisim_comp.v:20561]
	Parameter CLKCM_CFG bound to: TRUE - type: string 
	Parameter CLKRCV_TRST bound to: TRUE - type: string 
	Parameter CLKSWING_CFG bound to: 2'b11 
INFO: [Synth 8-6155] done synthesizing module 'IBUFDS_GTE2' (1#1) [C:/Xilinx/Vivado/2018.3/scripts/rt/data/unisim_comp.v:20561]
INFO: [Synth 8-6157] synthesizing module 'IBUF' [C:/Xilinx/Vivado/2018.3/scripts/rt/data/unisim_comp.v:20408]
	Parameter CAPACITANCE bound to: DONT_CARE - type: string 
	Parameter IBUF_DELAY_VALUE bound to: 0 - type: string 
	Parameter IBUF_LOW_PWR bound to: TRUE - type: string 
	Parameter IFD_DELAY_VALUE bound to: AUTO - type: string 
	Parameter IOSTANDARD bound to: DEFAULT - type: string 
INFO: [Synth 8-6155] done synthesizing module 'IBUF' (2#1) [C:/Xilinx/Vivado/2018.3/scripts/rt/data/unisim_comp.v:20408]
INFO: [Synth 8-6157] synthesizing module 'xdma_0' [d:/Documents/FPGA-Miner/xilinx-study/pci-e/pg195-2/xdma_0_ex/xdma_0_ex.runs/synth_1/.Xil/Vivado-5660-vr-2/realtime/xdma_0_stub.v:6]
INFO: [Synth 8-6155] done synthesizing module 'xdma_0' (3#1) [d:/Documents/FPGA-Miner/xilinx-study/pci-e/pg195-2/xdma_0_ex/xdma_0_ex.runs/synth_1/.Xil/Vivado-5660-vr-2/realtime/xdma_0_stub.v:6]
WARNING: [Synth 8-350] instance 'xdma_0_i' of module 'xdma_0' requires 101 connections, but only 96 given [d:/Documents/FPGA-Miner/xilinx-study/pci-e/pg195-2/xdma_0_ex/imports/xilinx_dma_pcie_ep.sv:298]
INFO: [Synth 8-6157] synthesizing module 'xdma_app' [d:/Documents/FPGA-Miner/xilinx-study/pci-e/pg195-2/xdma_0_ex/imports/xdma_app.v:57]
	Parameter TCQ bound to: 1 - type: integer 
	Parameter C_M_AXI_ID_WIDTH bound to: 4 - type: integer 
	Parameter PL_LINK_CAP_MAX_LINK_WIDTH bound to: 8 - type: integer 
	Parameter C_DATA_WIDTH bound to: 128 - type: integer 
	Parameter C_M_AXI_DATA_WIDTH bound to: 128 - type: integer 
	Parameter C_S_AXI_DATA_WIDTH bound to: 128 - type: integer 
	Parameter C_S_AXIS_DATA_WIDTH bound to: 128 - type: integer 
	Parameter C_M_AXIS_DATA_WIDTH bound to: 128 - type: integer 
	Parameter C_M_AXIS_RQ_USER_WIDTH bound to: 62 - type: integer 
	Parameter C_S_AXIS_CQP_USER_WIDTH bound to: 88 - type: integer 
	Parameter C_M_AXIS_RC_USER_WIDTH bound to: 75 - type: integer 
	Parameter C_S_AXIS_CC_USER_WIDTH bound to: 33 - type: integer 
	Parameter C_S_KEEP_WIDTH bound to: 4 - type: integer 
	Parameter C_M_KEEP_WIDTH bound to: 4 - type: integer 
	Parameter C_XDMA_NUM_CHNL bound to: 2 - type: integer 
INFO: [Synth 8-6157] synthesizing module 'blk_mem_gen_0' [d:/Documents/FPGA-Miner/xilinx-study/pci-e/pg195-2/xdma_0_ex/xdma_0_ex.runs/synth_1/.Xil/Vivado-5660-vr-2/realtime/blk_mem_gen_0_stub.v:6]
INFO: [Synth 8-6155] done synthesizing module 'blk_mem_gen_0' (4#1) [d:/Documents/FPGA-Miner/xilinx-study/pci-e/pg195-2/xdma_0_ex/xdma_0_ex.runs/synth_1/.Xil/Vivado-5660-vr-2/realtime/blk_mem_gen_0_stub.v:6]
WARNING: [Synth 8-350] instance 'blk_mem_axiLM_inst' of module 'blk_mem_gen_0' requires 21 connections, but only 19 given [d:/Documents/FPGA-Miner/xilinx-study/pci-e/pg195-2/xdma_0_ex/imports/xdma_app.v:197]
INFO: [Synth 8-6157] synthesizing module 'blk_mem_gen_1' [d:/Documents/FPGA-Miner/xilinx-study/pci-e/pg195-2/xdma_0_ex/xdma_0_ex.runs/synth_1/.Xil/Vivado-5660-vr-2/realtime/blk_mem_gen_1_stub.v:6]
INFO: [Synth 8-6155] done synthesizing module 'blk_mem_gen_1' (5#1) [d:/Documents/FPGA-Miner/xilinx-study/pci-e/pg195-2/xdma_0_ex/xdma_0_ex.runs/synth_1/.Xil/Vivado-5660-vr-2/realtime/blk_mem_gen_1_stub.v:6]
WARNING: [Synth 8-350] instance 'blk_mem_gen_bypass_inst' of module 'blk_mem_gen_1' requires 33 connections, but only 31 given [d:/Documents/FPGA-Miner/xilinx-study/pci-e/pg195-2/xdma_0_ex/imports/xdma_app.v:220]
INFO: [Synth 8-6155] done synthesizing module 'xdma_app' (6#1) [d:/Documents/FPGA-Miner/xilinx-study/pci-e/pg195-2/xdma_0_ex/imports/xdma_app.v:57]
INFO: [Synth 8-6155] done synthesizing module 'xilinx_dma_pcie_ep' (7#1) [d:/Documents/FPGA-Miner/xilinx-study/pci-e/pg195-2/xdma_0_ex/imports/xilinx_dma_pcie_ep.sv:57]
---------------------------------------------------------------------------------
Finished RTL Elaboration : Time (s): cpu = 00:00:03 ; elapsed = 00:00:03 . Memory (MB): peak = 551.738 ; gain = 163.676
---------------------------------------------------------------------------------

Report Check Netlist: 
+------+------------------+-------+---------+-------+------------------+
|      |Item              |Errors |Warnings |Status |Description       |
+------+------------------+-------+---------+-------+------------------+
|1     |multi_driven_nets |      0|        0|Passed |Multi driven nets |
+------+------------------+-------+---------+-------+------------------+
---------------------------------------------------------------------------------
Start Handling Custom Attributes
---------------------------------------------------------------------------------
---------------------------------------------------------------------------------
Finished Handling Custom Attributes : Time (s): cpu = 00:00:03 ; elapsed = 00:00:03 . Memory (MB): peak = 551.738 ; gain = 163.676
---------------------------------------------------------------------------------
---------------------------------------------------------------------------------
Finished RTL Optimization Phase 1 : Time (s): cpu = 00:00:03 ; elapsed = 00:00:03 . Memory (MB): peak = 551.738 ; gain = 163.676
---------------------------------------------------------------------------------
INFO: [Device 21-403] Loading part xc7k410tffg900-2
INFO: [Project 1-570] Preparing netlist for logic optimization

Processing XDC Constraints
Initializing timing engine
Parsing XDC File [d:/Documents/FPGA-Miner/xilinx-study/pci-e/pg195-2/xdma_0_ex/xdma_0_ex.srcs/sources_1/ip/xdma_0/xdma_0/xdma_0_in_context.xdc] for cell 'xdma_0_i'
Finished Parsing XDC File [d:/Documents/FPGA-Miner/xilinx-study/pci-e/pg195-2/xdma_0_ex/xdma_0_ex.srcs/sources_1/ip/xdma_0/xdma_0/xdma_0_in_context.xdc] for cell 'xdma_0_i'
Parsing XDC File [d:/Documents/FPGA-Miner/xilinx-study/pci-e/pg195-2/xdma_0_ex/xdma_0_ex.srcs/sources_1/ip/blk_mem_gen_1/blk_mem_gen_1/blk_mem_gen_1_in_context.xdc] for cell 'xdma_app_i/blk_mem_gen_bypass_inst'
Finished Parsing XDC File [d:/Documents/FPGA-Miner/xilinx-study/pci-e/pg195-2/xdma_0_ex/xdma_0_ex.srcs/sources_1/ip/blk_mem_gen_1/blk_mem_gen_1/blk_mem_gen_1_in_context.xdc] for cell 'xdma_app_i/blk_mem_gen_bypass_inst'
Parsing XDC File [d:/Documents/FPGA-Miner/xilinx-study/pci-e/pg195-2/xdma_0_ex/xdma_0_ex.srcs/sources_1/ip/blk_mem_gen_0/blk_mem_gen_0/blk_mem_gen_0_in_context.xdc] for cell 'xdma_app_i/blk_mem_axiLM_inst'
Finished Parsing XDC File [d:/Documents/FPGA-Miner/xilinx-study/pci-e/pg195-2/xdma_0_ex/xdma_0_ex.srcs/sources_1/ip/blk_mem_gen_0/blk_mem_gen_0/blk_mem_gen_0_in_context.xdc] for cell 'xdma_app_i/blk_mem_axiLM_inst'
Parsing XDC File [d:/Documents/FPGA-Miner/xilinx-study/pci-e/pg195-2/xdma_0_ex/xdma_0_ex.srcs/constrs_1/imports/pci-e/pg195-2/xdma_0_ex/imports/xilinx_xdma_pcie_x0y0.xdc]
Finished Parsing XDC File [d:/Documents/FPGA-Miner/xilinx-study/pci-e/pg195-2/xdma_0_ex/xdma_0_ex.srcs/constrs_1/imports/pci-e/pg195-2/xdma_0_ex/imports/xilinx_xdma_pcie_x0y0.xdc]
INFO: [Project 1-236] Implementation specific constraints were found while reading constraint file [d:/Documents/FPGA-Miner/xilinx-study/pci-e/pg195-2/xdma_0_ex/xdma_0_ex.srcs/constrs_1/imports/pci-e/pg195-2/xdma_0_ex/imports/xilinx_xdma_pcie_x0y0.xdc]. These constraints will be ignored for synthesis but will be used in implementation. Impacted constraints are listed in the file [.Xil/xilinx_dma_pcie_ep_propImpl.xdc].
Resolution: To avoid this warning, move constraints listed in [.Xil/xilinx_dma_pcie_ep_propImpl.xdc] to another XDC file and exclude this new file from synthesis with the used_in_synthesis property (File Properties dialog in GUI) and re-run elaboration/synthesis.
Parsing XDC File [d:/Documents/FPGA-Miner/xilinx-study/pci-e/pg195-2/xdma_0_ex/xdma_0_ex.srcs/constrs_1/imports/pci-e/FMx-PG195-PCIe-DMA/xdma_0_ex.srcs/constrs_1/new/k410tFM2Constraints.xdc]
WARNING: [Vivado 12-584] No ports matched 'bd_sys_clk_p'. [d:/Documents/FPGA-Miner/xilinx-study/pci-e/pg195-2/xdma_0_ex/xdma_0_ex.srcs/constrs_1/imports/pci-e/FMx-PG195-PCIe-DMA/xdma_0_ex.srcs/constrs_1/new/k410tFM2Constraints.xdc:19]
WARNING: [Vivado 12-584] No ports matched 'bd_sys_clk_n'. [d:/Documents/FPGA-Miner/xilinx-study/pci-e/pg195-2/xdma_0_ex/xdma_0_ex.srcs/constrs_1/imports/pci-e/FMx-PG195-PCIe-DMA/xdma_0_ex.srcs/constrs_1/new/k410tFM2Constraints.xdc:20]
WARNING: [Vivado 12-584] No ports matched 'bd_sys_clk_p'. [d:/Documents/FPGA-Miner/xilinx-study/pci-e/pg195-2/xdma_0_ex/xdma_0_ex.srcs/constrs_1/imports/pci-e/FMx-PG195-PCIe-DMA/xdma_0_ex.srcs/constrs_1/new/k410tFM2Constraints.xdc:21]
WARNING: [Vivado 12-584] No ports matched 'bd_sys_clk_n'. [d:/Documents/FPGA-Miner/xilinx-study/pci-e/pg195-2/xdma_0_ex/xdma_0_ex.srcs/constrs_1/imports/pci-e/FMx-PG195-PCIe-DMA/xdma_0_ex.srcs/constrs_1/new/k410tFM2Constraints.xdc:22]
WARNING: [Vivado 12-584] No ports matched 'RxD'. [d:/Documents/FPGA-Miner/xilinx-study/pci-e/pg195-2/xdma_0_ex/xdma_0_ex.srcs/constrs_1/imports/pci-e/FMx-PG195-PCIe-DMA/xdma_0_ex.srcs/constrs_1/new/k410tFM2Constraints.xdc:35]
WARNING: [Vivado 12-584] No ports matched 'TxD'. [d:/Documents/FPGA-Miner/xilinx-study/pci-e/pg195-2/xdma_0_ex/xdma_0_ex.srcs/constrs_1/imports/pci-e/FMx-PG195-PCIe-DMA/xdma_0_ex.srcs/constrs_1/new/k410tFM2Constraints.xdc:36]
WARNING: [Vivado 12-584] No ports matched 'USB_RTS'. [d:/Documents/FPGA-Miner/xilinx-study/pci-e/pg195-2/xdma_0_ex/xdma_0_ex.srcs/constrs_1/imports/pci-e/FMx-PG195-PCIe-DMA/xdma_0_ex.srcs/constrs_1/new/k410tFM2Constraints.xdc:37]
WARNING: [Vivado 12-584] No ports matched 'USB_CTS'. [d:/Documents/FPGA-Miner/xilinx-study/pci-e/pg195-2/xdma_0_ex/xdma_0_ex.srcs/constrs_1/imports/pci-e/FMx-PG195-PCIe-DMA/xdma_0_ex.srcs/constrs_1/new/k410tFM2Constraints.xdc:38]
WARNING: [Vivado 12-584] No ports matched 'RxD'. [d:/Documents/FPGA-Miner/xilinx-study/pci-e/pg195-2/xdma_0_ex/xdma_0_ex.srcs/constrs_1/imports/pci-e/FMx-PG195-PCIe-DMA/xdma_0_ex.srcs/constrs_1/new/k410tFM2Constraints.xdc:39]
WARNING: [Vivado 12-584] No ports matched 'TxD'. [d:/Documents/FPGA-Miner/xilinx-study/pci-e/pg195-2/xdma_0_ex/xdma_0_ex.srcs/constrs_1/imports/pci-e/FMx-PG195-PCIe-DMA/xdma_0_ex.srcs/constrs_1/new/k410tFM2Constraints.xdc:40]
WARNING: [Vivado 12-584] No ports matched 'USB_RTS'. [d:/Documents/FPGA-Miner/xilinx-study/pci-e/pg195-2/xdma_0_ex/xdma_0_ex.srcs/constrs_1/imports/pci-e/FMx-PG195-PCIe-DMA/xdma_0_ex.srcs/constrs_1/new/k410tFM2Constraints.xdc:41]
WARNING: [Vivado 12-584] No ports matched 'USB_CTS'. [d:/Documents/FPGA-Miner/xilinx-study/pci-e/pg195-2/xdma_0_ex/xdma_0_ex.srcs/constrs_1/imports/pci-e/FMx-PG195-PCIe-DMA/xdma_0_ex.srcs/constrs_1/new/k410tFM2Constraints.xdc:42]
Finished Parsing XDC File [d:/Documents/FPGA-Miner/xilinx-study/pci-e/pg195-2/xdma_0_ex/xdma_0_ex.srcs/constrs_1/imports/pci-e/FMx-PG195-PCIe-DMA/xdma_0_ex.srcs/constrs_1/new/k410tFM2Constraints.xdc]
WARNING: [Project 1-498] One or more constraints failed evaluation while reading constraint file [d:/Documents/FPGA-Miner/xilinx-study/pci-e/pg195-2/xdma_0_ex/xdma_0_ex.srcs/constrs_1/imports/pci-e/FMx-PG195-PCIe-DMA/xdma_0_ex.srcs/constrs_1/new/k410tFM2Constraints.xdc] and the design contains unresolved black boxes. These constraints will be read post-synthesis (as long as their source constraint file is marked as used_in_implementation) and should be applied correctly then. You should review the constraints listed in the file [.Xil/xilinx_dma_pcie_ep_propImpl.xdc] and check the run log file to verify that these constraints were correctly applied.
INFO: [Project 1-236] Implementation specific constraints were found while reading constraint file [d:/Documents/FPGA-Miner/xilinx-study/pci-e/pg195-2/xdma_0_ex/xdma_0_ex.srcs/constrs_1/imports/pci-e/FMx-PG195-PCIe-DMA/xdma_0_ex.srcs/constrs_1/new/k410tFM2Constraints.xdc]. These constraints will be ignored for synthesis but will be used in implementation. Impacted constraints are listed in the file [.Xil/xilinx_dma_pcie_ep_propImpl.xdc].
Resolution: To avoid this warning, move constraints listed in [.Xil/xilinx_dma_pcie_ep_propImpl.xdc] to another XDC file and exclude this new file from synthesis with the used_in_synthesis property (File Properties dialog in GUI) and re-run elaboration/synthesis.
Parsing XDC File [d:/Documents/FPGA-Miner/xilinx-study/pci-e/pg195-2/xdma_0_ex/xdma_0_ex.runs/synth_1/dont_touch.xdc]
Finished Parsing XDC File [d:/Documents/FPGA-Miner/xilinx-study/pci-e/pg195-2/xdma_0_ex/xdma_0_ex.runs/synth_1/dont_touch.xdc]
Netlist sorting complete. Time (s): cpu = 00:00:00 ; elapsed = 00:00:00 . Memory (MB): peak = 908.250 ; gain = 0.000
Completed Processing XDC Constraints

Netlist sorting complete. Time (s): cpu = 00:00:00 ; elapsed = 00:00:00 . Memory (MB): peak = 908.250 ; gain = 0.000
INFO: [Project 1-111] Unisim Transformation Summary:
No Unisim elements were transformed.

Netlist sorting complete. Time (s): cpu = 00:00:00 ; elapsed = 00:00:00 . Memory (MB): peak = 908.250 ; gain = 0.000
Constraint Validation Runtime : Time (s): cpu = 00:00:00 ; elapsed = 00:00:00.009 . Memory (MB): peak = 908.250 ; gain = 0.000
WARNING: [Timing 38-316] Clock period '20.000' specified during out-of-context synthesis of instance 'xdma_app_i/blk_mem_axiLM_inst' at clock pin 's_aclk' is different from the actual clock period '4.000', this can lead to different synthesis results.
WARNING: [Timing 38-316] Clock period '20.000' specified during out-of-context synthesis of instance 'xdma_app_i/blk_mem_gen_bypass_inst' at clock pin 's_aclk' is different from the actual clock period '4.000', this can lead to different synthesis results.
---------------------------------------------------------------------------------
Finished Constraint Validation : Time (s): cpu = 00:00:10 ; elapsed = 00:00:11 . Memory (MB): peak = 908.250 ; gain = 520.188
---------------------------------------------------------------------------------
---------------------------------------------------------------------------------
Start Loading Part and Timing Information
---------------------------------------------------------------------------------
Loading part: xc7k410tffg900-2
---------------------------------------------------------------------------------
Finished Loading Part and Timing Information : Time (s): cpu = 00:00:10 ; elapsed = 00:00:11 . Memory (MB): peak = 908.250 ; gain = 520.188
---------------------------------------------------------------------------------
---------------------------------------------------------------------------------
Start Applying 'set_property' XDC Constraints
---------------------------------------------------------------------------------
Applied set_property DONT_TOUCH = true for xdma_0_i. (constraint file  auto generated constraint, line ).
Applied set_property DONT_TOUCH = true for xdma_app_i/blk_mem_gen_bypass_inst. (constraint file  auto generated constraint, line ).
Applied set_property DONT_TOUCH = true for xdma_app_i/blk_mem_axiLM_inst. (constraint file  auto generated constraint, line ).
---------------------------------------------------------------------------------
Finished applying 'set_property' XDC Constraints : Time (s): cpu = 00:00:10 ; elapsed = 00:00:11 . Memory (MB): peak = 908.250 ; gain = 520.188
---------------------------------------------------------------------------------
---------------------------------------------------------------------------------
Finished RTL Optimization Phase 2 : Time (s): cpu = 00:00:10 ; elapsed = 00:00:11 . Memory (MB): peak = 908.250 ; gain = 520.188
---------------------------------------------------------------------------------

Report RTL Partitions: 
+-+--------------+------------+----------+
| |RTL Partition |Replication |Instances |
+-+--------------+------------+----------+
+-+--------------+------------+----------+
---------------------------------------------------------------------------------
Start RTL Component Statistics 
---------------------------------------------------------------------------------
Detailed RTL Component Info : 
---------------------------------------------------------------------------------
Finished RTL Component Statistics 
---------------------------------------------------------------------------------
---------------------------------------------------------------------------------
Start RTL Hierarchical Component Statistics 
---------------------------------------------------------------------------------
Hierarchical RTL Component report 
---------------------------------------------------------------------------------
Finished RTL Hierarchical Component Statistics
---------------------------------------------------------------------------------
---------------------------------------------------------------------------------
Start Part Resource Summary
---------------------------------------------------------------------------------
Part Resources:
DSPs: 1540 (col length:140)
BRAMs: 1590 (col length: RAMB18 140 RAMB36 70)
---------------------------------------------------------------------------------
Finished Part Resource Summary
---------------------------------------------------------------------------------
---------------------------------------------------------------------------------
Start Cross Boundary and Area Optimization
---------------------------------------------------------------------------------
Warning: Parallel synthesis criteria is not met 
---------------------------------------------------------------------------------
Finished Cross Boundary and Area Optimization : Time (s): cpu = 00:00:11 ; elapsed = 00:00:12 . Memory (MB): peak = 908.250 ; gain = 520.188
---------------------------------------------------------------------------------

Report RTL Partitions: 
+-+--------------+------------+----------+
| |RTL Partition |Replication |Instances |
+-+--------------+------------+----------+
+-+--------------+------------+----------+
---------------------------------------------------------------------------------
Start Applying XDC Timing Constraints
---------------------------------------------------------------------------------
INFO: [Synth 8-5578] Moved timing constraint from pin 'xdma_0_i/axi_aclk' to pin 'xdma_0_i/bbstub_axi_aclk/O'
INFO: [Synth 8-5819] Moved 1 constraints on hierarchical pins to their respective driving/loading pins
---------------------------------------------------------------------------------
Finished Applying XDC Timing Constraints : Time (s): cpu = 00:00:17 ; elapsed = 00:00:18 . Memory (MB): peak = 933.379 ; gain = 545.316
---------------------------------------------------------------------------------
---------------------------------------------------------------------------------
Start Timing Optimization
---------------------------------------------------------------------------------
---------------------------------------------------------------------------------
Finished Timing Optimization : Time (s): cpu = 00:00:17 ; elapsed = 00:00:18 . Memory (MB): peak = 933.379 ; gain = 545.316
---------------------------------------------------------------------------------

Report RTL Partitions: 
+-+--------------+------------+----------+
| |RTL Partition |Replication |Instances |
+-+--------------+------------+----------+
+-+--------------+------------+----------+
---------------------------------------------------------------------------------
Start Technology Mapping
---------------------------------------------------------------------------------
---------------------------------------------------------------------------------
Finished Technology Mapping : Time (s): cpu = 00:00:17 ; elapsed = 00:00:18 . Memory (MB): peak = 943.359 ; gain = 555.297
---------------------------------------------------------------------------------

Report RTL Partitions: 
+-+--------------+------------+----------+
| |RTL Partition |Replication |Instances |
+-+--------------+------------+----------+
+-+--------------+------------+----------+
---------------------------------------------------------------------------------
Start IO Insertion
---------------------------------------------------------------------------------
---------------------------------------------------------------------------------
Start Flattening Before IO Insertion
---------------------------------------------------------------------------------
---------------------------------------------------------------------------------
Finished Flattening Before IO Insertion
---------------------------------------------------------------------------------
---------------------------------------------------------------------------------
Start Final Netlist Cleanup
---------------------------------------------------------------------------------
---------------------------------------------------------------------------------
Finished Final Netlist Cleanup
---------------------------------------------------------------------------------
CRITICAL WARNING: [Synth 8-4442] BlackBox module xdma_0_i has unconnected pin cfg_subsys_vend_id[15]
CRITICAL WARNING: [Synth 8-4442] BlackBox module xdma_0_i has unconnected pin cfg_subsys_vend_id[14]
CRITICAL WARNING: [Synth 8-4442] BlackBox module xdma_0_i has unconnected pin cfg_subsys_vend_id[13]
CRITICAL WARNING: [Synth 8-4442] BlackBox module xdma_0_i has unconnected pin cfg_subsys_vend_id[12]
CRITICAL WARNING: [Synth 8-4442] BlackBox module xdma_0_i has unconnected pin cfg_subsys_vend_id[11]
CRITICAL WARNING: [Synth 8-4442] BlackBox module xdma_0_i has unconnected pin cfg_subsys_vend_id[10]
CRITICAL WARNING: [Synth 8-4442] BlackBox module xdma_0_i has unconnected pin cfg_subsys_vend_id[9]
CRITICAL WARNING: [Synth 8-4442] BlackBox module xdma_0_i has unconnected pin cfg_subsys_vend_id[8]
CRITICAL WARNING: [Synth 8-4442] BlackBox module xdma_0_i has unconnected pin cfg_subsys_vend_id[7]
CRITICAL WARNING: [Synth 8-4442] BlackBox module xdma_0_i has unconnected pin cfg_subsys_vend_id[6]
CRITICAL WARNING: [Synth 8-4442] BlackBox module xdma_0_i has unconnected pin cfg_subsys_vend_id[5]
CRITICAL WARNING: [Synth 8-4442] BlackBox module xdma_0_i has unconnected pin cfg_subsys_vend_id[4]
CRITICAL WARNING: [Synth 8-4442] BlackBox module xdma_0_i has unconnected pin cfg_subsys_vend_id[3]
CRITICAL WARNING: [Synth 8-4442] BlackBox module xdma_0_i has unconnected pin cfg_subsys_vend_id[2]
CRITICAL WARNING: [Synth 8-4442] BlackBox module xdma_0_i has unconnected pin cfg_subsys_vend_id[1]
CRITICAL WARNING: [Synth 8-4442] BlackBox module xdma_0_i has unconnected pin cfg_subsys_vend_id[0]
CRITICAL WARNING: [Synth 8-4442] BlackBox module xdma_0_i has unconnected pin cfg_vend_id[15]
CRITICAL WARNING: [Synth 8-4442] BlackBox module xdma_0_i has unconnected pin cfg_vend_id[14]
CRITICAL WARNING: [Synth 8-4442] BlackBox module xdma_0_i has unconnected pin cfg_vend_id[13]
CRITICAL WARNING: [Synth 8-4442] BlackBox module xdma_0_i has unconnected pin cfg_vend_id[12]
CRITICAL WARNING: [Synth 8-4442] BlackBox module xdma_0_i has unconnected pin cfg_vend_id[11]
CRITICAL WARNING: [Synth 8-4442] BlackBox module xdma_0_i has unconnected pin cfg_vend_id[10]
CRITICAL WARNING: [Synth 8-4442] BlackBox module xdma_0_i has unconnected pin cfg_vend_id[9]
CRITICAL WARNING: [Synth 8-4442] BlackBox module xdma_0_i has unconnected pin cfg_vend_id[8]
CRITICAL WARNING: [Synth 8-4442] BlackBox module xdma_0_i has unconnected pin cfg_vend_id[7]
CRITICAL WARNING: [Synth 8-4442] BlackBox module xdma_0_i has unconnected pin cfg_vend_id[6]
CRITICAL WARNING: [Synth 8-4442] BlackBox module xdma_0_i has unconnected pin cfg_vend_id[5]
CRITICAL WARNING: [Synth 8-4442] BlackBox module xdma_0_i has unconnected pin cfg_vend_id[4]
CRITICAL WARNING: [Synth 8-4442] BlackBox module xdma_0_i has unconnected pin cfg_vend_id[3]
CRITICAL WARNING: [Synth 8-4442] BlackBox module xdma_0_i has unconnected pin cfg_vend_id[2]
CRITICAL WARNING: [Synth 8-4442] BlackBox module xdma_0_i has unconnected pin cfg_vend_id[1]
CRITICAL WARNING: [Synth 8-4442] BlackBox module xdma_0_i has unconnected pin cfg_vend_id[0]
CRITICAL WARNING: [Synth 8-4442] BlackBox module xdma_0_i has unconnected pin cfg_dev_id_pf0[15]
CRITICAL WARNING: [Synth 8-4442] BlackBox module xdma_0_i has unconnected pin cfg_dev_id_pf0[14]
CRITICAL WARNING: [Synth 8-4442] BlackBox module xdma_0_i has unconnected pin cfg_dev_id_pf0[13]
CRITICAL WARNING: [Synth 8-4442] BlackBox module xdma_0_i has unconnected pin cfg_dev_id_pf0[12]
CRITICAL WARNING: [Synth 8-4442] BlackBox module xdma_0_i has unconnected pin cfg_dev_id_pf0[11]
CRITICAL WARNING: [Synth 8-4442] BlackBox module xdma_0_i has unconnected pin cfg_dev_id_pf0[10]
CRITICAL WARNING: [Synth 8-4442] BlackBox module xdma_0_i has unconnected pin cfg_dev_id_pf0[9]
CRITICAL WARNING: [Synth 8-4442] BlackBox module xdma_0_i has unconnected pin cfg_dev_id_pf0[8]
CRITICAL WARNING: [Synth 8-4442] BlackBox module xdma_0_i has unconnected pin cfg_dev_id_pf0[7]
CRITICAL WARNING: [Synth 8-4442] BlackBox module xdma_0_i has unconnected pin cfg_dev_id_pf0[6]
CRITICAL WARNING: [Synth 8-4442] BlackBox module xdma_0_i has unconnected pin cfg_dev_id_pf0[5]
CRITICAL WARNING: [Synth 8-4442] BlackBox module xdma_0_i has unconnected pin cfg_dev_id_pf0[4]
CRITICAL WARNING: [Synth 8-4442] BlackBox module xdma_0_i has unconnected pin cfg_dev_id_pf0[3]
CRITICAL WARNING: [Synth 8-4442] BlackBox module xdma_0_i has unconnected pin cfg_dev_id_pf0[2]
CRITICAL WARNING: [Synth 8-4442] BlackBox module xdma_0_i has unconnected pin cfg_dev_id_pf0[1]
CRITICAL WARNING: [Synth 8-4442] BlackBox module xdma_0_i has unconnected pin cfg_dev_id_pf0[0]
CRITICAL WARNING: [Synth 8-4442] BlackBox module xdma_0_i has unconnected pin cfg_rev_id_pf0[7]
CRITICAL WARNING: [Synth 8-4442] BlackBox module xdma_0_i has unconnected pin cfg_rev_id_pf0[6]
CRITICAL WARNING: [Synth 8-4442] BlackBox module xdma_0_i has unconnected pin cfg_rev_id_pf0[5]
CRITICAL WARNING: [Synth 8-4442] BlackBox module xdma_0_i has unconnected pin cfg_rev_id_pf0[4]
CRITICAL WARNING: [Synth 8-4442] BlackBox module xdma_0_i has unconnected pin cfg_rev_id_pf0[3]
CRITICAL WARNING: [Synth 8-4442] BlackBox module xdma_0_i has unconnected pin cfg_rev_id_pf0[2]
CRITICAL WARNING: [Synth 8-4442] BlackBox module xdma_0_i has unconnected pin cfg_rev_id_pf0[1]
CRITICAL WARNING: [Synth 8-4442] BlackBox module xdma_0_i has unconnected pin cfg_rev_id_pf0[0]
CRITICAL WARNING: [Synth 8-4442] BlackBox module xdma_0_i has unconnected pin cfg_subsys_id_pf0[15]
CRITICAL WARNING: [Synth 8-4442] BlackBox module xdma_0_i has unconnected pin cfg_subsys_id_pf0[14]
CRITICAL WARNING: [Synth 8-4442] BlackBox module xdma_0_i has unconnected pin cfg_subsys_id_pf0[13]
CRITICAL WARNING: [Synth 8-4442] BlackBox module xdma_0_i has unconnected pin cfg_subsys_id_pf0[12]
CRITICAL WARNING: [Synth 8-4442] BlackBox module xdma_0_i has unconnected pin cfg_subsys_id_pf0[11]
CRITICAL WARNING: [Synth 8-4442] BlackBox module xdma_0_i has unconnected pin cfg_subsys_id_pf0[10]
CRITICAL WARNING: [Synth 8-4442] BlackBox module xdma_0_i has unconnected pin cfg_subsys_id_pf0[9]
CRITICAL WARNING: [Synth 8-4442] BlackBox module xdma_0_i has unconnected pin cfg_subsys_id_pf0[8]
CRITICAL WARNING: [Synth 8-4442] BlackBox module xdma_0_i has unconnected pin cfg_subsys_id_pf0[7]
CRITICAL WARNING: [Synth 8-4442] BlackBox module xdma_0_i has unconnected pin cfg_subsys_id_pf0[6]
CRITICAL WARNING: [Synth 8-4442] BlackBox module xdma_0_i has unconnected pin cfg_subsys_id_pf0[5]
CRITICAL WARNING: [Synth 8-4442] BlackBox module xdma_0_i has unconnected pin cfg_subsys_id_pf0[4]
CRITICAL WARNING: [Synth 8-4442] BlackBox module xdma_0_i has unconnected pin cfg_subsys_id_pf0[3]
CRITICAL WARNING: [Synth 8-4442] BlackBox module xdma_0_i has unconnected pin cfg_subsys_id_pf0[2]
CRITICAL WARNING: [Synth 8-4442] BlackBox module xdma_0_i has unconnected pin cfg_subsys_id_pf0[1]
CRITICAL WARNING: [Synth 8-4442] BlackBox module xdma_0_i has unconnected pin cfg_subsys_id_pf0[0]
---------------------------------------------------------------------------------
Finished IO Insertion : Time (s): cpu = 00:00:18 ; elapsed = 00:00:19 . Memory (MB): peak = 943.359 ; gain = 555.297
---------------------------------------------------------------------------------

Report Check Netlist: 
+------+------------------+-------+---------+-------+------------------+
|      |Item              |Errors |Warnings |Status |Description       |
+------+------------------+-------+---------+-------+------------------+
|1     |multi_driven_nets |      0|        0|Passed |Multi driven nets |
+------+------------------+-------+---------+-------+------------------+
---------------------------------------------------------------------------------
Start Renaming Generated Instances
---------------------------------------------------------------------------------
---------------------------------------------------------------------------------
Finished Renaming Generated Instances : Time (s): cpu = 00:00:18 ; elapsed = 00:00:19 . Memory (MB): peak = 943.359 ; gain = 555.297
---------------------------------------------------------------------------------

Report RTL Partitions: 
+-+--------------+------------+----------+
| |RTL Partition |Replication |Instances |
+-+--------------+------------+----------+
+-+--------------+------------+----------+
---------------------------------------------------------------------------------
Start Rebuilding User Hierarchy
---------------------------------------------------------------------------------
---------------------------------------------------------------------------------
Finished Rebuilding User Hierarchy : Time (s): cpu = 00:00:18 ; elapsed = 00:00:19 . Memory (MB): peak = 943.359 ; gain = 555.297
---------------------------------------------------------------------------------
---------------------------------------------------------------------------------
Start Renaming Generated Ports
---------------------------------------------------------------------------------
---------------------------------------------------------------------------------
Finished Renaming Generated Ports : Time (s): cpu = 00:00:18 ; elapsed = 00:00:19 . Memory (MB): peak = 943.359 ; gain = 555.297
---------------------------------------------------------------------------------
---------------------------------------------------------------------------------
Start Handling Custom Attributes
---------------------------------------------------------------------------------
---------------------------------------------------------------------------------
Finished Handling Custom Attributes : Time (s): cpu = 00:00:18 ; elapsed = 00:00:19 . Memory (MB): peak = 943.359 ; gain = 555.297
---------------------------------------------------------------------------------
---------------------------------------------------------------------------------
Start Renaming Generated Nets
---------------------------------------------------------------------------------
---------------------------------------------------------------------------------
Finished Renaming Generated Nets : Time (s): cpu = 00:00:18 ; elapsed = 00:00:19 . Memory (MB): peak = 943.359 ; gain = 555.297
---------------------------------------------------------------------------------
---------------------------------------------------------------------------------
Start Writing Synthesis Report
---------------------------------------------------------------------------------

Report BlackBoxes: 
+------+--------------+----------+
|      |BlackBox name |Instances |
+------+--------------+----------+
|1     |xdma_0        |         1|
|2     |blk_mem_gen_0 |         1|
|3     |blk_mem_gen_1 |         1|
+------+--------------+----------+

Report Cell Usage: 
+------+--------------+------+
|      |Cell          |Count |
+------+--------------+------+
|1     |blk_mem_gen_0 |     1|
|2     |blk_mem_gen_1 |     1|
|3     |xdma_0        |     1|
|4     |IBUFDS_GTE2   |     1|
|5     |IBUF          |    19|
|6     |OBUF          |    16|
+------+--------------+------+

Report Instance Areas: 
+------+-------------+---------+------+
|      |Instance     |Module   |Cells |
+------+-------------+---------+------+
|1     |top          |         |  1018|
|2     |  xdma_app_i |xdma_app |   191|
+------+-------------+---------+------+
---------------------------------------------------------------------------------
Finished Writing Synthesis Report : Time (s): cpu = 00:00:18 ; elapsed = 00:00:19 . Memory (MB): peak = 943.359 ; gain = 555.297
---------------------------------------------------------------------------------
Synthesis finished with 0 errors, 72 critical warnings and 0 warnings.
Synthesis Optimization Runtime : Time (s): cpu = 00:00:10 ; elapsed = 00:00:14 . Memory (MB): peak = 943.359 ; gain = 198.785
Synthesis Optimization Complete : Time (s): cpu = 00:00:18 ; elapsed = 00:00:19 . Memory (MB): peak = 943.359 ; gain = 555.297
INFO: [Project 1-571] Translating synthesized netlist
INFO: [Project 1-570] Preparing netlist for logic optimization
INFO: [Opt 31-138] Pushed 0 inverter(s) to 0 load pin(s).
Netlist sorting complete. Time (s): cpu = 00:00:00 ; elapsed = 00:00:00 . Memory (MB): peak = 967.945 ; gain = 0.000
INFO: [Project 1-111] Unisim Transformation Summary:
No Unisim elements were transformed.

INFO: [Common 17-83] Releasing license: Synthesis
27 Infos, 19 Warnings, 73 Critical Warnings and 0 Errors encountered.
synth_design completed successfully
synth_design: Time (s): cpu = 00:00:21 ; elapsed = 00:00:23 . Memory (MB): peak = 968.020 ; gain = 586.883
Netlist sorting complete. Time (s): cpu = 00:00:00 ; elapsed = 00:00:00 . Memory (MB): peak = 968.020 ; gain = 0.000
WARNING: [Constraints 18-5210] No constraints selected for write.
Resolution: This message can indicate that there are no constraints for the design, or it can indicate that the used_in flags are set such that the constraints are ignored. This later case is used when running synth_design to not write synthesis constraints to the resulting checkpoint. Instead, project constraints are read when the synthesized design is opened.
INFO: [Common 17-1381] The checkpoint 'd:/Documents/FPGA-Miner/xilinx-study/pci-e/pg195-2/xdma_0_ex/xdma_0_ex.runs/synth_1/xilinx_dma_pcie_ep.dcp' has been generated.
INFO: [runtcl-4] Executing : report_utilization -file xilinx_dma_pcie_ep_utilization_synth.rpt -pb xilinx_dma_pcie_ep_utilization_synth.pb
INFO: [Common 17-206] Exiting Vivado at Wed Mar  6 21:34:13 2019...
